<?xml version="1.0" encoding="UTF-8"?>
<!-- Generated by org.testng.reporters.JUnitXMLReporter -->
<testsuite ignored="0" hostname="YASH" failures="2" tests="3" name="Default test" time="16.154" errors="0" timestamp="2024-05-31T10:47:41 IST">
  <testcase classname="com.crm.listernersCode.ExtentReportWithScreenShot" name="dwsLoginWrong" time="8.061">
    <failure type="java.lang.StackOverflowError">
      <![CDATA[java.lang.StackOverflowError
at com.crm.pom.DwsLoginPage.login_button(DwsLoginPage.java:30)
at com.crm.pom.DwsLoginPage.login_button(DwsLoginPage.java:30)
at com.crm.pom.DwsLoginPage.login_button(DwsLoginPage.java:30)
at com.crm.pom.DwsLoginPage.login_button(DwsLoginPage.java:30)
at com.crm.pom.DwsLoginPage.login_button(DwsLoginPage.java:30)
at com.crm.pom.DwsLoginPage.login_button(DwsLoginPage.java:30)
at com.crm.pom.DwsLoginPage.login_button(DwsLoginPage.java:30)
at com.crm.pom.DwsLoginPage.login_button(DwsLoginPage.java:30)
at com.crm.pom.DwsLoginPage.login_button(DwsLoginPage.java:30)
at com.crm.pom.DwsLoginPage.login_button(DwsLoginPage.java:30)
at com.crm.pom.DwsLoginPage.login_button(DwsLoginPage.java:30)
at com.crm.pom.DwsLoginPage.login_button(DwsLoginPage.java:30)
at com.crm.pom.DwsLoginPage.login_button(DwsLoginPage.java:30)
at com.crm.pom.DwsLoginPage.login_button(DwsLoginPage.java:30)
at com.crm.pom.DwsLoginPage.login_button(DwsLoginPage.java:30)
at com.crm.pom.DwsLoginPage.login_button(DwsLoginPage.java:30)
at com.crm.pom.DwsLoginPage.login_button(DwsLoginPage.java:30)
at com.crm.pom.DwsLoginPage.login_button(DwsLoginPage.java:30)
at com.crm.pom.DwsLoginPage.login_button(DwsLoginPage.java:30)
at com.crm.pom.DwsLoginPage.login_button(DwsLoginPage.java:30)
at com.crm.pom.DwsLoginPage.login_button(DwsLoginPage.java:30)
at com.crm.pom.DwsLoginPage.login_button(DwsLoginPage.java:30)
at com.crm.pom.DwsLoginPage.login_button(DwsLoginPage.java:30)
at com.crm.pom.DwsLoginPage.login_button(DwsLoginPage.java:30)
at com.crm.pom.DwsLoginPage.login_button(DwsLoginPage.java:30)
at com.crm.pom.DwsLoginPage.login_button(DwsLoginPage.java:30)
at com.crm.pom.DwsLoginPage.login_button(DwsLoginPage.java:30)
at com.crm.pom.DwsLoginPage.login_button(DwsLoginPage.java:30)
at com.crm.pom.DwsLoginPage.login_button(DwsLoginPage.java:30)
at com.crm.pom.DwsLoginPage.login_button(DwsLoginPage.java:30)
at com.crm.pom.DwsLoginPage.login_button(DwsLoginPage.java:30)
at com.crm.pom.DwsLoginPage.login_button(DwsLoginPage.java:30)
at com.crm.pom.DwsLoginPage.login_button(DwsLoginPage.java:30)
at com.crm.pom.DwsLoginPage.login_button(DwsLoginPage.java:30)
at com.crm.pom.DwsLoginPage.login_button(DwsLoginPage.java:30)
at com.crm.pom.DwsLoginPage.login_button(DwsLoginPage.java:30)
at com.crm.pom.DwsLoginPage.login_button(DwsLoginPage.java:30)
at com.crm.pom.DwsLoginPage.login_button(DwsLoginPage.java:30)
at com.crm.pom.DwsLoginPage.login_button(DwsLoginPage.java:30)
at com.crm.pom.DwsLoginPage.login_button(DwsLoginPage.java:30)
at com.crm.pom.DwsLoginPage.login_button(DwsLoginPage.java:30)
at com.crm.pom.DwsLoginPage.login_button(DwsLoginPage.java:30)
at com.crm.pom.DwsLoginPage.login_button(DwsLoginPage.java:30)
at com.crm.pom.DwsLoginPage.login_button(DwsLoginPage.java:30)
at com.crm.pom.DwsLoginPage.login_button(DwsLoginPage.java:30)
at com.crm.pom.DwsLoginPage.login_button(DwsLoginPage.java:30)
at com.crm.pom.DwsLoginPage.login_button(DwsLoginPage.java:30)
at com.crm.pom.DwsLoginPage.login_button(DwsLoginPage.java:30)
at com.crm.pom.DwsLoginPage.login_button(DwsLoginPage.java:30)
at com.crm.pom.DwsLoginPage.login_button(DwsLoginPage.java:30)
at com.crm.pom.DwsLoginPage.login_button(DwsLoginPage.java:30)
at com.crm.pom.DwsLoginPage.login_button(DwsLoginPage.java:30)
at com.crm.pom.DwsLoginPage.login_button(DwsLoginPage.java:30)
at com.crm.pom.DwsLoginPage.login_button(DwsLoginPage.java:30)
at com.crm.pom.DwsLoginPage.login_button(DwsLoginPage.java:30)
at com.crm.pom.DwsLoginPage.login_button(DwsLoginPage.java:30)
at com.crm.pom.DwsLoginPage.login_button(DwsLoginPage.java:30)
at com.crm.pom.DwsLoginPage.login_button(DwsLoginPage.java:30)
at com.crm.pom.DwsLoginPage.login_button(DwsLoginPage.java:30)
at com.crm.pom.DwsLoginPage.login_button(DwsLoginPage.java:30)
at com.crm.pom.DwsLoginPage.login_button(DwsLoginPage.java:30)
at com.crm.pom.DwsLoginPage.login_button(DwsLoginPage.java:30)
at com.crm.pom.DwsLoginPage.login_button(DwsLoginPage.java:30)
at com.crm.pom.DwsLoginPage.login_button(DwsLoginPage.java:30)
at com.crm.pom.DwsLoginPage.login_button(DwsLoginPage.java:30)
at com.crm.pom.DwsLoginPage.login_button(DwsLoginPage.java:30)
at com.crm.pom.DwsLoginPage.login_button(DwsLoginPage.java:30)
at com.crm.pom.DwsLoginPage.login_button(DwsLoginPage.java:30)
at com.crm.pom.DwsLoginPage.login_button(DwsLoginPage.java:30)
at com.crm.pom.DwsLoginPage.login_button(DwsLoginPage.java:30)
at com.crm.pom.DwsLoginPage.login_button(DwsLoginPage.java:30)
at com.crm.pom.DwsLoginPage.login_button(DwsLoginPage.java:30)
at com.crm.pom.DwsLoginPage.login_button(DwsLoginPage.java:30)
at com.crm.pom.DwsLoginPage.login_button(DwsLoginPage.java:30)
at com.crm.pom.DwsLoginPage.login_button(DwsLoginPage.java:30)
at com.crm.pom.DwsLoginPage.login_button(DwsLoginPage.java:30)
at com.crm.pom.DwsLoginPage.login_button(DwsLoginPage.java:30)
at com.crm.pom.DwsLoginPage.login_button(DwsLoginPage.java:30)
at com.crm.pom.DwsLoginPage.login_button(DwsLoginPage.java:30)
at com.crm.pom.DwsLoginPage.login_button(DwsLoginPage.java:30)
at com.crm.pom.DwsLoginPage.login_button(DwsLoginPage.java:30)
at com.crm.pom.DwsLoginPage.login_button(DwsLoginPage.java:30)
at com.crm.pom.DwsLoginPage.login_button(DwsLoginPage.java:30)
at com.crm.pom.DwsLoginPage.login_button(DwsLoginPage.java:30)
at com.crm.pom.DwsLoginPage.login_button(DwsLoginPage.java:30)
at com.crm.pom.DwsLoginPage.login_button(DwsLoginPage.java:30)
at com.crm.pom.DwsLoginPage.login_button(DwsLoginPage.java:30)
at com.crm.pom.DwsLoginPage.login_button(DwsLoginPage.java:30)
at com.crm.pom.DwsLoginPage.login_button(DwsLoginPage.java:30)
at com.crm.pom.DwsLoginPage.login_button(DwsLoginPage.java:30)
at com.crm.pom.DwsLoginPage.login_button(DwsLoginPage.java:30)
at com.crm.pom.DwsLoginPage.login_button(DwsLoginPage.java:30)
at com.crm.pom.DwsLoginPage.login_button(DwsLoginPage.java:30)
at com.crm.pom.DwsLoginPage.login_button(DwsLoginPage.java:30)
at com.crm.pom.DwsLoginPage.login_button(DwsLoginPage.java:30)
at com.crm.pom.DwsLoginPage.login_button(DwsLoginPage.java:30)
at com.crm.pom.DwsLoginPage.login_button(DwsLoginPage.java:30)
at com.crm.pom.DwsLoginPage.login_button(DwsLoginPage.java:30)
at com.crm.pom.DwsLoginPage.login_button(DwsLoginPage.java:30)
at com.crm.pom.DwsLoginPage.login_button(DwsLoginPage.java:30)
at com.crm.pom.DwsLoginPage.login_button(DwsLoginPage.java:30)
at com.crm.pom.DwsLoginPage.login_button(DwsLoginPage.java:30)
at com.crm.pom.DwsLoginPage.login_button(DwsLoginPage.java:30)
at com.crm.pom.DwsLoginPage.login_button(DwsLoginPage.java:30)
at com.crm.pom.DwsLoginPage.login_button(DwsLoginPage.java:30)
at com.crm.pom.DwsLoginPage.login_button(DwsLoginPage.java:30)
at com.crm.pom.DwsLoginPage.login_button(DwsLoginPage.java:30)
at com.crm.pom.DwsLoginPage.login_button(DwsLoginPage.java:30)
at com.crm.pom.DwsLoginPage.login_button(DwsLoginPage.java:30)
at com.crm.pom.DwsLoginPage.login_button(DwsLoginPage.java:30)
at com.crm.pom.DwsLoginPage.login_button(DwsLoginPage.java:30)
at com.crm.pom.DwsLoginPage.login_button(DwsLoginPage.java:30)
at com.crm.pom.DwsLoginPage.login_button(DwsLoginPage.java:30)
at com.crm.pom.DwsLoginPage.login_button(DwsLoginPage.java:30)
at com.crm.pom.DwsLoginPage.login_button(DwsLoginPage.java:30)
at com.crm.pom.DwsLoginPage.login_button(DwsLoginPage.java:30)
at com.crm.pom.DwsLoginPage.login_button(DwsLoginPage.java:30)
at com.crm.pom.DwsLoginPage.login_button(DwsLoginPage.java:30)
at com.crm.pom.DwsLoginPage.login_button(DwsLoginPage.java:30)
at com.crm.pom.DwsLoginPage.login_button(DwsLoginPage.java:30)
at com.crm.pom.DwsLoginPage.login_button(DwsLoginPage.java:30)
at com.crm.pom.DwsLoginPage.login_button(DwsLoginPage.java:30)
at com.crm.pom.DwsLoginPage.login_button(DwsLoginPage.java:30)
at com.crm.pom.DwsLoginPage.login_button(DwsLoginPage.java:30)
at com.crm.pom.DwsLoginPage.login_button(DwsLoginPage.java:30)
at com.crm.pom.DwsLoginPage.login_button(DwsLoginPage.java:30)
at com.crm.pom.DwsLoginPage.login_button(DwsLoginPage.java:30)
at com.crm.pom.DwsLoginPage.login_button(DwsLoginPage.java:30)
at com.crm.pom.DwsLoginPage.login_button(DwsLoginPage.java:30)
at com.crm.pom.DwsLoginPage.login_button(DwsLoginPage.java:30)
at com.crm.pom.DwsLoginPage.login_button(DwsLoginPage.java:30)
at com.crm.pom.DwsLoginPage.login_button(DwsLoginPage.java:30)
at com.crm.pom.DwsLoginPage.login_button(DwsLoginPage.java:30)
at com.crm.pom.DwsLoginPage.login_button(DwsLoginPage.java:30)
at com.crm.pom.DwsLoginPage.login_button(DwsLoginPage.java:30)
at com.crm.pom.DwsLoginPage.login_button(DwsLoginPage.java:30)
at com.crm.pom.DwsLoginPage.login_button(DwsLoginPage.java:30)
at com.crm.pom.DwsLoginPage.login_button(DwsLoginPage.java:30)
at com.crm.pom.DwsLoginPage.login_button(DwsLoginPage.java:30)
at com.crm.pom.DwsLoginPage.login_button(DwsLoginPage.java:30)
at com.crm.pom.DwsLoginPage.login_button(DwsLoginPage.java:30)
at com.crm.pom.DwsLoginPage.login_button(DwsLoginPage.java:30)
at com.crm.pom.DwsLoginPage.login_button(DwsLoginPage.java:30)
at com.crm.pom.DwsLoginPage.login_button(DwsLoginPage.java:30)
at com.crm.pom.DwsLoginPage.login_button(DwsLoginPage.java:30)
at com.crm.pom.DwsLoginPage.login_button(DwsLoginPage.java:30)
at com.crm.pom.DwsLoginPage.login_button(DwsLoginPage.java:30)
at com.crm.pom.DwsLoginPage.login_button(DwsLoginPage.java:30)
at com.crm.pom.DwsLoginPage.login_button(DwsLoginPage.java:30)
at com.crm.pom.DwsLoginPage.login_button(DwsLoginPage.java:30)
at com.crm.pom.DwsLoginPage.login_button(DwsLoginPage.java:30)
at com.crm.pom.DwsLoginPage.login_button(DwsLoginPage.java:30)
at com.crm.pom.DwsLoginPage.login_button(DwsLoginPage.java:30)
at com.crm.pom.DwsLoginPage.login_button(DwsLoginPage.java:30)
at com.crm.pom.DwsLoginPage.login_button(DwsLoginPage.java:30)
at com.crm.pom.DwsLoginPage.login_button(DwsLoginPage.java:30)
at com.crm.pom.DwsLoginPage.login_button(DwsLoginPage.java:30)
at com.crm.pom.DwsLoginPage.login_button(DwsLoginPage.java:30)
at com.crm.pom.DwsLoginPage.login_button(DwsLoginPage.java:30)
at com.crm.pom.DwsLoginPage.login_button(DwsLoginPage.java:30)
at com.crm.pom.DwsLoginPage.login_button(DwsLoginPage.java:30)
at com.crm.pom.DwsLoginPage.login_button(DwsLoginPage.java:30)
at com.crm.pom.DwsLoginPage.login_button(DwsLoginPage.java:30)
at com.crm.pom.DwsLoginPage.login_button(DwsLoginPage.java:30)
at com.crm.pom.DwsLoginPage.login_button(DwsLoginPage.java:30)
at com.crm.pom.DwsLoginPage.login_button(DwsLoginPage.java:30)
at com.crm.pom.DwsLoginPage.login_button(DwsLoginPage.java:30)
at com.crm.pom.DwsLoginPage.login_button(DwsLoginPage.java:30)
at com.crm.pom.DwsLoginPage.login_button(DwsLoginPage.java:30)
at com.crm.pom.DwsLoginPage.login_button(DwsLoginPage.java:30)
at com.crm.pom.DwsLoginPage.login_button(DwsLoginPage.java:30)
at com.crm.pom.DwsLoginPage.login_button(DwsLoginPage.java:30)
at com.crm.pom.DwsLoginPage.login_button(DwsLoginPage.java:30)
at com.crm.pom.DwsLoginPage.login_button(DwsLoginPage.java:30)
at com.crm.pom.DwsLoginPage.login_button(DwsLoginPage.java:30)
at com.crm.pom.DwsLoginPage.login_button(DwsLoginPage.java:30)
at com.crm.pom.DwsLoginPage.login_button(DwsLoginPage.java:30)
at com.crm.pom.DwsLoginPage.login_button(DwsLoginPage.java:30)
at com.crm.pom.DwsLoginPage.login_button(DwsLoginPage.java:30)
at com.crm.pom.DwsLoginPage.login_button(DwsLoginPage.java:30)
at com.crm.pom.DwsLoginPage.login_button(DwsLoginPage.java:30)
at com.crm.pom.DwsLoginPage.login_button(DwsLoginPage.java:30)
at com.crm.pom.DwsLoginPage.login_button(DwsLoginPage.java:30)
at com.crm.pom.DwsLoginPage.login_button(DwsLoginPage.java:30)
at com.crm.pom.DwsLoginPage.login_button(DwsLoginPage.java:30)
at com.crm.pom.DwsLoginPage.login_button(DwsLoginPage.java:30)
at com.crm.pom.DwsLoginPage.login_button(DwsLoginPage.java:30)
at com.crm.pom.DwsLoginPage.login_button(DwsLoginPage.java:30)
at com.crm.pom.DwsLoginPage.login_button(DwsLoginPage.java:30)
at com.crm.pom.DwsLoginPage.login_button(DwsLoginPage.java:30)
at com.crm.pom.DwsLoginPage.login_button(DwsLoginPage.java:30)
at com.crm.pom.DwsLoginPage.login_button(DwsLoginPage.java:30)
at com.crm.pom.DwsLoginPage.login_button(DwsLoginPage.java:30)
at com.crm.pom.DwsLoginPage.login_button(DwsLoginPage.java:30)
at com.crm.pom.DwsLoginPage.login_button(DwsLoginPage.java:30)
at com.crm.pom.DwsLoginPage.login_button(DwsLoginPage.java:30)
at com.crm.pom.DwsLoginPage.login_button(DwsLoginPage.java:30)
at com.crm.pom.DwsLoginPage.login_button(DwsLoginPage.java:30)
at com.crm.pom.DwsLoginPage.login_button(DwsLoginPage.java:30)
at com.crm.pom.DwsLoginPage.login_button(DwsLoginPage.java:30)
at com.crm.pom.DwsLoginPage.login_button(DwsLoginPage.java:30)
at com.crm.pom.DwsLoginPage.login_button(DwsLoginPage.java:30)
at com.crm.pom.DwsLoginPage.login_button(DwsLoginPage.java:30)
at com.crm.pom.DwsLoginPage.login_button(DwsLoginPage.java:30)
at com.crm.pom.DwsLoginPage.login_button(DwsLoginPage.java:30)
at com.crm.pom.DwsLoginPage.login_button(DwsLoginPage.java:30)
at com.crm.pom.DwsLoginPage.login_button(DwsLoginPage.java:30)
at com.crm.pom.DwsLoginPage.login_button(DwsLoginPage.java:30)
at com.crm.pom.DwsLoginPage.login_button(DwsLoginPage.java:30)
at com.crm.pom.DwsLoginPage.login_button(DwsLoginPage.java:30)
at com.crm.pom.DwsLoginPage.login_button(DwsLoginPage.java:30)
at com.crm.pom.DwsLoginPage.login_button(DwsLoginPage.java:30)
at com.crm.pom.DwsLoginPage.login_button(DwsLoginPage.java:30)
at com.crm.pom.DwsLoginPage.login_button(DwsLoginPage.java:30)
at com.crm.pom.DwsLoginPage.login_button(DwsLoginPage.java:30)
at com.crm.pom.DwsLoginPage.login_button(DwsLoginPage.java:30)
at com.crm.pom.DwsLoginPage.login_button(DwsLoginPage.java:30)
at com.crm.pom.DwsLoginPage.login_button(DwsLoginPage.java:30)
at com.crm.pom.DwsLoginPage.login_button(DwsLoginPage.java:30)
at com.crm.pom.DwsLoginPage.login_button(DwsLoginPage.java:30)
at com.crm.pom.DwsLoginPage.login_button(DwsLoginPage.java:30)
at com.crm.pom.DwsLoginPage.login_button(DwsLoginPage.java:30)
at com.crm.pom.DwsLoginPage.login_button(DwsLoginPage.java:30)
at com.crm.pom.DwsLoginPage.login_button(DwsLoginPage.java:30)
at com.crm.pom.DwsLoginPage.login_button(DwsLoginPage.java:30)
at com.crm.pom.DwsLoginPage.login_button(DwsLoginPage.java:30)
at com.crm.pom.DwsLoginPage.login_button(DwsLoginPage.java:30)
at com.crm.pom.DwsLoginPage.login_button(DwsLoginPage.java:30)
at com.crm.pom.DwsLoginPage.login_button(DwsLoginPage.java:30)
at com.crm.pom.DwsLoginPage.login_button(DwsLoginPage.java:30)
at com.crm.pom.DwsLoginPage.login_button(DwsLoginPage.java:30)
at com.crm.pom.DwsLoginPage.login_button(DwsLoginPage.java:30)
at com.crm.pom.DwsLoginPage.login_button(DwsLoginPage.java:30)
at com.crm.pom.DwsLoginPage.login_button(DwsLoginPage.java:30)
at com.crm.pom.DwsLoginPage.login_button(DwsLoginPage.java:30)
at com.crm.pom.DwsLoginPage.login_button(DwsLoginPage.java:30)
at com.crm.pom.DwsLoginPage.login_button(DwsLoginPage.java:30)
at com.crm.pom.DwsLoginPage.login_button(DwsLoginPage.java:30)
at com.crm.pom.DwsLoginPage.login_button(DwsLoginPage.java:30)
at com.crm.pom.DwsLoginPage.login_button(DwsLoginPage.java:30)
at com.crm.pom.DwsLoginPage.login_button(DwsLoginPage.java:30)
at com.crm.pom.DwsLoginPage.login_button(DwsLoginPage.java:30)
at com.crm.pom.DwsLoginPage.login_button(DwsLoginPage.java:30)
at com.crm.pom.DwsLoginPage.login_button(DwsLoginPage.java:30)
at com.crm.pom.DwsLoginPage.login_button(DwsLoginPage.java:30)
at com.crm.pom.DwsLoginPage.login_button(DwsLoginPage.java:30)
at com.crm.pom.DwsLoginPage.login_button(DwsLoginPage.java:30)
at com.crm.pom.DwsLoginPage.login_button(DwsLoginPage.java:30)
at com.crm.pom.DwsLoginPage.login_button(DwsLoginPage.java:30)
at com.crm.pom.DwsLoginPage.login_button(DwsLoginPage.java:30)
at com.crm.pom.DwsLoginPage.login_button(DwsLoginPage.java:30)
at com.crm.pom.DwsLoginPage.login_button(DwsLoginPage.java:30)
at com.crm.pom.DwsLoginPage.login_button(DwsLoginPage.java:30)
at com.crm.pom.DwsLoginPage.login_button(DwsLoginPage.java:30)
at com.crm.pom.DwsLoginPage.login_button(DwsLoginPage.java:30)
at com.crm.pom.DwsLoginPage.login_button(DwsLoginPage.java:30)
at com.crm.pom.DwsLoginPage.login_button(DwsLoginPage.java:30)
at com.crm.pom.DwsLoginPage.login_button(DwsLoginPage.java:30)
at com.crm.pom.DwsLoginPage.login_button(DwsLoginPage.java:30)
at com.crm.pom.DwsLoginPage.login_button(DwsLoginPage.java:30)
at com.crm.pom.DwsLoginPage.login_button(DwsLoginPage.java:30)
at com.crm.pom.DwsLoginPage.login_button(DwsLoginPage.java:30)
at com.crm.pom.DwsLoginPage.login_button(DwsLoginPage.java:30)
at com.crm.pom.DwsLoginPage.login_button(DwsLoginPage.java:30)
at com.crm.pom.DwsLoginPage.login_button(DwsLoginPage.java:30)
at com.crm.pom.DwsLoginPage.login_button(DwsLoginPage.java:30)
at com.crm.pom.DwsLoginPage.login_button(DwsLoginPage.java:30)
at com.crm.pom.DwsLoginPage.login_button(DwsLoginPage.java:30)
at com.crm.pom.DwsLoginPage.login_button(DwsLoginPage.java:30)
at com.crm.pom.DwsLoginPage.login_button(DwsLoginPage.java:30)
at com.crm.pom.DwsLoginPage.login_button(DwsLoginPage.java:30)
at com.crm.pom.DwsLoginPage.login_button(DwsLoginPage.java:30)
at com.crm.pom.DwsLoginPage.login_button(DwsLoginPage.java:30)
at com.crm.pom.DwsLoginPage.login_button(DwsLoginPage.java:30)
at com.crm.pom.DwsLoginPage.login_button(DwsLoginPage.java:30)
at com.crm.pom.DwsLoginPage.login_button(DwsLoginPage.java:30)
at com.crm.pom.DwsLoginPage.login_button(DwsLoginPage.java:30)
at com.crm.pom.DwsLoginPage.login_button(DwsLoginPage.java:30)
at com.crm.pom.DwsLoginPage.login_button(DwsLoginPage.java:30)
at com.crm.pom.DwsLoginPage.login_button(DwsLoginPage.java:30)
at com.crm.pom.DwsLoginPage.login_button(DwsLoginPage.java:30)
at com.crm.pom.DwsLoginPage.login_button(DwsLoginPage.java:30)
at com.crm.pom.DwsLoginPage.login_button(DwsLoginPage.java:30)
at com.crm.pom.DwsLoginPage.login_button(DwsLoginPage.java:30)
at com.crm.pom.DwsLoginPage.login_button(DwsLoginPage.java:30)
at com.crm.pom.DwsLoginPage.login_button(DwsLoginPage.java:30)
at com.crm.pom.DwsLoginPage.login_button(DwsLoginPage.java:30)
at com.crm.pom.DwsLoginPage.login_button(DwsLoginPage.java:30)
at com.crm.pom.DwsLoginPage.login_button(DwsLoginPage.java:30)
at com.crm.pom.DwsLoginPage.login_button(DwsLoginPage.java:30)
at com.crm.pom.DwsLoginPage.login_button(DwsLoginPage.java:30)
at com.crm.pom.DwsLoginPage.login_button(DwsLoginPage.java:30)
at com.crm.pom.DwsLoginPage.login_button(DwsLoginPage.java:30)
at com.crm.pom.DwsLoginPage.login_button(DwsLoginPage.java:30)
at com.crm.pom.DwsLoginPage.login_button(DwsLoginPage.java:30)
at com.crm.pom.DwsLoginPage.login_button(DwsLoginPage.java:30)
at com.crm.pom.DwsLoginPage.login_button(DwsLoginPage.java:30)
at com.crm.pom.DwsLoginPage.login_button(DwsLoginPage.java:30)
at com.crm.pom.DwsLoginPage.login_button(DwsLoginPage.java:30)
at com.crm.pom.DwsLoginPage.login_button(DwsLoginPage.java:30)
at com.crm.pom.DwsLoginPage.login_button(DwsLoginPage.java:30)
at com.crm.pom.DwsLoginPage.login_button(DwsLoginPage.java:30)
at com.crm.pom.DwsLoginPage.login_button(DwsLoginPage.java:30)
at com.crm.pom.DwsLoginPage.login_button(DwsLoginPage.java:30)
at com.crm.pom.DwsLoginPage.login_button(DwsLoginPage.java:30)
at com.crm.pom.DwsLoginPage.login_button(DwsLoginPage.java:30)
at com.crm.pom.DwsLoginPage.login_button(DwsLoginPage.java:30)
at com.crm.pom.DwsLoginPage.login_button(DwsLoginPage.java:30)
at com.crm.pom.DwsLoginPage.login_button(DwsLoginPage.java:30)
at com.crm.pom.DwsLoginPage.login_button(DwsLoginPage.java:30)
at com.crm.pom.DwsLoginPage.login_button(DwsLoginPage.java:30)
at com.crm.pom.DwsLoginPage.login_button(DwsLoginPage.java:30)
at com.crm.pom.DwsLoginPage.login_button(DwsLoginPage.java:30)
at com.crm.pom.DwsLoginPage.login_button(DwsLoginPage.java:30)
at com.crm.pom.DwsLoginPage.login_button(DwsLoginPage.java:30)
at com.crm.pom.DwsLoginPage.login_button(DwsLoginPage.java:30)
at com.crm.pom.DwsLoginPage.login_button(DwsLoginPage.java:30)
at com.crm.pom.DwsLoginPage.login_button(DwsLoginPage.java:30)
at com.crm.pom.DwsLoginPage.login_button(DwsLoginPage.java:30)
at com.crm.pom.DwsLoginPage.login_button(DwsLoginPage.java:30)
at com.crm.pom.DwsLoginPage.login_button(DwsLoginPage.java:30)
at com.crm.pom.DwsLoginPage.login_button(DwsLoginPage.java:30)
at com.crm.pom.DwsLoginPage.login_button(DwsLoginPage.java:30)
at com.crm.pom.DwsLoginPage.login_button(DwsLoginPage.java:30)
at com.crm.pom.DwsLoginPage.login_button(DwsLoginPage.java:30)
at com.crm.pom.DwsLoginPage.login_button(DwsLoginPage.java:30)
at com.crm.pom.DwsLoginPage.login_button(DwsLoginPage.java:30)
at com.crm.pom.DwsLoginPage.login_button(DwsLoginPage.java:30)
at com.crm.pom.DwsLoginPage.login_button(DwsLoginPage.java:30)
at com.crm.pom.DwsLoginPage.login_button(DwsLoginPage.java:30)
at com.crm.pom.DwsLoginPage.login_button(DwsLoginPage.java:30)
at com.crm.pom.DwsLoginPage.login_button(DwsLoginPage.java:30)
at com.crm.pom.DwsLoginPage.login_button(DwsLoginPage.java:30)
at com.crm.pom.DwsLoginPage.login_button(DwsLoginPage.java:30)
at com.crm.pom.DwsLoginPage.login_button(DwsLoginPage.java:30)
at com.crm.pom.DwsLoginPage.login_button(DwsLoginPage.java:30)
at com.crm.pom.DwsLoginPage.login_button(DwsLoginPage.java:30)
at com.crm.pom.DwsLoginPage.login_button(DwsLoginPage.java:30)
at com.crm.pom.DwsLoginPage.login_button(DwsLoginPage.java:30)
at com.crm.pom.DwsLoginPage.login_button(DwsLoginPage.java:30)
at com.crm.pom.DwsLoginPage.login_button(DwsLoginPage.java:30)
at com.crm.pom.DwsLoginPage.login_button(DwsLoginPage.java:30)
at com.crm.pom.DwsLoginPage.login_button(DwsLoginPage.java:30)
at com.crm.pom.DwsLoginPage.login_button(DwsLoginPage.java:30)
at com.crm.pom.DwsLoginPage.login_button(DwsLoginPage.java:30)
at com.crm.pom.DwsLoginPage.login_button(DwsLoginPage.java:30)
at com.crm.pom.DwsLoginPage.login_button(DwsLoginPage.java:30)
at com.crm.pom.DwsLoginPage.login_button(DwsLoginPage.java:30)
at com.crm.pom.DwsLoginPage.login_button(DwsLoginPage.java:30)
at com.crm.pom.DwsLoginPage.login_button(DwsLoginPage.java:30)
at com.crm.pom.DwsLoginPage.login_button(DwsLoginPage.java:30)
at com.crm.pom.DwsLoginPage.login_button(DwsLoginPage.java:30)
at com.crm.pom.DwsLoginPage.login_button(DwsLoginPage.java:30)
at com.crm.pom.DwsLoginPage.login_button(DwsLoginPage.java:30)
at com.crm.pom.DwsLoginPage.login_button(DwsLoginPage.java:30)
at com.crm.pom.DwsLoginPage.login_button(DwsLoginPage.java:30)
at com.crm.pom.DwsLoginPage.login_button(DwsLoginPage.java:30)
at com.crm.pom.DwsLoginPage.login_button(DwsLoginPage.java:30)
at com.crm.pom.DwsLoginPage.login_button(DwsLoginPage.java:30)
at com.crm.pom.DwsLoginPage.login_button(DwsLoginPage.java:30)
at com.crm.pom.DwsLoginPage.login_button(DwsLoginPage.java:30)
at com.crm.pom.DwsLoginPage.login_button(DwsLoginPage.java:30)
at com.crm.pom.DwsLoginPage.login_button(DwsLoginPage.java:30)
at com.crm.pom.DwsLoginPage.login_button(DwsLoginPage.java:30)
at com.crm.pom.DwsLoginPage.login_button(DwsLoginPage.java:30)
at com.crm.pom.DwsLoginPage.login_button(DwsLoginPage.java:30)
at com.crm.pom.DwsLoginPage.login_button(DwsLoginPage.java:30)
at com.crm.pom.DwsLoginPage.login_button(DwsLoginPage.java:30)
at com.crm.pom.DwsLoginPage.login_button(DwsLoginPage.java:30)
at com.crm.pom.DwsLoginPage.login_button(DwsLoginPage.java:30)
at com.crm.pom.DwsLoginPage.login_button(DwsLoginPage.java:30)
at com.crm.pom.DwsLoginPage.login_button(DwsLoginPage.java:30)
at com.crm.pom.DwsLoginPage.login_button(DwsLoginPage.java:30)
at com.crm.pom.DwsLoginPage.login_button(DwsLoginPage.java:30)
at com.crm.pom.DwsLoginPage.login_button(DwsLoginPage.java:30)
at com.crm.pom.DwsLoginPage.login_button(DwsLoginPage.java:30)
at com.crm.pom.DwsLoginPage.login_button(DwsLoginPage.java:30)
at com.crm.pom.DwsLoginPage.login_button(DwsLoginPage.java:30)
at com.crm.pom.DwsLoginPage.login_button(DwsLoginPage.java:30)
at com.crm.pom.DwsLoginPage.login_button(DwsLoginPage.java:30)
at com.crm.pom.DwsLoginPage.login_button(DwsLoginPage.java:30)
at com.crm.pom.DwsLoginPage.login_button(DwsLoginPage.java:30)
at com.crm.pom.DwsLoginPage.login_button(DwsLoginPage.java:30)
at com.crm.pom.DwsLoginPage.login_button(DwsLoginPage.java:30)
at com.crm.pom.DwsLoginPage.login_button(DwsLoginPage.java:30)
at com.crm.pom.DwsLoginPage.login_button(DwsLoginPage.java:30)
at com.crm.pom.DwsLoginPage.login_button(DwsLoginPage.java:30)
at com.crm.pom.DwsLoginPage.login_button(DwsLoginPage.java:30)
at com.crm.pom.DwsLoginPage.login_button(DwsLoginPage.java:30)
at com.crm.pom.DwsLoginPage.login_button(DwsLoginPage.java:30)
at com.crm.pom.DwsLoginPage.login_button(DwsLoginPage.java:30)
at com.crm.pom.DwsLoginPage.login_button(DwsLoginPage.java:30)
at com.crm.pom.DwsLoginPage.login_button(DwsLoginPage.java:30)
at com.crm.pom.DwsLoginPage.login_button(DwsLoginPage.java:30)
at com.crm.pom.DwsLoginPage.login_button(DwsLoginPage.java:30)
at com.crm.pom.DwsLoginPage.login_button(DwsLoginPage.java:30)
at com.crm.pom.DwsLoginPage.login_button(DwsLoginPage.java:30)
at com.crm.pom.DwsLoginPage.login_button(DwsLoginPage.java:30)
at com.crm.pom.DwsLoginPage.login_button(DwsLoginPage.java:30)
at com.crm.pom.DwsLoginPage.login_button(DwsLoginPage.java:30)
at com.crm.pom.DwsLoginPage.login_button(DwsLoginPage.java:30)
at com.crm.pom.DwsLoginPage.login_button(DwsLoginPage.java:30)
at com.crm.pom.DwsLoginPage.login_button(DwsLoginPage.java:30)
at com.crm.pom.DwsLoginPage.login_button(DwsLoginPage.java:30)
at com.crm.pom.DwsLoginPage.login_button(DwsLoginPage.java:30)
at com.crm.pom.DwsLoginPage.login_button(DwsLoginPage.java:30)
at com.crm.pom.DwsLoginPage.login_button(DwsLoginPage.java:30)
at com.crm.pom.DwsLoginPage.login_button(DwsLoginPage.java:30)
at com.crm.pom.DwsLoginPage.login_button(DwsLoginPage.java:30)
at com.crm.pom.DwsLoginPage.login_button(DwsLoginPage.java:30)
at com.crm.pom.DwsLoginPage.login_button(DwsLoginPage.java:30)
at com.crm.pom.DwsLoginPage.login_button(DwsLoginPage.java:30)
at com.crm.pom.DwsLoginPage.login_button(DwsLoginPage.java:30)
at com.crm.pom.DwsLoginPage.login_button(DwsLoginPage.java:30)
at com.crm.pom.DwsLoginPage.login_button(DwsLoginPage.java:30)
at com.crm.pom.DwsLoginPage.login_button(DwsLoginPage.java:30)
at com.crm.pom.DwsLoginPage.login_button(DwsLoginPage.java:30)
at com.crm.pom.DwsLoginPage.login_button(DwsLoginPage.java:30)
at com.crm.pom.DwsLoginPage.login_button(DwsLoginPage.java:30)
at com.crm.pom.DwsLoginPage.login_button(DwsLoginPage.java:30)
at com.crm.pom.DwsLoginPage.login_button(DwsLoginPage.java:30)
at com.crm.pom.DwsLoginPage.login_button(DwsLoginPage.java:30)
at com.crm.pom.DwsLoginPage.login_button(DwsLoginPage.java:30)
at com.crm.pom.DwsLoginPage.login_button(DwsLoginPage.java:30)
at com.crm.pom.DwsLoginPage.login_button(DwsLoginPage.java:30)
at com.crm.pom.DwsLoginPage.login_button(DwsLoginPage.java:30)
at com.crm.pom.DwsLoginPage.login_button(DwsLoginPage.java:30)
at com.crm.pom.DwsLoginPage.login_button(DwsLoginPage.java:30)
at com.crm.pom.DwsLoginPage.login_button(DwsLoginPage.java:30)
at com.crm.pom.DwsLoginPage.login_button(DwsLoginPage.java:30)
at com.crm.pom.DwsLoginPage.login_button(DwsLoginPage.java:30)
at com.crm.pom.DwsLoginPage.login_button(DwsLoginPage.java:30)
at com.crm.pom.DwsLoginPage.login_button(DwsLoginPage.java:30)
at com.crm.pom.DwsLoginPage.login_button(DwsLoginPage.java:30)
at com.crm.pom.DwsLoginPage.login_button(DwsLoginPage.java:30)
at com.crm.pom.DwsLoginPage.login_button(DwsLoginPage.java:30)
at com.crm.pom.DwsLoginPage.login_button(DwsLoginPage.java:30)
at com.crm.pom.DwsLoginPage.login_button(DwsLoginPage.java:30)
at com.crm.pom.DwsLoginPage.login_button(DwsLoginPage.java:30)
at com.crm.pom.DwsLoginPage.login_button(DwsLoginPage.java:30)
at com.crm.pom.DwsLoginPage.login_button(DwsLoginPage.java:30)
at com.crm.pom.DwsLoginPage.login_button(DwsLoginPage.java:30)
at com.crm.pom.DwsLoginPage.login_button(DwsLoginPage.java:30)
at com.crm.pom.DwsLoginPage.login_button(DwsLoginPage.java:30)
at com.crm.pom.DwsLoginPage.login_button(DwsLoginPage.java:30)
at com.crm.pom.DwsLoginPage.login_button(DwsLoginPage.java:30)
at com.crm.pom.DwsLoginPage.login_button(DwsLoginPage.java:30)
at com.crm.pom.DwsLoginPage.login_button(DwsLoginPage.java:30)
at com.crm.pom.DwsLoginPage.login_button(DwsLoginPage.java:30)
at com.crm.pom.DwsLoginPage.login_button(DwsLoginPage.java:30)
at com.crm.pom.DwsLoginPage.login_button(DwsLoginPage.java:30)
at com.crm.pom.DwsLoginPage.login_button(DwsLoginPage.java:30)
at com.crm.pom.DwsLoginPage.login_button(DwsLoginPage.java:30)
at com.crm.pom.DwsLoginPage.login_button(DwsLoginPage.java:30)
at com.crm.pom.DwsLoginPage.login_button(DwsLoginPage.java:30)
at com.crm.pom.DwsLoginPage.login_button(DwsLoginPage.java:30)
at com.crm.pom.DwsLoginPage.login_button(DwsLoginPage.java:30)
at com.crm.pom.DwsLoginPage.login_button(DwsLoginPage.java:30)
at com.crm.pom.DwsLoginPage.login_button(DwsLoginPage.java:30)
at com.crm.pom.DwsLoginPage.login_button(DwsLoginPage.java:30)
at com.crm.pom.DwsLoginPage.login_button(DwsLoginPage.java:30)
at com.crm.pom.DwsLoginPage.login_button(DwsLoginPage.java:30)
at com.crm.pom.DwsLoginPage.login_button(DwsLoginPage.java:30)
at com.crm.pom.DwsLoginPage.login_button(DwsLoginPage.java:30)
at com.crm.pom.DwsLoginPage.login_button(DwsLoginPage.java:30)
at com.crm.pom.DwsLoginPage.login_button(DwsLoginPage.java:30)
at com.crm.pom.DwsLoginPage.login_button(DwsLoginPage.java:30)
at com.crm.pom.DwsLoginPage.login_button(DwsLoginPage.java:30)
at com.crm.pom.DwsLoginPage.login_button(DwsLoginPage.java:30)
at com.crm.pom.DwsLoginPage.login_button(DwsLoginPage.java:30)
at com.crm.pom.DwsLoginPage.login_button(DwsLoginPage.java:30)
at com.crm.pom.DwsLoginPage.login_button(DwsLoginPage.java:30)
at com.crm.pom.DwsLoginPage.login_button(DwsLoginPage.java:30)
at com.crm.pom.DwsLoginPage.login_button(DwsLoginPage.java:30)
at com.crm.pom.DwsLoginPage.login_button(DwsLoginPage.java:30)
at com.crm.pom.DwsLoginPage.login_button(DwsLoginPage.java:30)
at com.crm.pom.DwsLoginPage.login_button(DwsLoginPage.java:30)
at com.crm.pom.DwsLoginPage.login_button(DwsLoginPage.java:30)
at com.crm.pom.DwsLoginPage.login_button(DwsLoginPage.java:30)
at com.crm.pom.DwsLoginPage.login_button(DwsLoginPage.java:30)
at com.crm.pom.DwsLoginPage.login_button(DwsLoginPage.java:30)
at com.crm.pom.DwsLoginPage.login_button(DwsLoginPage.java:30)
at com.crm.pom.DwsLoginPage.login_button(DwsLoginPage.java:30)
at com.crm.pom.DwsLoginPage.login_button(DwsLoginPage.java:30)
at com.crm.pom.DwsLoginPage.login_button(DwsLoginPage.java:30)
at com.crm.pom.DwsLoginPage.login_button(DwsLoginPage.java:30)
at com.crm.pom.DwsLoginPage.login_button(DwsLoginPage.java:30)
at com.crm.pom.DwsLoginPage.login_button(DwsLoginPage.java:30)
at com.crm.pom.DwsLoginPage.login_button(DwsLoginPage.java:30)
at com.crm.pom.DwsLoginPage.login_button(DwsLoginPage.java:30)
at com.crm.pom.DwsLoginPage.login_button(DwsLoginPage.java:30)
at com.crm.pom.DwsLoginPage.login_button(DwsLoginPage.java:30)
at com.crm.pom.DwsLoginPage.login_button(DwsLoginPage.java:30)
at com.crm.pom.DwsLoginPage.login_button(DwsLoginPage.java:30)
at com.crm.pom.DwsLoginPage.login_button(DwsLoginPage.java:30)
at com.crm.pom.DwsLoginPage.login_button(DwsLoginPage.java:30)
at com.crm.pom.DwsLoginPage.login_button(DwsLoginPage.java:30)
at com.crm.pom.DwsLoginPage.login_button(DwsLoginPage.java:30)
at com.crm.pom.DwsLoginPage.login_button(DwsLoginPage.java:30)
at com.crm.pom.DwsLoginPage.login_button(DwsLoginPage.java:30)
at com.crm.pom.DwsLoginPage.login_button(DwsLoginPage.java:30)
at com.crm.pom.DwsLoginPage.login_button(DwsLoginPage.java:30)
at com.crm.pom.DwsLoginPage.login_button(DwsLoginPage.java:30)
at com.crm.pom.DwsLoginPage.login_button(DwsLoginPage.java:30)
at com.crm.pom.DwsLoginPage.login_button(DwsLoginPage.java:30)
at com.crm.pom.DwsLoginPage.login_button(DwsLoginPage.java:30)
at com.crm.pom.DwsLoginPage.login_button(DwsLoginPage.java:30)
at com.crm.pom.DwsLoginPage.login_button(DwsLoginPage.java:30)
at com.crm.pom.DwsLoginPage.login_button(DwsLoginPage.java:30)
at com.crm.pom.DwsLoginPage.login_button(DwsLoginPage.java:30)
at com.crm.pom.DwsLoginPage.login_button(DwsLoginPage.java:30)
at com.crm.pom.DwsLoginPage.login_button(DwsLoginPage.java:30)
at com.crm.pom.DwsLoginPage.login_button(DwsLoginPage.java:30)
at com.crm.pom.DwsLoginPage.login_button(DwsLoginPage.java:30)
at com.crm.pom.DwsLoginPage.login_button(DwsLoginPage.java:30)
at com.crm.pom.DwsLoginPage.login_button(DwsLoginPage.java:30)
at com.crm.pom.DwsLoginPage.login_button(DwsLoginPage.java:30)
at com.crm.pom.DwsLoginPage.login_button(DwsLoginPage.java:30)
at com.crm.pom.DwsLoginPage.login_button(DwsLoginPage.java:30)
at com.crm.pom.DwsLoginPage.login_button(DwsLoginPage.java:30)
at com.crm.pom.DwsLoginPage.login_button(DwsLoginPage.java:30)
at com.crm.pom.DwsLoginPage.login_button(DwsLoginPage.java:30)
at com.crm.pom.DwsLoginPage.login_button(DwsLoginPage.java:30)
at com.crm.pom.DwsLoginPage.login_button(DwsLoginPage.java:30)
at com.crm.pom.DwsLoginPage.login_button(DwsLoginPage.java:30)
at com.crm.pom.DwsLoginPage.login_button(DwsLoginPage.java:30)
at com.crm.pom.DwsLoginPage.login_button(DwsLoginPage.java:30)
at com.crm.pom.DwsLoginPage.login_button(DwsLoginPage.java:30)
at com.crm.pom.DwsLoginPage.login_button(DwsLoginPage.java:30)
at com.crm.pom.DwsLoginPage.login_button(DwsLoginPage.java:30)
at com.crm.pom.DwsLoginPage.login_button(DwsLoginPage.java:30)
at com.crm.pom.DwsLoginPage.login_button(DwsLoginPage.java:30)
at com.crm.pom.DwsLoginPage.login_button(DwsLoginPage.java:30)
at com.crm.pom.DwsLoginPage.login_button(DwsLoginPage.java:30)
at com.crm.pom.DwsLoginPage.login_button(DwsLoginPage.java:30)
at com.crm.pom.DwsLoginPage.login_button(DwsLoginPage.java:30)
at com.crm.pom.DwsLoginPage.login_button(DwsLoginPage.java:30)
at com.crm.pom.DwsLoginPage.login_button(DwsLoginPage.java:30)
at com.crm.pom.DwsLoginPage.login_button(DwsLoginPage.java:30)
at com.crm.pom.DwsLoginPage.login_button(DwsLoginPage.java:30)
at com.crm.pom.DwsLoginPage.login_button(DwsLoginPage.java:30)
at com.crm.pom.DwsLoginPage.login_button(DwsLoginPage.java:30)
at com.crm.pom.DwsLoginPage.login_button(DwsLoginPage.java:30)
at com.crm.pom.DwsLoginPage.login_button(DwsLoginPage.java:30)
at com.crm.pom.DwsLoginPage.login_button(DwsLoginPage.java:30)
at com.crm.pom.DwsLoginPage.login_button(DwsLoginPage.java:30)
at com.crm.pom.DwsLoginPage.login_button(DwsLoginPage.java:30)
at com.crm.pom.DwsLoginPage.login_button(DwsLoginPage.java:30)
at com.crm.pom.DwsLoginPage.login_button(DwsLoginPage.java:30)
at com.crm.pom.DwsLoginPage.login_button(DwsLoginPage.java:30)
at com.crm.pom.DwsLoginPage.login_button(DwsLoginPage.java:30)
at com.crm.pom.DwsLoginPage.login_button(DwsLoginPage.java:30)
at com.crm.pom.DwsLoginPage.login_button(DwsLoginPage.java:30)
at com.crm.pom.DwsLoginPage.login_button(DwsLoginPage.java:30)
at com.crm.pom.DwsLoginPage.login_button(DwsLoginPage.java:30)
at com.crm.pom.DwsLoginPage.login_button(DwsLoginPage.java:30)
at com.crm.pom.DwsLoginPage.login_button(DwsLoginPage.java:30)
at com.crm.pom.DwsLoginPage.login_button(DwsLoginPage.java:30)
at com.crm.pom.DwsLoginPage.login_button(DwsLoginPage.java:30)
at com.crm.pom.DwsLoginPage.login_button(DwsLoginPage.java:30)
at com.crm.pom.DwsLoginPage.login_button(DwsLoginPage.java:30)
at com.crm.pom.DwsLoginPage.login_button(DwsLoginPage.java:30)
at com.crm.pom.DwsLoginPage.login_button(DwsLoginPage.java:30)
at com.crm.pom.DwsLoginPage.login_button(DwsLoginPage.java:30)
at com.crm.pom.DwsLoginPage.login_button(DwsLoginPage.java:30)
at com.crm.pom.DwsLoginPage.login_button(DwsLoginPage.java:30)
at com.crm.pom.DwsLoginPage.login_button(DwsLoginPage.java:30)
at com.crm.pom.DwsLoginPage.login_button(DwsLoginPage.java:30)
at com.crm.pom.DwsLoginPage.login_button(DwsLoginPage.java:30)
at com.crm.pom.DwsLoginPage.login_button(DwsLoginPage.java:30)
at com.crm.pom.DwsLoginPage.login_button(DwsLoginPage.java:30)
at com.crm.pom.DwsLoginPage.login_button(DwsLoginPage.java:30)
at com.crm.pom.DwsLoginPage.login_button(DwsLoginPage.java:30)
at com.crm.pom.DwsLoginPage.login_button(DwsLoginPage.java:30)
at com.crm.pom.DwsLoginPage.login_button(DwsLoginPage.java:30)
at com.crm.pom.DwsLoginPage.login_button(DwsLoginPage.java:30)
at com.crm.pom.DwsLoginPage.login_button(DwsLoginPage.java:30)
at com.crm.pom.DwsLoginPage.login_button(DwsLoginPage.java:30)
at com.crm.pom.DwsLoginPage.login_button(DwsLoginPage.java:30)
at com.crm.pom.DwsLoginPage.login_button(DwsLoginPage.java:30)
at com.crm.pom.DwsLoginPage.login_button(DwsLoginPage.java:30)
at com.crm.pom.DwsLoginPage.login_button(DwsLoginPage.java:30)
at com.crm.pom.DwsLoginPage.login_button(DwsLoginPage.java:30)
at com.crm.pom.DwsLoginPage.login_button(DwsLoginPage.java:30)
at com.crm.pom.DwsLoginPage.login_button(DwsLoginPage.java:30)
at com.crm.pom.DwsLoginPage.login_button(DwsLoginPage.java:30)
at com.crm.pom.DwsLoginPage.login_button(DwsLoginPage.java:30)
at com.crm.pom.DwsLoginPage.login_button(DwsLoginPage.java:30)
at com.crm.pom.DwsLoginPage.login_button(DwsLoginPage.java:30)
at com.crm.pom.DwsLoginPage.login_button(DwsLoginPage.java:30)
at com.crm.pom.DwsLoginPage.login_button(DwsLoginPage.java:30)
at com.crm.pom.DwsLoginPage.login_button(DwsLoginPage.java:30)
at com.crm.pom.DwsLoginPage.login_button(DwsLoginPage.java:30)
at com.crm.pom.DwsLoginPage.login_button(DwsLoginPage.java:30)
at com.crm.pom.DwsLoginPage.login_button(DwsLoginPage.java:30)
at com.crm.pom.DwsLoginPage.login_button(DwsLoginPage.java:30)
at com.crm.pom.DwsLoginPage.login_button(DwsLoginPage.java:30)
at com.crm.pom.DwsLoginPage.login_button(DwsLoginPage.java:30)
at com.crm.pom.DwsLoginPage.login_button(DwsLoginPage.java:30)
at com.crm.pom.DwsLoginPage.login_button(DwsLoginPage.java:30)
at com.crm.pom.DwsLoginPage.login_button(DwsLoginPage.java:30)
at com.crm.pom.DwsLoginPage.login_button(DwsLoginPage.java:30)
at com.crm.pom.DwsLoginPage.login_button(DwsLoginPage.java:30)
at com.crm.pom.DwsLoginPage.login_button(DwsLoginPage.java:30)
at com.crm.pom.DwsLoginPage.login_button(DwsLoginPage.java:30)
at com.crm.pom.DwsLoginPage.login_button(DwsLoginPage.java:30)
at com.crm.pom.DwsLoginPage.login_button(DwsLoginPage.java:30)
at com.crm.pom.DwsLoginPage.login_button(DwsLoginPage.java:30)
at com.crm.pom.DwsLoginPage.login_button(DwsLoginPage.java:30)
at com.crm.pom.DwsLoginPage.login_button(DwsLoginPage.java:30)
at com.crm.pom.DwsLoginPage.login_button(DwsLoginPage.java:30)
at com.crm.pom.DwsLoginPage.login_button(DwsLoginPage.java:30)
at com.crm.pom.DwsLoginPage.login_button(DwsLoginPage.java:30)
at com.crm.pom.DwsLoginPage.login_button(DwsLoginPage.java:30)
at com.crm.pom.DwsLoginPage.login_button(DwsLoginPage.java:30)
at com.crm.pom.DwsLoginPage.login_button(DwsLoginPage.java:30)
at com.crm.pom.DwsLoginPage.login_button(DwsLoginPage.java:30)
at com.crm.pom.DwsLoginPage.login_button(DwsLoginPage.java:30)
at com.crm.pom.DwsLoginPage.login_button(DwsLoginPage.java:30)
at com.crm.pom.DwsLoginPage.login_button(DwsLoginPage.java:30)
at com.crm.pom.DwsLoginPage.login_button(DwsLoginPage.java:30)
at com.crm.pom.DwsLoginPage.login_button(DwsLoginPage.java:30)
at com.crm.pom.DwsLoginPage.login_button(DwsLoginPage.java:30)
at com.crm.pom.DwsLoginPage.login_button(DwsLoginPage.java:30)
at com.crm.pom.DwsLoginPage.login_button(DwsLoginPage.java:30)
at com.crm.pom.DwsLoginPage.login_button(DwsLoginPage.java:30)
at com.crm.pom.DwsLoginPage.login_button(DwsLoginPage.java:30)
at com.crm.pom.DwsLoginPage.login_button(DwsLoginPage.java:30)
at com.crm.pom.DwsLoginPage.login_button(DwsLoginPage.java:30)
at com.crm.pom.DwsLoginPage.login_button(DwsLoginPage.java:30)
at com.crm.pom.DwsLoginPage.login_button(DwsLoginPage.java:30)
at com.crm.pom.DwsLoginPage.login_button(DwsLoginPage.java:30)
at com.crm.pom.DwsLoginPage.login_button(DwsLoginPage.java:30)
at com.crm.pom.DwsLoginPage.login_button(DwsLoginPage.java:30)
at com.crm.pom.DwsLoginPage.login_button(DwsLoginPage.java:30)
at com.crm.pom.DwsLoginPage.login_button(DwsLoginPage.java:30)
at com.crm.pom.DwsLoginPage.login_button(DwsLoginPage.java:30)
at com.crm.pom.DwsLoginPage.login_button(DwsLoginPage.java:30)
at com.crm.pom.DwsLoginPage.login_button(DwsLoginPage.java:30)
at com.crm.pom.DwsLoginPage.login_button(DwsLoginPage.java:30)
at com.crm.pom.DwsLoginPage.login_button(DwsLoginPage.java:30)
at com.crm.pom.DwsLoginPage.login_button(DwsLoginPage.java:30)
at com.crm.pom.DwsLoginPage.login_button(DwsLoginPage.java:30)
at com.crm.pom.DwsLoginPage.login_button(DwsLoginPage.java:30)
at com.crm.pom.DwsLoginPage.login_button(DwsLoginPage.java:30)
at com.crm.pom.DwsLoginPage.login_button(DwsLoginPage.java:30)
at com.crm.pom.DwsLoginPage.login_button(DwsLoginPage.java:30)
at com.crm.pom.DwsLoginPage.login_button(DwsLoginPage.java:30)
at com.crm.pom.DwsLoginPage.login_button(DwsLoginPage.java:30)
at com.crm.pom.DwsLoginPage.login_button(DwsLoginPage.java:30)
at com.crm.pom.DwsLoginPage.login_button(DwsLoginPage.java:30)
at com.crm.pom.DwsLoginPage.login_button(DwsLoginPage.java:30)
at com.crm.pom.DwsLoginPage.login_button(DwsLoginPage.java:30)
at com.crm.pom.DwsLoginPage.login_button(DwsLoginPage.java:30)
at com.crm.pom.DwsLoginPage.login_button(DwsLoginPage.java:30)
at com.crm.pom.DwsLoginPage.login_button(DwsLoginPage.java:30)
at com.crm.pom.DwsLoginPage.login_button(DwsLoginPage.java:30)
at com.crm.pom.DwsLoginPage.login_button(DwsLoginPage.java:30)
at com.crm.pom.DwsLoginPage.login_button(DwsLoginPage.java:30)
at com.crm.pom.DwsLoginPage.login_button(DwsLoginPage.java:30)
at com.crm.pom.DwsLoginPage.login_button(DwsLoginPage.java:30)
at com.crm.pom.DwsLoginPage.login_button(DwsLoginPage.java:30)
at com.crm.pom.DwsLoginPage.login_button(DwsLoginPage.java:30)
at com.crm.pom.DwsLoginPage.login_button(DwsLoginPage.java:30)
at com.crm.pom.DwsLoginPage.login_button(DwsLoginPage.java:30)
at com.crm.pom.DwsLoginPage.login_button(DwsLoginPage.java:30)
at com.crm.pom.DwsLoginPage.login_button(DwsLoginPage.java:30)
at com.crm.pom.DwsLoginPage.login_button(DwsLoginPage.java:30)
at com.crm.pom.DwsLoginPage.login_button(DwsLoginPage.java:30)
at com.crm.pom.DwsLoginPage.login_button(DwsLoginPage.java:30)
at com.crm.pom.DwsLoginPage.login_button(DwsLoginPage.java:30)
at com.crm.pom.DwsLoginPage.login_button(DwsLoginPage.java:30)
at com.crm.pom.DwsLoginPage.login_button(DwsLoginPage.java:30)
at com.crm.pom.DwsLoginPage.login_button(DwsLoginPage.java:30)
at com.crm.pom.DwsLoginPage.login_button(DwsLoginPage.java:30)
at com.crm.pom.DwsLoginPage.login_button(DwsLoginPage.java:30)
at com.crm.pom.DwsLoginPage.login_button(DwsLoginPage.java:30)
at com.crm.pom.DwsLoginPage.login_button(DwsLoginPage.java:30)
at com.crm.pom.DwsLoginPage.login_button(DwsLoginPage.java:30)
at com.crm.pom.DwsLoginPage.login_button(DwsLoginPage.java:30)
at com.crm.pom.DwsLoginPage.login_button(DwsLoginPage.java:30)
at com.crm.pom.DwsLoginPage.login_button(DwsLoginPage.java:30)
at com.crm.pom.DwsLoginPage.login_button(DwsLoginPage.java:30)
at com.crm.pom.DwsLoginPage.login_button(DwsLoginPage.java:30)
at com.crm.pom.DwsLoginPage.login_button(DwsLoginPage.java:30)
at com.crm.pom.DwsLoginPage.login_button(DwsLoginPage.java:30)
at com.crm.pom.DwsLoginPage.login_button(DwsLoginPage.java:30)
at com.crm.pom.DwsLoginPage.login_button(DwsLoginPage.java:30)
at com.crm.pom.DwsLoginPage.login_button(DwsLoginPage.java:30)
at com.crm.pom.DwsLoginPage.login_button(DwsLoginPage.java:30)
at com.crm.pom.DwsLoginPage.login_button(DwsLoginPage.java:30)
at com.crm.pom.DwsLoginPage.login_button(DwsLoginPage.java:30)
at com.crm.pom.DwsLoginPage.login_button(DwsLoginPage.java:30)
at com.crm.pom.DwsLoginPage.login_button(DwsLoginPage.java:30)
at com.crm.pom.DwsLoginPage.login_button(DwsLoginPage.java:30)
at com.crm.pom.DwsLoginPage.login_button(DwsLoginPage.java:30)
at com.crm.pom.DwsLoginPage.login_button(DwsLoginPage.java:30)
at com.crm.pom.DwsLoginPage.login_button(DwsLoginPage.java:30)
at com.crm.pom.DwsLoginPage.login_button(DwsLoginPage.java:30)
at com.crm.pom.DwsLoginPage.login_button(DwsLoginPage.java:30)
at com.crm.pom.DwsLoginPage.login_button(DwsLoginPage.java:30)
at com.crm.pom.DwsLoginPage.login_button(DwsLoginPage.java:30)
at com.crm.pom.DwsLoginPage.login_button(DwsLoginPage.java:30)
at com.crm.pom.DwsLoginPage.login_button(DwsLoginPage.java:30)
at com.crm.pom.DwsLoginPage.login_button(DwsLoginPage.java:30)
at com.crm.pom.DwsLoginPage.login_button(DwsLoginPage.java:30)
at com.crm.pom.DwsLoginPage.login_button(DwsLoginPage.java:30)
at com.crm.pom.DwsLoginPage.login_button(DwsLoginPage.java:30)
at com.crm.pom.DwsLoginPage.login_button(DwsLoginPage.java:30)
at com.crm.pom.DwsLoginPage.login_button(DwsLoginPage.java:30)
at com.crm.pom.DwsLoginPage.login_button(DwsLoginPage.java:30)
at com.crm.pom.DwsLoginPage.login_button(DwsLoginPage.java:30)
at com.crm.pom.DwsLoginPage.login_button(DwsLoginPage.java:30)
at com.crm.pom.DwsLoginPage.login_button(DwsLoginPage.java:30)
at com.crm.pom.DwsLoginPage.login_button(DwsLoginPage.java:30)
at com.crm.pom.DwsLoginPage.login_button(DwsLoginPage.java:30)
at com.crm.pom.DwsLoginPage.login_button(DwsLoginPage.java:30)
at com.crm.pom.DwsLoginPage.login_button(DwsLoginPage.java:30)
at com.crm.pom.DwsLoginPage.login_button(DwsLoginPage.java:30)
at com.crm.pom.DwsLoginPage.login_button(DwsLoginPage.java:30)
at com.crm.pom.DwsLoginPage.login_button(DwsLoginPage.java:30)
at com.crm.pom.DwsLoginPage.login_button(DwsLoginPage.java:30)
at com.crm.pom.DwsLoginPage.login_button(DwsLoginPage.java:30)
at com.crm.pom.DwsLoginPage.login_button(DwsLoginPage.java:30)
at com.crm.pom.DwsLoginPage.login_button(DwsLoginPage.java:30)
at com.crm.pom.DwsLoginPage.login_button(DwsLoginPage.java:30)
at com.crm.pom.DwsLoginPage.login_button(DwsLoginPage.java:30)
at com.crm.pom.DwsLoginPage.login_button(DwsLoginPage.java:30)
at com.crm.pom.DwsLoginPage.login_button(DwsLoginPage.java:30)
at com.crm.pom.DwsLoginPage.login_button(DwsLoginPage.java:30)
at com.crm.pom.DwsLoginPage.login_button(DwsLoginPage.java:30)
at com.crm.pom.DwsLoginPage.login_button(DwsLoginPage.java:30)
at com.crm.pom.DwsLoginPage.login_button(DwsLoginPage.java:30)
at com.crm.pom.DwsLoginPage.login_button(DwsLoginPage.java:30)
at com.crm.pom.DwsLoginPage.login_button(DwsLoginPage.java:30)
at com.crm.pom.DwsLoginPage.login_button(DwsLoginPage.java:30)
at com.crm.pom.DwsLoginPage.login_button(DwsLoginPage.java:30)
at com.crm.pom.DwsLoginPage.login_button(DwsLoginPage.java:30)
at com.crm.pom.DwsLoginPage.login_button(DwsLoginPage.java:30)
at com.crm.pom.DwsLoginPage.login_button(DwsLoginPage.java:30)
at com.crm.pom.DwsLoginPage.login_button(DwsLoginPage.java:30)
at com.crm.pom.DwsLoginPage.login_button(DwsLoginPage.java:30)
at com.crm.pom.DwsLoginPage.login_button(DwsLoginPage.java:30)
at com.crm.pom.DwsLoginPage.login_button(DwsLoginPage.java:30)
at com.crm.pom.DwsLoginPage.login_button(DwsLoginPage.java:30)
at com.crm.pom.DwsLoginPage.login_button(DwsLoginPage.java:30)
at com.crm.pom.DwsLoginPage.login_button(DwsLoginPage.java:30)
at com.crm.pom.DwsLoginPage.login_button(DwsLoginPage.java:30)
at com.crm.pom.DwsLoginPage.login_button(DwsLoginPage.java:30)
at com.crm.pom.DwsLoginPage.login_button(DwsLoginPage.java:30)
at com.crm.pom.DwsLoginPage.login_button(DwsLoginPage.java:30)
at com.crm.pom.DwsLoginPage.login_button(DwsLoginPage.java:30)
at com.crm.pom.DwsLoginPage.login_button(DwsLoginPage.java:30)
at com.crm.pom.DwsLoginPage.login_button(DwsLoginPage.java:30)
at com.crm.pom.DwsLoginPage.login_button(DwsLoginPage.java:30)
at com.crm.pom.DwsLoginPage.login_button(DwsLoginPage.java:30)
at com.crm.pom.DwsLoginPage.login_button(DwsLoginPage.java:30)
at com.crm.pom.DwsLoginPage.login_button(DwsLoginPage.java:30)
at com.crm.pom.DwsLoginPage.login_button(DwsLoginPage.java:30)
at com.crm.pom.DwsLoginPage.login_button(DwsLoginPage.java:30)
at com.crm.pom.DwsLoginPage.login_button(DwsLoginPage.java:30)
at com.crm.pom.DwsLoginPage.login_button(DwsLoginPage.java:30)
at com.crm.pom.DwsLoginPage.login_button(DwsLoginPage.java:30)
at com.crm.pom.DwsLoginPage.login_button(DwsLoginPage.java:30)
at com.crm.pom.DwsLoginPage.login_button(DwsLoginPage.java:30)
at com.crm.pom.DwsLoginPage.login_button(DwsLoginPage.java:30)
at com.crm.pom.DwsLoginPage.login_button(DwsLoginPage.java:30)
at com.crm.pom.DwsLoginPage.login_button(DwsLoginPage.java:30)
at com.crm.pom.DwsLoginPage.login_button(DwsLoginPage.java:30)
at com.crm.pom.DwsLoginPage.login_button(DwsLoginPage.java:30)
at com.crm.pom.DwsLoginPage.login_button(DwsLoginPage.java:30)
at com.crm.pom.DwsLoginPage.login_button(DwsLoginPage.java:30)
at com.crm.pom.DwsLoginPage.login_button(DwsLoginPage.java:30)
at com.crm.pom.DwsLoginPage.login_button(DwsLoginPage.java:30)
at com.crm.pom.DwsLoginPage.login_button(DwsLoginPage.java:30)
at com.crm.pom.DwsLoginPage.login_button(DwsLoginPage.java:30)
at com.crm.pom.DwsLoginPage.login_button(DwsLoginPage.java:30)
at com.crm.pom.DwsLoginPage.login_button(DwsLoginPage.java:30)
at com.crm.pom.DwsLoginPage.login_button(DwsLoginPage.java:30)
at com.crm.pom.DwsLoginPage.login_button(DwsLoginPage.java:30)
at com.crm.pom.DwsLoginPage.login_button(DwsLoginPage.java:30)
at com.crm.pom.DwsLoginPage.login_button(DwsLoginPage.java:30)
at com.crm.pom.DwsLoginPage.login_button(DwsLoginPage.java:30)
at com.crm.pom.DwsLoginPage.login_button(DwsLoginPage.java:30)
at com.crm.pom.DwsLoginPage.login_button(DwsLoginPage.java:30)
at com.crm.pom.DwsLoginPage.login_button(DwsLoginPage.java:30)
at com.crm.pom.DwsLoginPage.login_button(DwsLoginPage.java:30)
at com.crm.pom.DwsLoginPage.login_button(DwsLoginPage.java:30)
at com.crm.pom.DwsLoginPage.login_button(DwsLoginPage.java:30)
at com.crm.pom.DwsLoginPage.login_button(DwsLoginPage.java:30)
at com.crm.pom.DwsLoginPage.login_button(DwsLoginPage.java:30)
at com.crm.pom.DwsLoginPage.login_button(DwsLoginPage.java:30)
at com.crm.pom.DwsLoginPage.login_button(DwsLoginPage.java:30)
at com.crm.pom.DwsLoginPage.login_button(DwsLoginPage.java:30)
at com.crm.pom.DwsLoginPage.login_button(DwsLoginPage.java:30)
at com.crm.pom.DwsLoginPage.login_button(DwsLoginPage.java:30)
at com.crm.pom.DwsLoginPage.login_button(DwsLoginPage.java:30)
at com.crm.pom.DwsLoginPage.login_button(DwsLoginPage.java:30)
at com.crm.pom.DwsLoginPage.login_button(DwsLoginPage.java:30)
at com.crm.pom.DwsLoginPage.login_button(DwsLoginPage.java:30)
at com.crm.pom.DwsLoginPage.login_button(DwsLoginPage.java:30)
at com.crm.pom.DwsLoginPage.login_button(DwsLoginPage.java:30)
at com.crm.pom.DwsLoginPage.login_button(DwsLoginPage.java:30)
at com.crm.pom.DwsLoginPage.login_button(DwsLoginPage.java:30)
at com.crm.pom.DwsLoginPage.login_button(DwsLoginPage.java:30)
at com.crm.pom.DwsLoginPage.login_button(DwsLoginPage.java:30)
at com.crm.pom.DwsLoginPage.login_button(DwsLoginPage.java:30)
at com.crm.pom.DwsLoginPage.login_button(DwsLoginPage.java:30)
at com.crm.pom.DwsLoginPage.login_button(DwsLoginPage.java:30)
at com.crm.pom.DwsLoginPage.login_button(DwsLoginPage.java:30)
at com.crm.pom.DwsLoginPage.login_button(DwsLoginPage.java:30)
at com.crm.pom.DwsLoginPage.login_button(DwsLoginPage.java:30)
at com.crm.pom.DwsLoginPage.login_button(DwsLoginPage.java:30)
at com.crm.pom.DwsLoginPage.login_button(DwsLoginPage.java:30)
at com.crm.pom.DwsLoginPage.login_button(DwsLoginPage.java:30)
at com.crm.pom.DwsLoginPage.login_button(DwsLoginPage.java:30)
at com.crm.pom.DwsLoginPage.login_button(DwsLoginPage.java:30)
at com.crm.pom.DwsLoginPage.login_button(DwsLoginPage.java:30)
at com.crm.pom.DwsLoginPage.login_button(DwsLoginPage.java:30)
at com.crm.pom.DwsLoginPage.login_button(DwsLoginPage.java:30)
at com.crm.pom.DwsLoginPage.login_button(DwsLoginPage.java:30)
at com.crm.pom.DwsLoginPage.login_button(DwsLoginPage.java:30)
at com.crm.pom.DwsLoginPage.login_button(DwsLoginPage.java:30)
at com.crm.pom.DwsLoginPage.login_button(DwsLoginPage.java:30)
at com.crm.pom.DwsLoginPage.login_button(DwsLoginPage.java:30)
at com.crm.pom.DwsLoginPage.login_button(DwsLoginPage.java:30)
at com.crm.pom.DwsLoginPage.login_button(DwsLoginPage.java:30)
at com.crm.pom.DwsLoginPage.login_button(DwsLoginPage.java:30)
at com.crm.pom.DwsLoginPage.login_button(DwsLoginPage.java:30)
at com.crm.pom.DwsLoginPage.login_button(DwsLoginPage.java:30)
at com.crm.pom.DwsLoginPage.login_button(DwsLoginPage.java:30)
at com.crm.pom.DwsLoginPage.login_button(DwsLoginPage.java:30)
at com.crm.pom.DwsLoginPage.login_button(DwsLoginPage.java:30)
at com.crm.pom.DwsLoginPage.login_button(DwsLoginPage.java:30)
at com.crm.pom.DwsLoginPage.login_button(DwsLoginPage.java:30)
at com.crm.pom.DwsLoginPage.login_button(DwsLoginPage.java:30)
at com.crm.pom.DwsLoginPage.login_button(DwsLoginPage.java:30)
at com.crm.pom.DwsLoginPage.login_button(DwsLoginPage.java:30)
at com.crm.pom.DwsLoginPage.login_button(DwsLoginPage.java:30)
at com.crm.pom.DwsLoginPage.login_button(DwsLoginPage.java:30)
at com.crm.pom.DwsLoginPage.login_button(DwsLoginPage.java:30)
at com.crm.pom.DwsLoginPage.login_button(DwsLoginPage.java:30)
at com.crm.pom.DwsLoginPage.login_button(DwsLoginPage.java:30)
at com.crm.pom.DwsLoginPage.login_button(DwsLoginPage.java:30)
at com.crm.pom.DwsLoginPage.login_button(DwsLoginPage.java:30)
at com.crm.pom.DwsLoginPage.login_button(DwsLoginPage.java:30)
at com.crm.pom.DwsLoginPage.login_button(DwsLoginPage.java:30)
at com.crm.pom.DwsLoginPage.login_button(DwsLoginPage.java:30)
at com.crm.pom.DwsLoginPage.login_button(DwsLoginPage.java:30)
at com.crm.pom.DwsLoginPage.login_button(DwsLoginPage.java:30)
at com.crm.pom.DwsLoginPage.login_button(DwsLoginPage.java:30)
at com.crm.pom.DwsLoginPage.login_button(DwsLoginPage.java:30)
at com.crm.pom.DwsLoginPage.login_button(DwsLoginPage.java:30)
at com.crm.pom.DwsLoginPage.login_button(DwsLoginPage.java:30)
at com.crm.pom.DwsLoginPage.login_button(DwsLoginPage.java:30)
at com.crm.pom.DwsLoginPage.login_button(DwsLoginPage.java:30)
at com.crm.pom.DwsLoginPage.login_button(DwsLoginPage.java:30)
at com.crm.pom.DwsLoginPage.login_button(DwsLoginPage.java:30)
at com.crm.pom.DwsLoginPage.login_button(DwsLoginPage.java:30)
at com.crm.pom.DwsLoginPage.login_button(DwsLoginPage.java:30)
at com.crm.pom.DwsLoginPage.login_button(DwsLoginPage.java:30)
at com.crm.pom.DwsLoginPage.login_button(DwsLoginPage.java:30)
at com.crm.pom.DwsLoginPage.login_button(DwsLoginPage.java:30)
at com.crm.pom.DwsLoginPage.login_button(DwsLoginPage.java:30)
at com.crm.pom.DwsLoginPage.login_button(DwsLoginPage.java:30)
at com.crm.pom.DwsLoginPage.login_button(DwsLoginPage.java:30)
at com.crm.pom.DwsLoginPage.login_button(DwsLoginPage.java:30)
at com.crm.pom.DwsLoginPage.login_button(DwsLoginPage.java:30)
at com.crm.pom.DwsLoginPage.login_button(DwsLoginPage.java:30)
at com.crm.pom.DwsLoginPage.login_button(DwsLoginPage.java:30)
at com.crm.pom.DwsLoginPage.login_button(DwsLoginPage.java:30)
at com.crm.pom.DwsLoginPage.login_button(DwsLoginPage.java:30)
at com.crm.pom.DwsLoginPage.login_button(DwsLoginPage.java:30)
at com.crm.pom.DwsLoginPage.login_button(DwsLoginPage.java:30)
at com.crm.pom.DwsLoginPage.login_button(DwsLoginPage.java:30)
at com.crm.pom.DwsLoginPage.login_button(DwsLoginPage.java:30)
at com.crm.pom.DwsLoginPage.login_button(DwsLoginPage.java:30)
at com.crm.pom.DwsLoginPage.login_button(DwsLoginPage.java:30)
at com.crm.pom.DwsLoginPage.login_button(DwsLoginPage.java:30)
at com.crm.pom.DwsLoginPage.login_button(DwsLoginPage.java:30)
at com.crm.pom.DwsLoginPage.login_button(DwsLoginPage.java:30)
at com.crm.pom.DwsLoginPage.login_button(DwsLoginPage.java:30)
at com.crm.pom.DwsLoginPage.login_button(DwsLoginPage.java:30)
at com.crm.pom.DwsLoginPage.login_button(DwsLoginPage.java:30)
at com.crm.pom.DwsLoginPage.login_button(DwsLoginPage.java:30)
at com.crm.pom.DwsLoginPage.login_button(DwsLoginPage.java:30)
at com.crm.pom.DwsLoginPage.login_button(DwsLoginPage.java:30)
at com.crm.pom.DwsLoginPage.login_button(DwsLoginPage.java:30)
at com.crm.pom.DwsLoginPage.login_button(DwsLoginPage.java:30)
at com.crm.pom.DwsLoginPage.login_button(DwsLoginPage.java:30)
at com.crm.pom.DwsLoginPage.login_button(DwsLoginPage.java:30)
at com.crm.pom.DwsLoginPage.login_button(DwsLoginPage.java:30)
at com.crm.pom.DwsLoginPage.login_button(DwsLoginPage.java:30)
at com.crm.pom.DwsLoginPage.login_button(DwsLoginPage.java:30)
at com.crm.pom.DwsLoginPage.login_button(DwsLoginPage.java:30)
at com.crm.pom.DwsLoginPage.login_button(DwsLoginPage.java:30)
at com.crm.pom.DwsLoginPage.login_button(DwsLoginPage.java:30)
at com.crm.pom.DwsLoginPage.login_button(DwsLoginPage.java:30)
at com.crm.pom.DwsLoginPage.login_button(DwsLoginPage.java:30)
at com.crm.pom.DwsLoginPage.login_button(DwsLoginPage.java:30)
at com.crm.pom.DwsLoginPage.login_button(DwsLoginPage.java:30)
at com.crm.pom.DwsLoginPage.login_button(DwsLoginPage.java:30)
at com.crm.pom.DwsLoginPage.login_button(DwsLoginPage.java:30)
at com.crm.pom.DwsLoginPage.login_button(DwsLoginPage.java:30)
at com.crm.pom.DwsLoginPage.login_button(DwsLoginPage.java:30)
at com.crm.pom.DwsLoginPage.login_button(DwsLoginPage.java:30)
at com.crm.pom.DwsLoginPage.login_button(DwsLoginPage.java:30)
at com.crm.pom.DwsLoginPage.login_button(DwsLoginPage.java:30)
at com.crm.pom.DwsLoginPage.login_button(DwsLoginPage.java:30)
at com.crm.pom.DwsLoginPage.login_button(DwsLoginPage.java:30)
at com.crm.pom.DwsLoginPage.login_button(DwsLoginPage.java:30)
at com.crm.pom.DwsLoginPage.login_button(DwsLoginPage.java:30)
at com.crm.pom.DwsLoginPage.login_button(DwsLoginPage.java:30)
at com.crm.pom.DwsLoginPage.login_button(DwsLoginPage.java:30)
at com.crm.pom.DwsLoginPage.login_button(DwsLoginPage.java:30)
at com.crm.pom.DwsLoginPage.login_button(DwsLoginPage.java:30)
at com.crm.pom.DwsLoginPage.login_button(DwsLoginPage.java:30)
at com.crm.pom.DwsLoginPage.login_button(DwsLoginPage.java:30)
at com.crm.pom.DwsLoginPage.login_button(DwsLoginPage.java:30)
at com.crm.pom.DwsLoginPage.login_button(DwsLoginPage.java:30)
at com.crm.pom.DwsLoginPage.login_button(DwsLoginPage.java:30)
at com.crm.pom.DwsLoginPage.login_button(DwsLoginPage.java:30)
at com.crm.pom.DwsLoginPage.login_button(DwsLoginPage.java:30)
at com.crm.pom.DwsLoginPage.login_button(DwsLoginPage.java:30)
at com.crm.pom.DwsLoginPage.login_button(DwsLoginPage.java:30)
at com.crm.pom.DwsLoginPage.login_button(DwsLoginPage.java:30)
at com.crm.pom.DwsLoginPage.login_button(DwsLoginPage.java:30)
at com.crm.pom.DwsLoginPage.login_button(DwsLoginPage.java:30)
at com.crm.pom.DwsLoginPage.login_button(DwsLoginPage.java:30)
at com.crm.pom.DwsLoginPage.login_button(DwsLoginPage.java:30)
at com.crm.pom.DwsLoginPage.login_button(DwsLoginPage.java:30)
at com.crm.pom.DwsLoginPage.login_button(DwsLoginPage.java:30)
at com.crm.pom.DwsLoginPage.login_button(DwsLoginPage.java:30)
at com.crm.pom.DwsLoginPage.login_button(DwsLoginPage.java:30)
at com.crm.pom.DwsLoginPage.login_button(DwsLoginPage.java:30)
at com.crm.pom.DwsLoginPage.login_button(DwsLoginPage.java:30)
at com.crm.pom.DwsLoginPage.login_button(DwsLoginPage.java:30)
at com.crm.pom.DwsLoginPage.login_button(DwsLoginPage.java:30)
at com.crm.pom.DwsLoginPage.login_button(DwsLoginPage.java:30)
at com.crm.pom.DwsLoginPage.login_button(DwsLoginPage.java:30)
at com.crm.pom.DwsLoginPage.login_button(DwsLoginPage.java:30)
at com.crm.pom.DwsLoginPage.login_button(DwsLoginPage.java:30)
at com.crm.pom.DwsLoginPage.login_button(DwsLoginPage.java:30)
at com.crm.pom.DwsLoginPage.login_button(DwsLoginPage.java:30)
at com.crm.pom.DwsLoginPage.login_button(DwsLoginPage.java:30)
at com.crm.pom.DwsLoginPage.login_button(DwsLoginPage.java:30)
at com.crm.pom.DwsLoginPage.login_button(DwsLoginPage.java:30)
at com.crm.pom.DwsLoginPage.login_button(DwsLoginPage.java:30)
at com.crm.pom.DwsLoginPage.login_button(DwsLoginPage.java:30)
at com.crm.pom.DwsLoginPage.login_button(DwsLoginPage.java:30)
at com.crm.pom.DwsLoginPage.login_button(DwsLoginPage.java:30)
at com.crm.pom.DwsLoginPage.login_button(DwsLoginPage.java:30)
at com.crm.pom.DwsLoginPage.login_button(DwsLoginPage.java:30)
at com.crm.pom.DwsLoginPage.login_button(DwsLoginPage.java:30)
at com.crm.pom.DwsLoginPage.login_button(DwsLoginPage.java:30)
at com.crm.pom.DwsLoginPage.login_button(DwsLoginPage.java:30)
at com.crm.pom.DwsLoginPage.login_button(DwsLoginPage.java:30)
at com.crm.pom.DwsLoginPage.login_button(DwsLoginPage.java:30)
at com.crm.pom.DwsLoginPage.login_button(DwsLoginPage.java:30)
at com.crm.pom.DwsLoginPage.login_button(DwsLoginPage.java:30)
at com.crm.pom.DwsLoginPage.login_button(DwsLoginPage.java:30)
at com.crm.pom.DwsLoginPage.login_button(DwsLoginPage.java:30)
at com.crm.pom.DwsLoginPage.login_button(DwsLoginPage.java:30)
at com.crm.pom.DwsLoginPage.login_button(DwsLoginPage.java:30)
at com.crm.pom.DwsLoginPage.login_button(DwsLoginPage.java:30)
at com.crm.pom.DwsLoginPage.login_button(DwsLoginPage.java:30)
at com.crm.pom.DwsLoginPage.login_button(DwsLoginPage.java:30)
at com.crm.pom.DwsLoginPage.login_button(DwsLoginPage.java:30)
at com.crm.pom.DwsLoginPage.login_button(DwsLoginPage.java:30)
at com.crm.pom.DwsLoginPage.login_button(DwsLoginPage.java:30)
at com.crm.pom.DwsLoginPage.login_button(DwsLoginPage.java:30)
at com.crm.pom.DwsLoginPage.login_button(DwsLoginPage.java:30)
at com.crm.pom.DwsLoginPage.login_button(DwsLoginPage.java:30)
at com.crm.pom.DwsLoginPage.login_button(DwsLoginPage.java:30)
at com.crm.pom.DwsLoginPage.login_button(DwsLoginPage.java:30)
at com.crm.pom.DwsLoginPage.login_button(DwsLoginPage.java:30)
at com.crm.pom.DwsLoginPage.login_button(DwsLoginPage.java:30)
at com.crm.pom.DwsLoginPage.login_button(DwsLoginPage.java:30)
at com.crm.pom.DwsLoginPage.login_button(DwsLoginPage.java:30)
at com.crm.pom.DwsLoginPage.login_button(DwsLoginPage.java:30)
at com.crm.pom.DwsLoginPage.login_button(DwsLoginPage.java:30)
at com.crm.pom.DwsLoginPage.login_button(DwsLoginPage.java:30)
at com.crm.pom.DwsLoginPage.login_button(DwsLoginPage.java:30)
at com.crm.pom.DwsLoginPage.login_button(DwsLoginPage.java:30)
at com.crm.pom.DwsLoginPage.login_button(DwsLoginPage.java:30)
at com.crm.pom.DwsLoginPage.login_button(DwsLoginPage.java:30)
at com.crm.pom.DwsLoginPage.login_button(DwsLoginPage.java:30)
at com.crm.pom.DwsLoginPage.login_button(DwsLoginPage.java:30)
at com.crm.pom.DwsLoginPage.login_button(DwsLoginPage.java:30)
at com.crm.pom.DwsLoginPage.login_button(DwsLoginPage.java:30)
at com.crm.pom.DwsLoginPage.login_button(DwsLoginPage.java:30)
at com.crm.pom.DwsLoginPage.login_button(DwsLoginPage.java:30)
at com.crm.pom.DwsLoginPage.login_button(DwsLoginPage.java:30)
at com.crm.pom.DwsLoginPage.login_button(DwsLoginPage.java:30)
at com.crm.pom.DwsLoginPage.login_button(DwsLoginPage.java:30)
at com.crm.pom.DwsLoginPage.login_button(DwsLoginPage.java:30)
at com.crm.pom.DwsLoginPage.login_button(DwsLoginPage.java:30)
at com.crm.pom.DwsLoginPage.login_button(DwsLoginPage.java:30)
at com.crm.pom.DwsLoginPage.login_button(DwsLoginPage.java:30)
at com.crm.pom.DwsLoginPage.login_button(DwsLoginPage.java:30)
at com.crm.pom.DwsLoginPage.login_button(DwsLoginPage.java:30)
at com.crm.pom.DwsLoginPage.login_button(DwsLoginPage.java:30)
at com.crm.pom.DwsLoginPage.login_button(DwsLoginPage.java:30)
at com.crm.pom.DwsLoginPage.login_button(DwsLoginPage.java:30)
at com.crm.pom.DwsLoginPage.login_button(DwsLoginPage.java:30)
at com.crm.pom.DwsLoginPage.login_button(DwsLoginPage.java:30)
at com.crm.pom.DwsLoginPage.login_button(DwsLoginPage.java:30)
at com.crm.pom.DwsLoginPage.login_button(DwsLoginPage.java:30)
at com.crm.pom.DwsLoginPage.login_button(DwsLoginPage.java:30)
at com.crm.pom.DwsLoginPage.login_button(DwsLoginPage.java:30)
at com.crm.pom.DwsLoginPage.login_button(DwsLoginPage.java:30)
at com.crm.pom.DwsLoginPage.login_button(DwsLoginPage.java:30)
at com.crm.pom.DwsLoginPage.login_button(DwsLoginPage.java:30)
at com.crm.pom.DwsLoginPage.login_button(DwsLoginPage.java:30)
at com.crm.pom.DwsLoginPage.login_button(DwsLoginPage.java:30)
at com.crm.pom.DwsLoginPage.login_button(DwsLoginPage.java:30)
at com.crm.pom.DwsLoginPage.login_button(DwsLoginPage.java:30)
at com.crm.pom.DwsLoginPage.login_button(DwsLoginPage.java:30)
at com.crm.pom.DwsLoginPage.login_button(DwsLoginPage.java:30)
at com.crm.pom.DwsLoginPage.login_button(DwsLoginPage.java:30)
at com.crm.pom.DwsLoginPage.login_button(DwsLoginPage.java:30)
at com.crm.pom.DwsLoginPage.login_button(DwsLoginPage.java:30)
at com.crm.pom.DwsLoginPage.login_button(DwsLoginPage.java:30)
at com.crm.pom.DwsLoginPage.login_button(DwsLoginPage.java:30)
]]>
    </failure>
  </testcase> <!-- dwsLoginWrong -->
  <testcase classname="com.crm.listernersCode.ExtentReportWithScreenShot" name="dwsLoginCorrect" time="3.778">
    <failure type="java.lang.StackOverflowError">
      <![CDATA[java.lang.StackOverflowError
at com.crm.pom.DwsLoginPage.login_button(DwsLoginPage.java:30)
at com.crm.pom.DwsLoginPage.login_button(DwsLoginPage.java:30)
at com.crm.pom.DwsLoginPage.login_button(DwsLoginPage.java:30)
at com.crm.pom.DwsLoginPage.login_button(DwsLoginPage.java:30)
at com.crm.pom.DwsLoginPage.login_button(DwsLoginPage.java:30)
at com.crm.pom.DwsLoginPage.login_button(DwsLoginPage.java:30)
at com.crm.pom.DwsLoginPage.login_button(DwsLoginPage.java:30)
at com.crm.pom.DwsLoginPage.login_button(DwsLoginPage.java:30)
at com.crm.pom.DwsLoginPage.login_button(DwsLoginPage.java:30)
at com.crm.pom.DwsLoginPage.login_button(DwsLoginPage.java:30)
at com.crm.pom.DwsLoginPage.login_button(DwsLoginPage.java:30)
at com.crm.pom.DwsLoginPage.login_button(DwsLoginPage.java:30)
at com.crm.pom.DwsLoginPage.login_button(DwsLoginPage.java:30)
at com.crm.pom.DwsLoginPage.login_button(DwsLoginPage.java:30)
at com.crm.pom.DwsLoginPage.login_button(DwsLoginPage.java:30)
at com.crm.pom.DwsLoginPage.login_button(DwsLoginPage.java:30)
at com.crm.pom.DwsLoginPage.login_button(DwsLoginPage.java:30)
at com.crm.pom.DwsLoginPage.login_button(DwsLoginPage.java:30)
at com.crm.pom.DwsLoginPage.login_button(DwsLoginPage.java:30)
at com.crm.pom.DwsLoginPage.login_button(DwsLoginPage.java:30)
at com.crm.pom.DwsLoginPage.login_button(DwsLoginPage.java:30)
at com.crm.pom.DwsLoginPage.login_button(DwsLoginPage.java:30)
at com.crm.pom.DwsLoginPage.login_button(DwsLoginPage.java:30)
at com.crm.pom.DwsLoginPage.login_button(DwsLoginPage.java:30)
at com.crm.pom.DwsLoginPage.login_button(DwsLoginPage.java:30)
at com.crm.pom.DwsLoginPage.login_button(DwsLoginPage.java:30)
at com.crm.pom.DwsLoginPage.login_button(DwsLoginPage.java:30)
at com.crm.pom.DwsLoginPage.login_button(DwsLoginPage.java:30)
at com.crm.pom.DwsLoginPage.login_button(DwsLoginPage.java:30)
at com.crm.pom.DwsLoginPage.login_button(DwsLoginPage.java:30)
at com.crm.pom.DwsLoginPage.login_button(DwsLoginPage.java:30)
at com.crm.pom.DwsLoginPage.login_button(DwsLoginPage.java:30)
at com.crm.pom.DwsLoginPage.login_button(DwsLoginPage.java:30)
at com.crm.pom.DwsLoginPage.login_button(DwsLoginPage.java:30)
at com.crm.pom.DwsLoginPage.login_button(DwsLoginPage.java:30)
at com.crm.pom.DwsLoginPage.login_button(DwsLoginPage.java:30)
at com.crm.pom.DwsLoginPage.login_button(DwsLoginPage.java:30)
at com.crm.pom.DwsLoginPage.login_button(DwsLoginPage.java:30)
at com.crm.pom.DwsLoginPage.login_button(DwsLoginPage.java:30)
at com.crm.pom.DwsLoginPage.login_button(DwsLoginPage.java:30)
at com.crm.pom.DwsLoginPage.login_button(DwsLoginPage.java:30)
at com.crm.pom.DwsLoginPage.login_button(DwsLoginPage.java:30)
at com.crm.pom.DwsLoginPage.login_button(DwsLoginPage.java:30)
at com.crm.pom.DwsLoginPage.login_button(DwsLoginPage.java:30)
at com.crm.pom.DwsLoginPage.login_button(DwsLoginPage.java:30)
at com.crm.pom.DwsLoginPage.login_button(DwsLoginPage.java:30)
at com.crm.pom.DwsLoginPage.login_button(DwsLoginPage.java:30)
at com.crm.pom.DwsLoginPage.login_button(DwsLoginPage.java:30)
at com.crm.pom.DwsLoginPage.login_button(DwsLoginPage.java:30)
at com.crm.pom.DwsLoginPage.login_button(DwsLoginPage.java:30)
at com.crm.pom.DwsLoginPage.login_button(DwsLoginPage.java:30)
at com.crm.pom.DwsLoginPage.login_button(DwsLoginPage.java:30)
at com.crm.pom.DwsLoginPage.login_button(DwsLoginPage.java:30)
at com.crm.pom.DwsLoginPage.login_button(DwsLoginPage.java:30)
at com.crm.pom.DwsLoginPage.login_button(DwsLoginPage.java:30)
at com.crm.pom.DwsLoginPage.login_button(DwsLoginPage.java:30)
at com.crm.pom.DwsLoginPage.login_button(DwsLoginPage.java:30)
at com.crm.pom.DwsLoginPage.login_button(DwsLoginPage.java:30)
at com.crm.pom.DwsLoginPage.login_button(DwsLoginPage.java:30)
at com.crm.pom.DwsLoginPage.login_button(DwsLoginPage.java:30)
at com.crm.pom.DwsLoginPage.login_button(DwsLoginPage.java:30)
at com.crm.pom.DwsLoginPage.login_button(DwsLoginPage.java:30)
at com.crm.pom.DwsLoginPage.login_button(DwsLoginPage.java:30)
at com.crm.pom.DwsLoginPage.login_button(DwsLoginPage.java:30)
at com.crm.pom.DwsLoginPage.login_button(DwsLoginPage.java:30)
at com.crm.pom.DwsLoginPage.login_button(DwsLoginPage.java:30)
at com.crm.pom.DwsLoginPage.login_button(DwsLoginPage.java:30)
at com.crm.pom.DwsLoginPage.login_button(DwsLoginPage.java:30)
at com.crm.pom.DwsLoginPage.login_button(DwsLoginPage.java:30)
at com.crm.pom.DwsLoginPage.login_button(DwsLoginPage.java:30)
at com.crm.pom.DwsLoginPage.login_button(DwsLoginPage.java:30)
at com.crm.pom.DwsLoginPage.login_button(DwsLoginPage.java:30)
at com.crm.pom.DwsLoginPage.login_button(DwsLoginPage.java:30)
at com.crm.pom.DwsLoginPage.login_button(DwsLoginPage.java:30)
at com.crm.pom.DwsLoginPage.login_button(DwsLoginPage.java:30)
at com.crm.pom.DwsLoginPage.login_button(DwsLoginPage.java:30)
at com.crm.pom.DwsLoginPage.login_button(DwsLoginPage.java:30)
at com.crm.pom.DwsLoginPage.login_button(DwsLoginPage.java:30)
at com.crm.pom.DwsLoginPage.login_button(DwsLoginPage.java:30)
at com.crm.pom.DwsLoginPage.login_button(DwsLoginPage.java:30)
at com.crm.pom.DwsLoginPage.login_button(DwsLoginPage.java:30)
at com.crm.pom.DwsLoginPage.login_button(DwsLoginPage.java:30)
at com.crm.pom.DwsLoginPage.login_button(DwsLoginPage.java:30)
at com.crm.pom.DwsLoginPage.login_button(DwsLoginPage.java:30)
at com.crm.pom.DwsLoginPage.login_button(DwsLoginPage.java:30)
at com.crm.pom.DwsLoginPage.login_button(DwsLoginPage.java:30)
at com.crm.pom.DwsLoginPage.login_button(DwsLoginPage.java:30)
at com.crm.pom.DwsLoginPage.login_button(DwsLoginPage.java:30)
at com.crm.pom.DwsLoginPage.login_button(DwsLoginPage.java:30)
at com.crm.pom.DwsLoginPage.login_button(DwsLoginPage.java:30)
at com.crm.pom.DwsLoginPage.login_button(DwsLoginPage.java:30)
at com.crm.pom.DwsLoginPage.login_button(DwsLoginPage.java:30)
at com.crm.pom.DwsLoginPage.login_button(DwsLoginPage.java:30)
at com.crm.pom.DwsLoginPage.login_button(DwsLoginPage.java:30)
at com.crm.pom.DwsLoginPage.login_button(DwsLoginPage.java:30)
at com.crm.pom.DwsLoginPage.login_button(DwsLoginPage.java:30)
at com.crm.pom.DwsLoginPage.login_button(DwsLoginPage.java:30)
at com.crm.pom.DwsLoginPage.login_button(DwsLoginPage.java:30)
at com.crm.pom.DwsLoginPage.login_button(DwsLoginPage.java:30)
at com.crm.pom.DwsLoginPage.login_button(DwsLoginPage.java:30)
at com.crm.pom.DwsLoginPage.login_button(DwsLoginPage.java:30)
at com.crm.pom.DwsLoginPage.login_button(DwsLoginPage.java:30)
at com.crm.pom.DwsLoginPage.login_button(DwsLoginPage.java:30)
at com.crm.pom.DwsLoginPage.login_button(DwsLoginPage.java:30)
at com.crm.pom.DwsLoginPage.login_button(DwsLoginPage.java:30)
at com.crm.pom.DwsLoginPage.login_button(DwsLoginPage.java:30)
at com.crm.pom.DwsLoginPage.login_button(DwsLoginPage.java:30)
at com.crm.pom.DwsLoginPage.login_button(DwsLoginPage.java:30)
at com.crm.pom.DwsLoginPage.login_button(DwsLoginPage.java:30)
at com.crm.pom.DwsLoginPage.login_button(DwsLoginPage.java:30)
at com.crm.pom.DwsLoginPage.login_button(DwsLoginPage.java:30)
at com.crm.pom.DwsLoginPage.login_button(DwsLoginPage.java:30)
at com.crm.pom.DwsLoginPage.login_button(DwsLoginPage.java:30)
at com.crm.pom.DwsLoginPage.login_button(DwsLoginPage.java:30)
at com.crm.pom.DwsLoginPage.login_button(DwsLoginPage.java:30)
at com.crm.pom.DwsLoginPage.login_button(DwsLoginPage.java:30)
at com.crm.pom.DwsLoginPage.login_button(DwsLoginPage.java:30)
at com.crm.pom.DwsLoginPage.login_button(DwsLoginPage.java:30)
at com.crm.pom.DwsLoginPage.login_button(DwsLoginPage.java:30)
at com.crm.pom.DwsLoginPage.login_button(DwsLoginPage.java:30)
at com.crm.pom.DwsLoginPage.login_button(DwsLoginPage.java:30)
at com.crm.pom.DwsLoginPage.login_button(DwsLoginPage.java:30)
at com.crm.pom.DwsLoginPage.login_button(DwsLoginPage.java:30)
at com.crm.pom.DwsLoginPage.login_button(DwsLoginPage.java:30)
at com.crm.pom.DwsLoginPage.login_button(DwsLoginPage.java:30)
at com.crm.pom.DwsLoginPage.login_button(DwsLoginPage.java:30)
at com.crm.pom.DwsLoginPage.login_button(DwsLoginPage.java:30)
at com.crm.pom.DwsLoginPage.login_button(DwsLoginPage.java:30)
at com.crm.pom.DwsLoginPage.login_button(DwsLoginPage.java:30)
at com.crm.pom.DwsLoginPage.login_button(DwsLoginPage.java:30)
at com.crm.pom.DwsLoginPage.login_button(DwsLoginPage.java:30)
at com.crm.pom.DwsLoginPage.login_button(DwsLoginPage.java:30)
at com.crm.pom.DwsLoginPage.login_button(DwsLoginPage.java:30)
at com.crm.pom.DwsLoginPage.login_button(DwsLoginPage.java:30)
at com.crm.pom.DwsLoginPage.login_button(DwsLoginPage.java:30)
at com.crm.pom.DwsLoginPage.login_button(DwsLoginPage.java:30)
at com.crm.pom.DwsLoginPage.login_button(DwsLoginPage.java:30)
at com.crm.pom.DwsLoginPage.login_button(DwsLoginPage.java:30)
at com.crm.pom.DwsLoginPage.login_button(DwsLoginPage.java:30)
at com.crm.pom.DwsLoginPage.login_button(DwsLoginPage.java:30)
at com.crm.pom.DwsLoginPage.login_button(DwsLoginPage.java:30)
at com.crm.pom.DwsLoginPage.login_button(DwsLoginPage.java:30)
at com.crm.pom.DwsLoginPage.login_button(DwsLoginPage.java:30)
at com.crm.pom.DwsLoginPage.login_button(DwsLoginPage.java:30)
at com.crm.pom.DwsLoginPage.login_button(DwsLoginPage.java:30)
at com.crm.pom.DwsLoginPage.login_button(DwsLoginPage.java:30)
at com.crm.pom.DwsLoginPage.login_button(DwsLoginPage.java:30)
at com.crm.pom.DwsLoginPage.login_button(DwsLoginPage.java:30)
at com.crm.pom.DwsLoginPage.login_button(DwsLoginPage.java:30)
at com.crm.pom.DwsLoginPage.login_button(DwsLoginPage.java:30)
at com.crm.pom.DwsLoginPage.login_button(DwsLoginPage.java:30)
at com.crm.pom.DwsLoginPage.login_button(DwsLoginPage.java:30)
at com.crm.pom.DwsLoginPage.login_button(DwsLoginPage.java:30)
at com.crm.pom.DwsLoginPage.login_button(DwsLoginPage.java:30)
at com.crm.pom.DwsLoginPage.login_button(DwsLoginPage.java:30)
at com.crm.pom.DwsLoginPage.login_button(DwsLoginPage.java:30)
at com.crm.pom.DwsLoginPage.login_button(DwsLoginPage.java:30)
at com.crm.pom.DwsLoginPage.login_button(DwsLoginPage.java:30)
at com.crm.pom.DwsLoginPage.login_button(DwsLoginPage.java:30)
at com.crm.pom.DwsLoginPage.login_button(DwsLoginPage.java:30)
at com.crm.pom.DwsLoginPage.login_button(DwsLoginPage.java:30)
at com.crm.pom.DwsLoginPage.login_button(DwsLoginPage.java:30)
at com.crm.pom.DwsLoginPage.login_button(DwsLoginPage.java:30)
at com.crm.pom.DwsLoginPage.login_button(DwsLoginPage.java:30)
at com.crm.pom.DwsLoginPage.login_button(DwsLoginPage.java:30)
at com.crm.pom.DwsLoginPage.login_button(DwsLoginPage.java:30)
at com.crm.pom.DwsLoginPage.login_button(DwsLoginPage.java:30)
at com.crm.pom.DwsLoginPage.login_button(DwsLoginPage.java:30)
at com.crm.pom.DwsLoginPage.login_button(DwsLoginPage.java:30)
at com.crm.pom.DwsLoginPage.login_button(DwsLoginPage.java:30)
at com.crm.pom.DwsLoginPage.login_button(DwsLoginPage.java:30)
at com.crm.pom.DwsLoginPage.login_button(DwsLoginPage.java:30)
at com.crm.pom.DwsLoginPage.login_button(DwsLoginPage.java:30)
at com.crm.pom.DwsLoginPage.login_button(DwsLoginPage.java:30)
at com.crm.pom.DwsLoginPage.login_button(DwsLoginPage.java:30)
at com.crm.pom.DwsLoginPage.login_button(DwsLoginPage.java:30)
at com.crm.pom.DwsLoginPage.login_button(DwsLoginPage.java:30)
at com.crm.pom.DwsLoginPage.login_button(DwsLoginPage.java:30)
at com.crm.pom.DwsLoginPage.login_button(DwsLoginPage.java:30)
at com.crm.pom.DwsLoginPage.login_button(DwsLoginPage.java:30)
at com.crm.pom.DwsLoginPage.login_button(DwsLoginPage.java:30)
at com.crm.pom.DwsLoginPage.login_button(DwsLoginPage.java:30)
at com.crm.pom.DwsLoginPage.login_button(DwsLoginPage.java:30)
at com.crm.pom.DwsLoginPage.login_button(DwsLoginPage.java:30)
at com.crm.pom.DwsLoginPage.login_button(DwsLoginPage.java:30)
at com.crm.pom.DwsLoginPage.login_button(DwsLoginPage.java:30)
at com.crm.pom.DwsLoginPage.login_button(DwsLoginPage.java:30)
at com.crm.pom.DwsLoginPage.login_button(DwsLoginPage.java:30)
at com.crm.pom.DwsLoginPage.login_button(DwsLoginPage.java:30)
at com.crm.pom.DwsLoginPage.login_button(DwsLoginPage.java:30)
at com.crm.pom.DwsLoginPage.login_button(DwsLoginPage.java:30)
at com.crm.pom.DwsLoginPage.login_button(DwsLoginPage.java:30)
at com.crm.pom.DwsLoginPage.login_button(DwsLoginPage.java:30)
at com.crm.pom.DwsLoginPage.login_button(DwsLoginPage.java:30)
at com.crm.pom.DwsLoginPage.login_button(DwsLoginPage.java:30)
at com.crm.pom.DwsLoginPage.login_button(DwsLoginPage.java:30)
at com.crm.pom.DwsLoginPage.login_button(DwsLoginPage.java:30)
at com.crm.pom.DwsLoginPage.login_button(DwsLoginPage.java:30)
at com.crm.pom.DwsLoginPage.login_button(DwsLoginPage.java:30)
at com.crm.pom.DwsLoginPage.login_button(DwsLoginPage.java:30)
at com.crm.pom.DwsLoginPage.login_button(DwsLoginPage.java:30)
at com.crm.pom.DwsLoginPage.login_button(DwsLoginPage.java:30)
at com.crm.pom.DwsLoginPage.login_button(DwsLoginPage.java:30)
at com.crm.pom.DwsLoginPage.login_button(DwsLoginPage.java:30)
at com.crm.pom.DwsLoginPage.login_button(DwsLoginPage.java:30)
at com.crm.pom.DwsLoginPage.login_button(DwsLoginPage.java:30)
at com.crm.pom.DwsLoginPage.login_button(DwsLoginPage.java:30)
at com.crm.pom.DwsLoginPage.login_button(DwsLoginPage.java:30)
at com.crm.pom.DwsLoginPage.login_button(DwsLoginPage.java:30)
at com.crm.pom.DwsLoginPage.login_button(DwsLoginPage.java:30)
at com.crm.pom.DwsLoginPage.login_button(DwsLoginPage.java:30)
at com.crm.pom.DwsLoginPage.login_button(DwsLoginPage.java:30)
at com.crm.pom.DwsLoginPage.login_button(DwsLoginPage.java:30)
at com.crm.pom.DwsLoginPage.login_button(DwsLoginPage.java:30)
[...]
at com.crm.pom.DwsLoginPage.login_button(DwsLoginPage.java:30)
at com.crm.pom.DwsLoginPage.login_button(DwsLoginPage.java:30)
at com.crm.pom.DwsLoginPage.login_button(DwsLoginPage.java:30)
at com.crm.pom.DwsLoginPage.login_button(DwsLoginPage.java:30)
at com.crm.pom.DwsLoginPage.login_button(DwsLoginPage.java:30)
at com.crm.pom.DwsLoginPage.login_button(DwsLoginPage.java:30)
at com.crm.pom.DwsLoginPage.login_button(DwsLoginPage.java:30)
at com.crm.pom.DwsLoginPage.login_button(DwsLoginPage.java:30)
at com.crm.pom.DwsLoginPage.login_button(DwsLoginPage.java:30)
at com.crm.pom.DwsLoginPage.login_button(DwsLoginPage.java:30)
at com.crm.pom.DwsLoginPage.login_button(DwsLoginPage.java:30)
at com.crm.pom.DwsLoginPage.login_button(DwsLoginPage.java:30)
at com.crm.pom.DwsLoginPage.login_button(DwsLoginPage.java:30)
at com.crm.pom.DwsLoginPage.login_button(DwsLoginPage.java:30)
at com.crm.pom.DwsLoginPage.login_button(DwsLoginPage.java:30)
at com.crm.pom.DwsLoginPage.login_button(DwsLoginPage.java:30)
at com.crm.pom.DwsLoginPage.login_button(DwsLoginPage.java:30)
at com.crm.pom.DwsLoginPage.login_button(DwsLoginPage.java:30)
at com.crm.pom.DwsLoginPage.login_button(DwsLoginPage.java:30)
at com.crm.pom.DwsLoginPage.login_button(DwsLoginPage.java:30)
at com.crm.pom.DwsLoginPage.login_button(DwsLoginPage.java:30)
at com.crm.pom.DwsLoginPage.login_button(DwsLoginPage.java:30)
at com.crm.pom.DwsLoginPage.login_button(DwsLoginPage.java:30)
at com.crm.pom.DwsLoginPage.login_button(DwsLoginPage.java:30)
at com.crm.pom.DwsLoginPage.login_button(DwsLoginPage.java:30)
at com.crm.pom.DwsLoginPage.login_button(DwsLoginPage.java:30)
at com.crm.pom.DwsLoginPage.login_button(DwsLoginPage.java:30)
at com.crm.pom.DwsLoginPage.login_button(DwsLoginPage.java:30)
at com.crm.pom.DwsLoginPage.login_button(DwsLoginPage.java:30)
at com.crm.pom.DwsLoginPage.login_button(DwsLoginPage.java:30)
at com.crm.pom.DwsLoginPage.login_button(DwsLoginPage.java:30)
at com.crm.pom.DwsLoginPage.login_button(DwsLoginPage.java:30)
at com.crm.pom.DwsLoginPage.login_button(DwsLoginPage.java:30)
at com.crm.pom.DwsLoginPage.login_button(DwsLoginPage.java:30)
at com.crm.pom.DwsLoginPage.login_button(DwsLoginPage.java:30)
at com.crm.pom.DwsLoginPage.login_button(DwsLoginPage.java:30)
at com.crm.pom.DwsLoginPage.login_button(DwsLoginPage.java:30)
at com.crm.pom.DwsLoginPage.login_button(DwsLoginPage.java:30)
at com.crm.pom.DwsLoginPage.login_button(DwsLoginPage.java:30)
at com.crm.pom.DwsLoginPage.login_button(DwsLoginPage.java:30)
at com.crm.pom.DwsLoginPage.login_button(DwsLoginPage.java:30)
at com.crm.pom.DwsLoginPage.login_button(DwsLoginPage.java:30)
at com.crm.pom.DwsLoginPage.login_button(DwsLoginPage.java:30)
at com.crm.pom.DwsLoginPage.login_button(DwsLoginPage.java:30)
at com.crm.pom.DwsLoginPage.login_button(DwsLoginPage.java:30)
at com.crm.pom.DwsLoginPage.login_button(DwsLoginPage.java:30)
at com.crm.pom.DwsLoginPage.login_button(DwsLoginPage.java:30)
at com.crm.pom.DwsLoginPage.login_button(DwsLoginPage.java:30)
at com.crm.pom.DwsLoginPage.login_button(DwsLoginPage.java:30)
at com.crm.pom.DwsLoginPage.login_button(DwsLoginPage.java:30)
at com.crm.pom.DwsLoginPage.login_button(DwsLoginPage.java:30)
at com.crm.pom.DwsLoginPage.login_button(DwsLoginPage.java:30)
at com.crm.pom.DwsLoginPage.login_button(DwsLoginPage.java:30)
at com.crm.pom.DwsLoginPage.login_button(DwsLoginPage.java:30)
at com.crm.pom.DwsLoginPage.login_button(DwsLoginPage.java:30)
at com.crm.pom.DwsLoginPage.login_button(DwsLoginPage.java:30)
at com.crm.pom.DwsLoginPage.login_button(DwsLoginPage.java:30)
at com.crm.pom.DwsLoginPage.login_button(DwsLoginPage.java:30)
at com.crm.pom.DwsLoginPage.login_button(DwsLoginPage.java:30)
at com.crm.pom.DwsLoginPage.login_button(DwsLoginPage.java:30)
at com.crm.pom.DwsLoginPage.login_button(DwsLoginPage.java:30)
at com.crm.pom.DwsLoginPage.login_button(DwsLoginPage.java:30)
at com.crm.pom.DwsLoginPage.login_button(DwsLoginPage.java:30)
at com.crm.pom.DwsLoginPage.login_button(DwsLoginPage.java:30)
at com.crm.pom.DwsLoginPage.login_button(DwsLoginPage.java:30)
at com.crm.pom.DwsLoginPage.login_button(DwsLoginPage.java:30)
at com.crm.pom.DwsLoginPage.login_button(DwsLoginPage.java:30)
at com.crm.pom.DwsLoginPage.login_button(DwsLoginPage.java:30)
at com.crm.pom.DwsLoginPage.login_button(DwsLoginPage.java:30)
at com.crm.pom.DwsLoginPage.login_button(DwsLoginPage.java:30)
at com.crm.pom.DwsLoginPage.login_button(DwsLoginPage.java:30)
at com.crm.pom.DwsLoginPage.login_button(DwsLoginPage.java:30)
at com.crm.pom.DwsLoginPage.login_button(DwsLoginPage.java:30)
at com.crm.pom.DwsLoginPage.login_button(DwsLoginPage.java:30)
at com.crm.pom.DwsLoginPage.login_button(DwsLoginPage.java:30)
at com.crm.pom.DwsLoginPage.login_button(DwsLoginPage.java:30)
at com.crm.pom.DwsLoginPage.login_button(DwsLoginPage.java:30)
at com.crm.pom.DwsLoginPage.login_button(DwsLoginPage.java:30)
at com.crm.pom.DwsLoginPage.login_button(DwsLoginPage.java:30)
at com.crm.pom.DwsLoginPage.login_button(DwsLoginPage.java:30)
at com.crm.pom.DwsLoginPage.login_button(DwsLoginPage.java:30)
at com.crm.pom.DwsLoginPage.login_button(DwsLoginPage.java:30)
at com.crm.pom.DwsLoginPage.login_button(DwsLoginPage.java:30)
at com.crm.pom.DwsLoginPage.login_button(DwsLoginPage.java:30)
at com.crm.pom.DwsLoginPage.login_button(DwsLoginPage.java:30)
at com.crm.pom.DwsLoginPage.login_button(DwsLoginPage.java:30)
at com.crm.pom.DwsLoginPage.login_button(DwsLoginPage.java:30)
at com.crm.pom.DwsLoginPage.login_button(DwsLoginPage.java:30)
at com.crm.pom.DwsLoginPage.login_button(DwsLoginPage.java:30)
at com.crm.pom.DwsLoginPage.login_button(DwsLoginPage.java:30)
at com.crm.pom.DwsLoginPage.login_button(DwsLoginPage.java:30)
at com.crm.pom.DwsLoginPage.login_button(DwsLoginPage.java:30)
at com.crm.pom.DwsLoginPage.login_button(DwsLoginPage.java:30)
at com.crm.pom.DwsLoginPage.login_button(DwsLoginPage.java:30)
at com.crm.pom.DwsLoginPage.login_button(DwsLoginPage.java:30)
at com.crm.pom.DwsLoginPage.login_button(DwsLoginPage.java:30)
at com.crm.pom.DwsLoginPage.login_button(DwsLoginPage.java:30)
at com.crm.pom.DwsLoginPage.login_button(DwsLoginPage.java:30)
at com.crm.pom.DwsLoginPage.login_button(DwsLoginPage.java:30)
at com.crm.pom.DwsLoginPage.login_button(DwsLoginPage.java:30)
at com.crm.pom.DwsLoginPage.login_button(DwsLoginPage.java:30)
at com.crm.pom.DwsLoginPage.login_button(DwsLoginPage.java:30)
at com.crm.pom.DwsLoginPage.login_button(DwsLoginPage.java:30)
at com.crm.pom.DwsLoginPage.login_button(DwsLoginPage.java:30)
at com.crm.pom.DwsLoginPage.login_button(DwsLoginPage.java:30)
at com.crm.pom.DwsLoginPage.login_button(DwsLoginPage.java:30)
at com.crm.pom.DwsLoginPage.login_button(DwsLoginPage.java:30)
at com.crm.pom.DwsLoginPage.login_button(DwsLoginPage.java:30)
at com.crm.pom.DwsLoginPage.login_button(DwsLoginPage.java:30)
at com.crm.pom.DwsLoginPage.login_button(DwsLoginPage.java:30)
at com.crm.pom.DwsLoginPage.login_button(DwsLoginPage.java:30)
at com.crm.pom.DwsLoginPage.login_button(DwsLoginPage.java:30)
at com.crm.pom.DwsLoginPage.login_button(DwsLoginPage.java:30)
at com.crm.pom.DwsLoginPage.login_button(DwsLoginPage.java:30)
at com.crm.pom.DwsLoginPage.login_button(DwsLoginPage.java:30)
at com.crm.pom.DwsLoginPage.login_button(DwsLoginPage.java:30)
at com.crm.pom.DwsLoginPage.login_button(DwsLoginPage.java:30)
at com.crm.pom.DwsLoginPage.login_button(DwsLoginPage.java:30)
at com.crm.pom.DwsLoginPage.login_button(DwsLoginPage.java:30)
at com.crm.pom.DwsLoginPage.login_button(DwsLoginPage.java:30)
at com.crm.pom.DwsLoginPage.login_button(DwsLoginPage.java:30)
at com.crm.pom.DwsLoginPage.login_button(DwsLoginPage.java:30)
at com.crm.pom.DwsLoginPage.login_button(DwsLoginPage.java:30)
at com.crm.pom.DwsLoginPage.login_button(DwsLoginPage.java:30)
at com.crm.pom.DwsLoginPage.login_button(DwsLoginPage.java:30)
at com.crm.pom.DwsLoginPage.login_button(DwsLoginPage.java:30)
at com.crm.pom.DwsLoginPage.login_button(DwsLoginPage.java:30)
at com.crm.pom.DwsLoginPage.login_button(DwsLoginPage.java:30)
at com.crm.pom.DwsLoginPage.login_button(DwsLoginPage.java:30)
at com.crm.pom.DwsLoginPage.login_button(DwsLoginPage.java:30)
at com.crm.pom.DwsLoginPage.login_button(DwsLoginPage.java:30)
at com.crm.pom.DwsLoginPage.login_button(DwsLoginPage.java:30)
at com.crm.pom.DwsLoginPage.login_button(DwsLoginPage.java:30)
at com.crm.pom.DwsLoginPage.login_button(DwsLoginPage.java:30)
at com.crm.pom.DwsLoginPage.login_button(DwsLoginPage.java:30)
at com.crm.pom.DwsLoginPage.login_button(DwsLoginPage.java:30)
at com.crm.pom.DwsLoginPage.login_button(DwsLoginPage.java:30)
at com.crm.pom.DwsLoginPage.login_button(DwsLoginPage.java:30)
at com.crm.pom.DwsLoginPage.login_button(DwsLoginPage.java:30)
at com.crm.pom.DwsLoginPage.login_button(DwsLoginPage.java:30)
at com.crm.pom.DwsLoginPage.login_button(DwsLoginPage.java:30)
at com.crm.pom.DwsLoginPage.login_button(DwsLoginPage.java:30)
at com.crm.pom.DwsLoginPage.login_button(DwsLoginPage.java:30)
at com.crm.pom.DwsLoginPage.login_button(DwsLoginPage.java:30)
at com.crm.pom.DwsLoginPage.login_button(DwsLoginPage.java:30)
at com.crm.pom.DwsLoginPage.login_button(DwsLoginPage.java:30)
at com.crm.pom.DwsLoginPage.login_button(DwsLoginPage.java:30)
at com.crm.pom.DwsLoginPage.login_button(DwsLoginPage.java:30)
at com.crm.pom.DwsLoginPage.login_button(DwsLoginPage.java:30)
at com.crm.pom.DwsLoginPage.login_button(DwsLoginPage.java:30)
at com.crm.pom.DwsLoginPage.login_button(DwsLoginPage.java:30)
at com.crm.pom.DwsLoginPage.login_button(DwsLoginPage.java:30)
at com.crm.pom.DwsLoginPage.login_button(DwsLoginPage.java:30)
at com.crm.pom.DwsLoginPage.login_button(DwsLoginPage.java:30)
at com.crm.pom.DwsLoginPage.login_button(DwsLoginPage.java:30)
at com.crm.pom.DwsLoginPage.login_button(DwsLoginPage.java:30)
at com.crm.pom.DwsLoginPage.login_button(DwsLoginPage.java:30)
at com.crm.pom.DwsLoginPage.login_button(DwsLoginPage.java:30)
at com.crm.pom.DwsLoginPage.login_button(DwsLoginPage.java:30)
at com.crm.pom.DwsLoginPage.login_button(DwsLoginPage.java:30)
at com.crm.pom.DwsLoginPage.login_button(DwsLoginPage.java:30)
at com.crm.pom.DwsLoginPage.login_button(DwsLoginPage.java:30)
at com.crm.pom.DwsLoginPage.login_button(DwsLoginPage.java:30)
at com.crm.pom.DwsLoginPage.login_button(DwsLoginPage.java:30)
at com.crm.pom.DwsLoginPage.login_button(DwsLoginPage.java:30)
at com.crm.pom.DwsLoginPage.login_button(DwsLoginPage.java:30)
at com.crm.pom.DwsLoginPage.login_button(DwsLoginPage.java:30)
at com.crm.pom.DwsLoginPage.login_button(DwsLoginPage.java:30)
at com.crm.pom.DwsLoginPage.login_button(DwsLoginPage.java:30)
at com.crm.pom.DwsLoginPage.login_button(DwsLoginPage.java:30)
at com.crm.pom.DwsLoginPage.login_button(DwsLoginPage.java:30)
at com.crm.pom.DwsLoginPage.login_button(DwsLoginPage.java:30)
at com.crm.pom.DwsLoginPage.login_button(DwsLoginPage.java:30)
at com.crm.pom.DwsLoginPage.login_button(DwsLoginPage.java:30)
at com.crm.pom.DwsLoginPage.login_button(DwsLoginPage.java:30)
at com.crm.pom.DwsLoginPage.login_button(DwsLoginPage.java:30)
at com.crm.pom.DwsLoginPage.login_button(DwsLoginPage.java:30)
at com.crm.pom.DwsLoginPage.login_button(DwsLoginPage.java:30)
at com.crm.pom.DwsLoginPage.login_button(DwsLoginPage.java:30)
at com.crm.pom.DwsLoginPage.login_button(DwsLoginPage.java:30)
at com.crm.pom.DwsLoginPage.login_button(DwsLoginPage.java:30)
at com.crm.pom.DwsLoginPage.login_button(DwsLoginPage.java:30)
at com.crm.pom.DwsLoginPage.login_button(DwsLoginPage.java:30)
at com.crm.pom.DwsLoginPage.login_button(DwsLoginPage.java:30)
at com.crm.pom.DwsLoginPage.login_button(DwsLoginPage.java:30)
at com.crm.pom.DwsLoginPage.login_button(DwsLoginPage.java:30)
at com.crm.pom.DwsLoginPage.login_button(DwsLoginPage.java:30)
at com.crm.pom.DwsLoginPage.login_button(DwsLoginPage.java:30)
at com.crm.pom.DwsLoginPage.login_button(DwsLoginPage.java:30)
at com.crm.pom.DwsLoginPage.login_button(DwsLoginPage.java:30)
at com.crm.pom.DwsLoginPage.login_button(DwsLoginPage.java:30)
at com.crm.pom.DwsLoginPage.login_button(DwsLoginPage.java:30)
at com.crm.pom.DwsLoginPage.login_button(DwsLoginPage.java:30)
at com.crm.pom.DwsLoginPage.login_button(DwsLoginPage.java:30)
at com.crm.pom.DwsLoginPage.login_button(DwsLoginPage.java:30)
at com.crm.pom.DwsLoginPage.login_button(DwsLoginPage.java:30)
at com.crm.pom.DwsLoginPage.login_button(DwsLoginPage.java:30)
at com.crm.pom.DwsLoginPage.login_button(DwsLoginPage.java:30)
at com.crm.pom.DwsLoginPage.login_button(DwsLoginPage.java:30)
at com.crm.pom.DwsLoginPage.login_button(DwsLoginPage.java:30)
at com.crm.pom.DwsLoginPage.login_button(DwsLoginPage.java:30)
at com.crm.pom.DwsLoginPage.login_button(DwsLoginPage.java:30)
at com.crm.pom.DwsLoginPage.login_button(DwsLoginPage.java:30)
at com.crm.pom.DwsLoginPage.login_button(DwsLoginPage.java:30)
at com.crm.pom.DwsLoginPage.login_button(DwsLoginPage.java:30)
at com.crm.pom.DwsLoginPage.login_button(DwsLoginPage.java:30)
at com.crm.pom.DwsLoginPage.login_button(DwsLoginPage.java:30)
at com.crm.pom.DwsLoginPage.login_button(DwsLoginPage.java:30)
at com.crm.pom.DwsLoginPage.login_button(DwsLoginPage.java:30)
at com.crm.pom.DwsLoginPage.login_button(DwsLoginPage.java:30)
at com.crm.pom.DwsLoginPage.login_button(DwsLoginPage.java:30)
at com.crm.pom.DwsLoginPage.login_button(DwsLoginPage.java:30)
at com.crm.pom.DwsLoginPage.login_button(DwsLoginPage.java:30)
at com.crm.pom.DwsLoginPage.login_button(DwsLoginPage.java:30)
at com.crm.pom.DwsLoginPage.login_button(DwsLoginPage.java:30)
at com.crm.pom.DwsLoginPage.login_button(DwsLoginPage.java:30)
at com.crm.pom.DwsLoginPage.login_button(DwsLoginPage.java:30)
at com.crm.pom.DwsLoginPage.login_button(DwsLoginPage.java:30)
at com.crm.pom.DwsLoginPage.login_button(DwsLoginPage.java:30)
at com.crm.pom.DwsLoginPage.login_button(DwsLoginPage.java:30)
at com.crm.pom.DwsLoginPage.login_button(DwsLoginPage.java:30)
at com.crm.pom.DwsLoginPage.login_button(DwsLoginPage.java:30)
at com.crm.pom.DwsLoginPage.login_button(DwsLoginPage.java:30)
at com.crm.pom.DwsLoginPage.login_button(DwsLoginPage.java:30)
at com.crm.pom.DwsLoginPage.login_button(DwsLoginPage.java:30)
at com.crm.pom.DwsLoginPage.login_button(DwsLoginPage.java:30)
at com.crm.pom.DwsLoginPage.login_button(DwsLoginPage.java:30)
at com.crm.pom.DwsLoginPage.login_button(DwsLoginPage.java:30)
at com.crm.pom.DwsLoginPage.login_button(DwsLoginPage.java:30)
at com.crm.pom.DwsLoginPage.login_button(DwsLoginPage.java:30)
at com.crm.pom.DwsLoginPage.login_button(DwsLoginPage.java:30)
at com.crm.pom.DwsLoginPage.login_button(DwsLoginPage.java:30)
at com.crm.pom.DwsLoginPage.login_button(DwsLoginPage.java:30)
at com.crm.pom.DwsLoginPage.login_button(DwsLoginPage.java:30)
at com.crm.pom.DwsLoginPage.login_button(DwsLoginPage.java:30)
at com.crm.pom.DwsLoginPage.login_button(DwsLoginPage.java:30)
at com.crm.pom.DwsLoginPage.login_button(DwsLoginPage.java:30)
at com.crm.pom.DwsLoginPage.login_button(DwsLoginPage.java:30)
at com.crm.pom.DwsLoginPage.login_button(DwsLoginPage.java:30)
at com.crm.pom.DwsLoginPage.login_button(DwsLoginPage.java:30)
at com.crm.pom.DwsLoginPage.login_button(DwsLoginPage.java:30)
at com.crm.pom.DwsLoginPage.login_button(DwsLoginPage.java:30)
at com.crm.pom.DwsLoginPage.login_button(DwsLoginPage.java:30)
at com.crm.pom.DwsLoginPage.login_button(DwsLoginPage.java:30)
at com.crm.pom.DwsLoginPage.login_button(DwsLoginPage.java:30)
at com.crm.pom.DwsLoginPage.login_button(DwsLoginPage.java:30)
at com.crm.pom.DwsLoginPage.login_button(DwsLoginPage.java:30)
at com.crm.pom.DwsLoginPage.login_button(DwsLoginPage.java:30)
at com.crm.pom.DwsLoginPage.login_button(DwsLoginPage.java:30)
at com.crm.pom.DwsLoginPage.login_button(DwsLoginPage.java:30)
at com.crm.pom.DwsLoginPage.login_button(DwsLoginPage.java:30)
at com.crm.pom.DwsLoginPage.login_button(DwsLoginPage.java:30)
at com.crm.pom.DwsLoginPage.login_button(DwsLoginPage.java:30)
at com.crm.pom.DwsLoginPage.login_button(DwsLoginPage.java:30)
at com.crm.pom.DwsLoginPage.login_button(DwsLoginPage.java:30)
at com.crm.pom.DwsLoginPage.login_button(DwsLoginPage.java:30)
at com.crm.pom.DwsLoginPage.login_button(DwsLoginPage.java:30)
at com.crm.pom.DwsLoginPage.login_button(DwsLoginPage.java:30)
at com.crm.pom.DwsLoginPage.login_button(DwsLoginPage.java:30)
at com.crm.pom.DwsLoginPage.login_button(DwsLoginPage.java:30)
at com.crm.pom.DwsLoginPage.login_button(DwsLoginPage.java:30)
at com.crm.pom.DwsLoginPage.login_button(DwsLoginPage.java:30)
at com.crm.pom.DwsLoginPage.login_button(DwsLoginPage.java:30)
at com.crm.pom.DwsLoginPage.login_button(DwsLoginPage.java:30)
at com.crm.pom.DwsLoginPage.login_button(DwsLoginPage.java:30)
at com.crm.pom.DwsLoginPage.login_button(DwsLoginPage.java:30)
at com.crm.pom.DwsLoginPage.login_button(DwsLoginPage.java:30)
at com.crm.pom.DwsLoginPage.login_button(DwsLoginPage.java:30)
at com.crm.pom.DwsLoginPage.login_button(DwsLoginPage.java:30)
at com.crm.pom.DwsLoginPage.login_button(DwsLoginPage.java:30)
at com.crm.pom.DwsLoginPage.login_button(DwsLoginPage.java:30)
at com.crm.pom.DwsLoginPage.login_button(DwsLoginPage.java:30)
at com.crm.pom.DwsLoginPage.login_button(DwsLoginPage.java:30)
at com.crm.pom.DwsLoginPage.login_button(DwsLoginPage.java:30)
at com.crm.pom.DwsLoginPage.login_button(DwsLoginPage.java:30)
at com.crm.pom.DwsLoginPage.login_button(DwsLoginPage.java:30)
at com.crm.pom.DwsLoginPage.login_button(DwsLoginPage.java:30)
at com.crm.pom.DwsLoginPage.login_button(DwsLoginPage.java:30)
at com.crm.pom.DwsLoginPage.login_button(DwsLoginPage.java:30)
at com.crm.pom.DwsLoginPage.login_button(DwsLoginPage.java:30)
at com.crm.pom.DwsLoginPage.login_button(DwsLoginPage.java:30)
at com.crm.pom.DwsLoginPage.login_button(DwsLoginPage.java:30)
at com.crm.pom.DwsLoginPage.login_button(DwsLoginPage.java:30)
at com.crm.pom.DwsLoginPage.login_button(DwsLoginPage.java:30)
at com.crm.pom.DwsLoginPage.login_button(DwsLoginPage.java:30)
at com.crm.pom.DwsLoginPage.login_button(DwsLoginPage.java:30)
at com.crm.pom.DwsLoginPage.login_button(DwsLoginPage.java:30)
at com.crm.pom.DwsLoginPage.login_button(DwsLoginPage.java:30)
at com.crm.pom.DwsLoginPage.login_button(DwsLoginPage.java:30)
at com.crm.pom.DwsLoginPage.login_button(DwsLoginPage.java:30)
at com.crm.pom.DwsLoginPage.login_button(DwsLoginPage.java:30)
at com.crm.pom.DwsLoginPage.login_button(DwsLoginPage.java:30)
at com.crm.pom.DwsLoginPage.login_button(DwsLoginPage.java:30)
at com.crm.pom.DwsLoginPage.login_button(DwsLoginPage.java:30)
at com.crm.pom.DwsLoginPage.login_button(DwsLoginPage.java:30)
at com.crm.pom.DwsLoginPage.login_button(DwsLoginPage.java:30)
at com.crm.pom.DwsLoginPage.login_button(DwsLoginPage.java:30)
at com.crm.pom.DwsLoginPage.login_button(DwsLoginPage.java:30)
at com.crm.pom.DwsLoginPage.login_button(DwsLoginPage.java:30)
at com.crm.pom.DwsLoginPage.login_button(DwsLoginPage.java:30)
at com.crm.pom.DwsLoginPage.login_button(DwsLoginPage.java:30)
at com.crm.pom.DwsLoginPage.login_button(DwsLoginPage.java:30)
at com.crm.pom.DwsLoginPage.login_button(DwsLoginPage.java:30)
at com.crm.pom.DwsLoginPage.login_button(DwsLoginPage.java:30)
at com.crm.pom.DwsLoginPage.login_button(DwsLoginPage.java:30)
at com.crm.pom.DwsLoginPage.login_button(DwsLoginPage.java:30)
at com.crm.pom.DwsLoginPage.login_button(DwsLoginPage.java:30)
at com.crm.pom.DwsLoginPage.login_button(DwsLoginPage.java:30)
]]>
    </failure>
  </testcase> <!-- dwsLoginCorrect -->
  <testcase classname="com.crm.listernersCode.ExtentReportWithScreenShot" name="redBus" time="0.0">
    <skipped/>
  </testcase> <!-- redBus -->
</testsuite> <!-- Default test -->
