<?xml version="1.0" encoding="UTF-8"?>
<testng-results ignored="0" total="3" passed="0" failed="2" skipped="1">
  <reporter-output>
  </reporter-output>
  <suite started-at="2024-05-31T10:47:25 IST" name="Default suite" finished-at="2024-05-31T10:47:41 IST" duration-ms="16154">
    <groups>
    </groups>
    <test started-at="2024-05-31T10:47:25 IST" name="Default test" finished-at="2024-05-31T10:47:41 IST" duration-ms="16154">
      <class name="com.crm.listernersCode.ExtentReportWithScreenShot">
        <test-method is-config="true" signature="beforeClass()[pri:0, instance:com.crm.listernersCode.ExtentReportWithScreenShot@35dab4eb]" started-at="2024-05-31T10:47:25 IST" name="beforeClass" finished-at="2024-05-31T10:47:28 IST" duration-ms="2547" status="PASS">
          <reporter-output>
          </reporter-output>
        </test-method> <!-- beforeClass -->
        <test-method is-config="true" signature="beforeMethod()[pri:0, instance:com.crm.listernersCode.ExtentReportWithScreenShot@35dab4eb]" started-at="2024-05-31T10:47:28 IST" name="beforeMethod" finished-at="2024-05-31T10:47:28 IST" duration-ms="1" status="PASS">
          <reporter-output>
          </reporter-output>
        </test-method> <!-- beforeMethod -->
        <test-method signature="dwsLoginWrong()[pri:0, instance:com.crm.listernersCode.ExtentReportWithScreenShot@35dab4eb]" started-at="2024-05-31T10:47:28 IST" name="dwsLoginWrong" finished-at="2024-05-31T10:47:36 IST" duration-ms="8061" status="FAIL">
          <exception class="java.lang.StackOverflowError">
            <full-stacktrace>
              <![CDATA[java.lang.StackOverflowError
at com.crm.pom.DwsLoginPage.login_button(DwsLoginPage.java:30)
at com.crm.pom.DwsLoginPage.login_button(DwsLoginPage.java:30)
at com.crm.pom.DwsLoginPage.login_button(DwsLoginPage.java:30)
at com.crm.pom.DwsLoginPage.login_button(DwsLoginPage.java:30)
at com.crm.pom.DwsLoginPage.login_button(DwsLoginPage.java:30)
at com.crm.pom.DwsLoginPage.login_button(DwsLoginPage.java:30)
at com.crm.pom.DwsLoginPage.login_button(DwsLoginPage.java:30)
at com.crm.pom.DwsLoginPage.login_button(DwsLoginPage.java:30)
at com.crm.pom.DwsLoginPage.login_button(DwsLoginPage.java:30)
at com.crm.pom.DwsLoginPage.login_button(DwsLoginPage.java:30)
at com.crm.pom.DwsLoginPage.login_button(DwsLoginPage.java:30)
at com.crm.pom.DwsLoginPage.login_button(DwsLoginPage.java:30)
at com.crm.pom.DwsLoginPage.login_button(DwsLoginPage.java:30)
at com.crm.pom.DwsLoginPage.login_button(DwsLoginPage.java:30)
at com.crm.pom.DwsLoginPage.login_button(DwsLoginPage.java:30)
at com.crm.pom.DwsLoginPage.login_button(DwsLoginPage.java:30)
at com.crm.pom.DwsLoginPage.login_button(DwsLoginPage.java:30)
at com.crm.pom.DwsLoginPage.login_button(DwsLoginPage.java:30)
at com.crm.pom.DwsLoginPage.login_button(DwsLoginPage.java:30)
at com.crm.pom.DwsLoginPage.login_button(DwsLoginPage.java:30)
at com.crm.pom.DwsLoginPage.login_button(DwsLoginPage.java:30)
at com.crm.pom.DwsLoginPage.login_button(DwsLoginPage.java:30)
at com.crm.pom.DwsLoginPage.login_button(DwsLoginPage.java:30)
at com.crm.pom.DwsLoginPage.login_button(DwsLoginPage.java:30)
at com.crm.pom.DwsLoginPage.login_button(DwsLoginPage.java:30)
at com.crm.pom.DwsLoginPage.login_button(DwsLoginPage.java:30)
at com.crm.pom.DwsLoginPage.login_button(DwsLoginPage.java:30)
at com.crm.pom.DwsLoginPage.login_button(DwsLoginPage.java:30)
at com.crm.pom.DwsLoginPage.login_button(DwsLoginPage.java:30)
at com.crm.pom.DwsLoginPage.login_button(DwsLoginPage.java:30)
at com.crm.pom.DwsLoginPage.login_button(DwsLoginPage.java:30)
at com.crm.pom.DwsLoginPage.login_button(DwsLoginPage.java:30)
at com.crm.pom.DwsLoginPage.login_button(DwsLoginPage.java:30)
at com.crm.pom.DwsLoginPage.login_button(DwsLoginPage.java:30)
at com.crm.pom.DwsLoginPage.login_button(DwsLoginPage.java:30)
at com.crm.pom.DwsLoginPage.login_button(DwsLoginPage.java:30)
at com.crm.pom.DwsLoginPage.login_button(DwsLoginPage.java:30)
at com.crm.pom.DwsLoginPage.login_button(DwsLoginPage.java:30)
at com.crm.pom.DwsLoginPage.login_button(DwsLoginPage.java:30)
at com.crm.pom.DwsLoginPage.login_button(DwsLoginPage.java:30)
at com.crm.pom.DwsLoginPage.login_button(DwsLoginPage.java:30)
at com.crm.pom.DwsLoginPage.login_button(DwsLoginPage.java:30)
at com.crm.pom.DwsLoginPage.login_button(DwsLoginPage.java:30)
at com.crm.pom.DwsLoginPage.login_button(DwsLoginPage.java:30)
at com.crm.pom.DwsLoginPage.login_button(DwsLoginPage.java:30)
at com.crm.pom.DwsLoginPage.login_button(DwsLoginPage.java:30)
at com.crm.pom.DwsLoginPage.login_button(DwsLoginPage.java:30)
at com.crm.pom.DwsLoginPage.login_button(DwsLoginPage.java:30)
at com.crm.pom.DwsLoginPage.login_button(DwsLoginPage.java:30)
at com.crm.pom.DwsLoginPage.login_button(DwsLoginPage.java:30)
at com.crm.pom.DwsLoginPage.login_button(DwsLoginPage.java:30)
at com.crm.pom.DwsLoginPage.login_button(DwsLoginPage.java:30)
at com.crm.pom.DwsLoginPage.login_button(DwsLoginPage.java:30)
at com.crm.pom.DwsLoginPage.login_button(DwsLoginPage.java:30)
at com.crm.pom.DwsLoginPage.login_button(DwsLoginPage.java:30)
at com.crm.pom.DwsLoginPage.login_button(DwsLoginPage.java:30)
at com.crm.pom.DwsLoginPage.login_button(DwsLoginPage.java:30)
at com.crm.pom.DwsLoginPage.login_button(DwsLoginPage.java:30)
at com.crm.pom.DwsLoginPage.login_button(DwsLoginPage.java:30)
at com.crm.pom.DwsLoginPage.login_button(DwsLoginPage.java:30)
at com.crm.pom.DwsLoginPage.login_button(DwsLoginPage.java:30)
at com.crm.pom.DwsLoginPage.login_button(DwsLoginPage.java:30)
at com.crm.pom.DwsLoginPage.login_button(DwsLoginPage.java:30)
at com.crm.pom.DwsLoginPage.login_button(DwsLoginPage.java:30)
at com.crm.pom.DwsLoginPage.login_button(DwsLoginPage.java:30)
at com.crm.pom.DwsLoginPage.login_button(DwsLoginPage.java:30)
at com.crm.pom.DwsLoginPage.login_button(DwsLoginPage.java:30)
at com.crm.pom.DwsLoginPage.login_button(DwsLoginPage.java:30)
at com.crm.pom.DwsLoginPage.login_button(DwsLoginPage.java:30)
at com.crm.pom.DwsLoginPage.login_button(DwsLoginPage.java:30)
at com.crm.pom.DwsLoginPage.login_button(DwsLoginPage.java:30)
at com.crm.pom.DwsLoginPage.login_button(DwsLoginPage.java:30)
at com.crm.pom.DwsLoginPage.login_button(DwsLoginPage.java:30)
at com.crm.pom.DwsLoginPage.login_button(DwsLoginPage.java:30)
at com.crm.pom.DwsLoginPage.login_button(DwsLoginPage.java:30)
at com.crm.pom.DwsLoginPage.login_button(DwsLoginPage.java:30)
at com.crm.pom.DwsLoginPage.login_button(DwsLoginPage.java:30)
at com.crm.pom.DwsLoginPage.login_button(DwsLoginPage.java:30)
at com.crm.pom.DwsLoginPage.login_button(DwsLoginPage.java:30)
at com.crm.pom.DwsLoginPage.login_button(DwsLoginPage.java:30)
at com.crm.pom.DwsLoginPage.login_button(DwsLoginPage.java:30)
at com.crm.pom.DwsLoginPage.login_button(DwsLoginPage.java:30)
at com.crm.pom.DwsLoginPage.login_button(DwsLoginPage.java:30)
at com.crm.pom.DwsLoginPage.login_button(DwsLoginPage.java:30)
at com.crm.pom.DwsLoginPage.login_button(DwsLoginPage.java:30)
at com.crm.pom.DwsLoginPage.login_button(DwsLoginPage.java:30)
at com.crm.pom.DwsLoginPage.login_button(DwsLoginPage.java:30)
at com.crm.pom.DwsLoginPage.login_button(DwsLoginPage.java:30)
at com.crm.pom.DwsLoginPage.login_button(DwsLoginPage.java:30)
at com.crm.pom.DwsLoginPage.login_button(DwsLoginPage.java:30)
at com.crm.pom.DwsLoginPage.login_button(DwsLoginPage.java:30)
at com.crm.pom.DwsLoginPage.login_button(DwsLoginPage.java:30)
at com.crm.pom.DwsLoginPage.login_button(DwsLoginPage.java:30)
at com.crm.pom.DwsLoginPage.login_button(DwsLoginPage.java:30)
at com.crm.pom.DwsLoginPage.login_button(DwsLoginPage.java:30)
at com.crm.pom.DwsLoginPage.login_button(DwsLoginPage.java:30)
at com.crm.pom.DwsLoginPage.login_button(DwsLoginPage.java:30)
at com.crm.pom.DwsLoginPage.login_button(DwsLoginPage.java:30)
at com.crm.pom.DwsLoginPage.login_button(DwsLoginPage.java:30)
at com.crm.pom.DwsLoginPage.login_button(DwsLoginPage.java:30)
at com.crm.pom.DwsLoginPage.login_button(DwsLoginPage.java:30)
at com.crm.pom.DwsLoginPage.login_button(DwsLoginPage.java:30)
at com.crm.pom.DwsLoginPage.login_button(DwsLoginPage.java:30)
at com.crm.pom.DwsLoginPage.login_button(DwsLoginPage.java:30)
at com.crm.pom.DwsLoginPage.login_button(DwsLoginPage.java:30)
at com.crm.pom.DwsLoginPage.login_button(DwsLoginPage.java:30)
at com.crm.pom.DwsLoginPage.login_button(DwsLoginPage.java:30)
at com.crm.pom.DwsLoginPage.login_button(DwsLoginPage.java:30)
at com.crm.pom.DwsLoginPage.login_button(DwsLoginPage.java:30)
at com.crm.pom.DwsLoginPage.login_button(DwsLoginPage.java:30)
at com.crm.pom.DwsLoginPage.login_button(DwsLoginPage.java:30)
at com.crm.pom.DwsLoginPage.login_button(DwsLoginPage.java:30)
at com.crm.pom.DwsLoginPage.login_button(DwsLoginPage.java:30)
at com.crm.pom.DwsLoginPage.login_button(DwsLoginPage.java:30)
at com.crm.pom.DwsLoginPage.login_button(DwsLoginPage.java:30)
at com.crm.pom.DwsLoginPage.login_button(DwsLoginPage.java:30)
at com.crm.pom.DwsLoginPage.login_button(DwsLoginPage.java:30)
at com.crm.pom.DwsLoginPage.login_button(DwsLoginPage.java:30)
at com.crm.pom.DwsLoginPage.login_button(DwsLoginPage.java:30)
at com.crm.pom.DwsLoginPage.login_button(DwsLoginPage.java:30)
at com.crm.pom.DwsLoginPage.login_button(DwsLoginPage.java:30)
at com.crm.pom.DwsLoginPage.login_button(DwsLoginPage.java:30)
at com.crm.pom.DwsLoginPage.login_button(DwsLoginPage.java:30)
at com.crm.pom.DwsLoginPage.login_button(DwsLoginPage.java:30)
at com.crm.pom.DwsLoginPage.login_button(DwsLoginPage.java:30)
at com.crm.pom.DwsLoginPage.login_button(DwsLoginPage.java:30)
at com.crm.pom.DwsLoginPage.login_button(DwsLoginPage.java:30)
at com.crm.pom.DwsLoginPage.login_button(DwsLoginPage.java:30)
at com.crm.pom.DwsLoginPage.login_button(DwsLoginPage.java:30)
at com.crm.pom.DwsLoginPage.login_button(DwsLoginPage.java:30)
at com.crm.pom.DwsLoginPage.login_button(DwsLoginPage.java:30)
at com.crm.pom.DwsLoginPage.login_button(DwsLoginPage.java:30)
at com.crm.pom.DwsLoginPage.login_button(DwsLoginPage.java:30)
at com.crm.pom.DwsLoginPage.login_button(DwsLoginPage.java:30)
at com.crm.pom.DwsLoginPage.login_button(DwsLoginPage.java:30)
at com.crm.pom.DwsLoginPage.login_button(DwsLoginPage.java:30)
at com.crm.pom.DwsLoginPage.login_button(DwsLoginPage.java:30)
at com.crm.pom.DwsLoginPage.login_button(DwsLoginPage.java:30)
at com.crm.pom.DwsLoginPage.login_button(DwsLoginPage.java:30)
at com.crm.pom.DwsLoginPage.login_button(DwsLoginPage.java:30)
at com.crm.pom.DwsLoginPage.login_button(DwsLoginPage.java:30)
at com.crm.pom.DwsLoginPage.login_button(DwsLoginPage.java:30)
at com.crm.pom.DwsLoginPage.login_button(DwsLoginPage.java:30)
at com.crm.pom.DwsLoginPage.login_button(DwsLoginPage.java:30)
at com.crm.pom.DwsLoginPage.login_button(DwsLoginPage.java:30)
at com.crm.pom.DwsLoginPage.login_button(DwsLoginPage.java:30)
at com.crm.pom.DwsLoginPage.login_button(DwsLoginPage.java:30)
at com.crm.pom.DwsLoginPage.login_button(DwsLoginPage.java:30)
at com.crm.pom.DwsLoginPage.login_button(DwsLoginPage.java:30)
at com.crm.pom.DwsLoginPage.login_button(DwsLoginPage.java:30)
at com.crm.pom.DwsLoginPage.login_button(DwsLoginPage.java:30)
at com.crm.pom.DwsLoginPage.login_button(DwsLoginPage.java:30)
at com.crm.pom.DwsLoginPage.login_button(DwsLoginPage.java:30)
at com.crm.pom.DwsLoginPage.login_button(DwsLoginPage.java:30)
at com.crm.pom.DwsLoginPage.login_button(DwsLoginPage.java:30)
at com.crm.pom.DwsLoginPage.login_button(DwsLoginPage.java:30)
at com.crm.pom.DwsLoginPage.login_button(DwsLoginPage.java:30)
at com.crm.pom.DwsLoginPage.login_button(DwsLoginPage.java:30)
at com.crm.pom.DwsLoginPage.login_button(DwsLoginPage.java:30)
at com.crm.pom.DwsLoginPage.login_button(DwsLoginPage.java:30)
at com.crm.pom.DwsLoginPage.login_button(DwsLoginPage.java:30)
at com.crm.pom.DwsLoginPage.login_button(DwsLoginPage.java:30)
at com.crm.pom.DwsLoginPage.login_button(DwsLoginPage.java:30)
at com.crm.pom.DwsLoginPage.login_button(DwsLoginPage.java:30)
at com.crm.pom.DwsLoginPage.login_button(DwsLoginPage.java:30)
at com.crm.pom.DwsLoginPage.login_button(DwsLoginPage.java:30)
at com.crm.pom.DwsLoginPage.login_button(DwsLoginPage.java:30)
at com.crm.pom.DwsLoginPage.login_button(DwsLoginPage.java:30)
at com.crm.pom.DwsLoginPage.login_button(DwsLoginPage.java:30)
at com.crm.pom.DwsLoginPage.login_button(DwsLoginPage.java:30)
at com.crm.pom.DwsLoginPage.login_button(DwsLoginPage.java:30)
at com.crm.pom.DwsLoginPage.login_button(DwsLoginPage.java:30)
at com.crm.pom.DwsLoginPage.login_button(DwsLoginPage.java:30)
at com.crm.pom.DwsLoginPage.login_button(DwsLoginPage.java:30)
at com.crm.pom.DwsLoginPage.login_button(DwsLoginPage.java:30)
at com.crm.pom.DwsLoginPage.login_button(DwsLoginPage.java:30)
at com.crm.pom.DwsLoginPage.login_button(DwsLoginPage.java:30)
at com.crm.pom.DwsLoginPage.login_button(DwsLoginPage.java:30)
at com.crm.pom.DwsLoginPage.login_button(DwsLoginPage.java:30)
at com.crm.pom.DwsLoginPage.login_button(DwsLoginPage.java:30)
at com.crm.pom.DwsLoginPage.login_button(DwsLoginPage.java:30)
at com.crm.pom.DwsLoginPage.login_button(DwsLoginPage.java:30)
at com.crm.pom.DwsLoginPage.login_button(DwsLoginPage.java:30)
at com.crm.pom.DwsLoginPage.login_button(DwsLoginPage.java:30)
at com.crm.pom.DwsLoginPage.login_button(DwsLoginPage.java:30)
at com.crm.pom.DwsLoginPage.login_button(DwsLoginPage.java:30)
at com.crm.pom.DwsLoginPage.login_button(DwsLoginPage.java:30)
at com.crm.pom.DwsLoginPage.login_button(DwsLoginPage.java:30)
at com.crm.pom.DwsLoginPage.login_button(DwsLoginPage.java:30)
at com.crm.pom.DwsLoginPage.login_button(DwsLoginPage.java:30)
at com.crm.pom.DwsLoginPage.login_button(DwsLoginPage.java:30)
at com.crm.pom.DwsLoginPage.login_button(DwsLoginPage.java:30)
at com.crm.pom.DwsLoginPage.login_button(DwsLoginPage.java:30)
at com.crm.pom.DwsLoginPage.login_button(DwsLoginPage.java:30)
at com.crm.pom.DwsLoginPage.login_button(DwsLoginPage.java:30)
at com.crm.pom.DwsLoginPage.login_button(DwsLoginPage.java:30)
at com.crm.pom.DwsLoginPage.login_button(DwsLoginPage.java:30)
at com.crm.pom.DwsLoginPage.login_button(DwsLoginPage.java:30)
at com.crm.pom.DwsLoginPage.login_button(DwsLoginPage.java:30)
at com.crm.pom.DwsLoginPage.login_button(DwsLoginPage.java:30)
at com.crm.pom.DwsLoginPage.login_button(DwsLoginPage.java:30)
at com.crm.pom.DwsLoginPage.login_button(DwsLoginPage.java:30)
at com.crm.pom.DwsLoginPage.login_button(DwsLoginPage.java:30)
at com.crm.pom.DwsLoginPage.login_button(DwsLoginPage.java:30)
at com.crm.pom.DwsLoginPage.login_button(DwsLoginPage.java:30)
at com.crm.pom.DwsLoginPage.login_button(DwsLoginPage.java:30)
at com.crm.pom.DwsLoginPage.login_button(DwsLoginPage.java:30)
at com.crm.pom.DwsLoginPage.login_button(DwsLoginPage.java:30)
at com.crm.pom.DwsLoginPage.login_button(DwsLoginPage.java:30)
at com.crm.pom.DwsLoginPage.login_button(DwsLoginPage.java:30)
at com.crm.pom.DwsLoginPage.login_button(DwsLoginPage.java:30)
at com.crm.pom.DwsLoginPage.login_button(DwsLoginPage.java:30)
at com.crm.pom.DwsLoginPage.login_button(DwsLoginPage.java:30)
at com.crm.pom.DwsLoginPage.login_button(DwsLoginPage.java:30)
at com.crm.pom.DwsLoginPage.login_button(DwsLoginPage.java:30)
at com.crm.pom.DwsLoginPage.login_button(DwsLoginPage.java:30)
at com.crm.pom.DwsLoginPage.login_button(DwsLoginPage.java:30)
at com.crm.pom.DwsLoginPage.login_button(DwsLoginPage.java:30)
at com.crm.pom.DwsLoginPage.login_button(DwsLoginPage.java:30)
at com.crm.pom.DwsLoginPage.login_button(DwsLoginPage.java:30)
at com.crm.pom.DwsLoginPage.login_button(DwsLoginPage.java:30)
at com.crm.pom.DwsLoginPage.login_button(DwsLoginPage.java:30)
at com.crm.pom.DwsLoginPage.login_button(DwsLoginPage.java:30)
at com.crm.pom.DwsLoginPage.login_button(DwsLoginPage.java:30)
at com.crm.pom.DwsLoginPage.login_button(DwsLoginPage.java:30)
at com.crm.pom.DwsLoginPage.login_button(DwsLoginPage.java:30)
at com.crm.pom.DwsLoginPage.login_button(DwsLoginPage.java:30)
at com.crm.pom.DwsLoginPage.login_button(DwsLoginPage.java:30)
at com.crm.pom.DwsLoginPage.login_button(DwsLoginPage.java:30)
at com.crm.pom.DwsLoginPage.login_button(DwsLoginPage.java:30)
at com.crm.pom.DwsLoginPage.login_button(DwsLoginPage.java:30)
at com.crm.pom.DwsLoginPage.login_button(DwsLoginPage.java:30)
at com.crm.pom.DwsLoginPage.login_button(DwsLoginPage.java:30)
at com.crm.pom.DwsLoginPage.login_button(DwsLoginPage.java:30)
at com.crm.pom.DwsLoginPage.login_button(DwsLoginPage.java:30)
at com.crm.pom.DwsLoginPage.login_button(DwsLoginPage.java:30)
at com.crm.pom.DwsLoginPage.login_button(DwsLoginPage.java:30)
at com.crm.pom.DwsLoginPage.login_button(DwsLoginPage.java:30)
at com.crm.pom.DwsLoginPage.login_button(DwsLoginPage.java:30)
at com.crm.pom.DwsLoginPage.login_button(DwsLoginPage.java:30)
at com.crm.pom.DwsLoginPage.login_button(DwsLoginPage.java:30)
at com.crm.pom.DwsLoginPage.login_button(DwsLoginPage.java:30)
at com.crm.pom.DwsLoginPage.login_button(DwsLoginPage.java:30)
at com.crm.pom.DwsLoginPage.login_button(DwsLoginPage.java:30)
at com.crm.pom.DwsLoginPage.login_button(DwsLoginPage.java:30)
at com.crm.pom.DwsLoginPage.login_button(DwsLoginPage.java:30)
at com.crm.pom.DwsLoginPage.login_button(DwsLoginPage.java:30)
at com.crm.pom.DwsLoginPage.login_button(DwsLoginPage.java:30)
at com.crm.pom.DwsLoginPage.login_button(DwsLoginPage.java:30)
at com.crm.pom.DwsLoginPage.login_button(DwsLoginPage.java:30)
at com.crm.pom.DwsLoginPage.login_button(DwsLoginPage.java:30)
at com.crm.pom.DwsLoginPage.login_button(DwsLoginPage.java:30)
at com.crm.pom.DwsLoginPage.login_button(DwsLoginPage.java:30)
at com.crm.pom.DwsLoginPage.login_button(DwsLoginPage.java:30)
at com.crm.pom.DwsLoginPage.login_button(DwsLoginPage.java:30)
at com.crm.pom.DwsLoginPage.login_button(DwsLoginPage.java:30)
at com.crm.pom.DwsLoginPage.login_button(DwsLoginPage.java:30)
at com.crm.pom.DwsLoginPage.login_button(DwsLoginPage.java:30)
at com.crm.pom.DwsLoginPage.login_button(DwsLoginPage.java:30)
at com.crm.pom.DwsLoginPage.login_button(DwsLoginPage.java:30)
at com.crm.pom.DwsLoginPage.login_button(DwsLoginPage.java:30)
at com.crm.pom.DwsLoginPage.login_button(DwsLoginPage.java:30)
at com.crm.pom.DwsLoginPage.login_button(DwsLoginPage.java:30)
at com.crm.pom.DwsLoginPage.login_button(DwsLoginPage.java:30)
at com.crm.pom.DwsLoginPage.login_button(DwsLoginPage.java:30)
at com.crm.pom.DwsLoginPage.login_button(DwsLoginPage.java:30)
at com.crm.pom.DwsLoginPage.login_button(DwsLoginPage.java:30)
at com.crm.pom.DwsLoginPage.login_button(DwsLoginPage.java:30)
at com.crm.pom.DwsLoginPage.login_button(DwsLoginPage.java:30)
at com.crm.pom.DwsLoginPage.login_button(DwsLoginPage.java:30)
at com.crm.pom.DwsLoginPage.login_button(DwsLoginPage.java:30)
at com.crm.pom.DwsLoginPage.login_button(DwsLoginPage.java:30)
at com.crm.pom.DwsLoginPage.login_button(DwsLoginPage.java:30)
at com.crm.pom.DwsLoginPage.login_button(DwsLoginPage.java:30)
at com.crm.pom.DwsLoginPage.login_button(DwsLoginPage.java:30)
at com.crm.pom.DwsLoginPage.login_button(DwsLoginPage.java:30)
at com.crm.pom.DwsLoginPage.login_button(DwsLoginPage.java:30)
at com.crm.pom.DwsLoginPage.login_button(DwsLoginPage.java:30)
at com.crm.pom.DwsLoginPage.login_button(DwsLoginPage.java:30)
at com.crm.pom.DwsLoginPage.login_button(DwsLoginPage.java:30)
at com.crm.pom.DwsLoginPage.login_button(DwsLoginPage.java:30)
at com.crm.pom.DwsLoginPage.login_button(DwsLoginPage.java:30)
at com.crm.pom.DwsLoginPage.login_button(DwsLoginPage.java:30)
at com.crm.pom.DwsLoginPage.login_button(DwsLoginPage.java:30)
at com.crm.pom.DwsLoginPage.login_button(DwsLoginPage.java:30)
at com.crm.pom.DwsLoginPage.login_button(DwsLoginPage.java:30)
at com.crm.pom.DwsLoginPage.login_button(DwsLoginPage.java:30)
at com.crm.pom.DwsLoginPage.login_button(DwsLoginPage.java:30)
at com.crm.pom.DwsLoginPage.login_button(DwsLoginPage.java:30)
at com.crm.pom.DwsLoginPage.login_button(DwsLoginPage.java:30)
at com.crm.pom.DwsLoginPage.login_button(DwsLoginPage.java:30)
at com.crm.pom.DwsLoginPage.login_button(DwsLoginPage.java:30)
at com.crm.pom.DwsLoginPage.login_button(DwsLoginPage.java:30)
at com.crm.pom.DwsLoginPage.login_button(DwsLoginPage.java:30)
at com.crm.pom.DwsLoginPage.login_button(DwsLoginPage.java:30)
at com.crm.pom.DwsLoginPage.login_button(DwsLoginPage.java:30)
at com.crm.pom.DwsLoginPage.login_button(DwsLoginPage.java:30)
at com.crm.pom.DwsLoginPage.login_button(DwsLoginPage.java:30)
at com.crm.pom.DwsLoginPage.login_button(DwsLoginPage.java:30)
at com.crm.pom.DwsLoginPage.login_button(DwsLoginPage.java:30)
at com.crm.pom.DwsLoginPage.login_button(DwsLoginPage.java:30)
at com.crm.pom.DwsLoginPage.login_button(DwsLoginPage.java:30)
at com.crm.pom.DwsLoginPage.login_button(DwsLoginPage.java:30)
at com.crm.pom.DwsLoginPage.login_button(DwsLoginPage.java:30)
at com.crm.pom.DwsLoginPage.login_button(DwsLoginPage.java:30)
at com.crm.pom.DwsLoginPage.login_button(DwsLoginPage.java:30)
at com.crm.pom.DwsLoginPage.login_button(DwsLoginPage.java:30)
at com.crm.pom.DwsLoginPage.login_button(DwsLoginPage.java:30)
at com.crm.pom.DwsLoginPage.login_button(DwsLoginPage.java:30)
at com.crm.pom.DwsLoginPage.login_button(DwsLoginPage.java:30)
at com.crm.pom.DwsLoginPage.login_button(DwsLoginPage.java:30)
at com.crm.pom.DwsLoginPage.login_button(DwsLoginPage.java:30)
at com.crm.pom.DwsLoginPage.login_button(DwsLoginPage.java:30)
at com.crm.pom.DwsLoginPage.login_button(DwsLoginPage.java:30)
at com.crm.pom.DwsLoginPage.login_button(DwsLoginPage.java:30)
at com.crm.pom.DwsLoginPage.login_button(DwsLoginPage.java:30)
at com.crm.pom.DwsLoginPage.login_button(DwsLoginPage.java:30)
at com.crm.pom.DwsLoginPage.login_button(DwsLoginPage.java:30)
at com.crm.pom.DwsLoginPage.login_button(DwsLoginPage.java:30)
at com.crm.pom.DwsLoginPage.login_button(DwsLoginPage.java:30)
at com.crm.pom.DwsLoginPage.login_button(DwsLoginPage.java:30)
at com.crm.pom.DwsLoginPage.login_button(DwsLoginPage.java:30)
at com.crm.pom.DwsLoginPage.login_button(DwsLoginPage.java:30)
at com.crm.pom.DwsLoginPage.login_button(DwsLoginPage.java:30)
at com.crm.pom.DwsLoginPage.login_button(DwsLoginPage.java:30)
at com.crm.pom.DwsLoginPage.login_button(DwsLoginPage.java:30)
at com.crm.pom.DwsLoginPage.login_button(DwsLoginPage.java:30)
at com.crm.pom.DwsLoginPage.login_button(DwsLoginPage.java:30)
at com.crm.pom.DwsLoginPage.login_button(DwsLoginPage.java:30)
at com.crm.pom.DwsLoginPage.login_button(DwsLoginPage.java:30)
at com.crm.pom.DwsLoginPage.login_button(DwsLoginPage.java:30)
at com.crm.pom.DwsLoginPage.login_button(DwsLoginPage.java:30)
at com.crm.pom.DwsLoginPage.login_button(DwsLoginPage.java:30)
at com.crm.pom.DwsLoginPage.login_button(DwsLoginPage.java:30)
at com.crm.pom.DwsLoginPage.login_button(DwsLoginPage.java:30)
at com.crm.pom.DwsLoginPage.login_button(DwsLoginPage.java:30)
at com.crm.pom.DwsLoginPage.login_button(DwsLoginPage.java:30)
at com.crm.pom.DwsLoginPage.login_button(DwsLoginPage.java:30)
at com.crm.pom.DwsLoginPage.login_button(DwsLoginPage.java:30)
at com.crm.pom.DwsLoginPage.login_button(DwsLoginPage.java:30)
at com.crm.pom.DwsLoginPage.login_button(DwsLoginPage.java:30)
at com.crm.pom.DwsLoginPage.login_button(DwsLoginPage.java:30)
at com.crm.pom.DwsLoginPage.login_button(DwsLoginPage.java:30)
at com.crm.pom.DwsLoginPage.login_button(DwsLoginPage.java:30)
at com.crm.pom.DwsLoginPage.login_button(DwsLoginPage.java:30)
at com.crm.pom.DwsLoginPage.login_button(DwsLoginPage.java:30)
at com.crm.pom.DwsLoginPage.login_button(DwsLoginPage.java:30)
at com.crm.pom.DwsLoginPage.login_button(DwsLoginPage.java:30)
at com.crm.pom.DwsLoginPage.login_button(DwsLoginPage.java:30)
at com.crm.pom.DwsLoginPage.login_button(DwsLoginPage.java:30)
at com.crm.pom.DwsLoginPage.login_button(DwsLoginPage.java:30)
at com.crm.pom.DwsLoginPage.login_button(DwsLoginPage.java:30)
at com.crm.pom.DwsLoginPage.login_button(DwsLoginPage.java:30)
at com.crm.pom.DwsLoginPage.login_button(DwsLoginPage.java:30)
at com.crm.pom.DwsLoginPage.login_button(DwsLoginPage.java:30)
at com.crm.pom.DwsLoginPage.login_button(DwsLoginPage.java:30)
at com.crm.pom.DwsLoginPage.login_button(DwsLoginPage.java:30)
at com.crm.pom.DwsLoginPage.login_button(DwsLoginPage.java:30)
at com.crm.pom.DwsLoginPage.login_button(DwsLoginPage.java:30)
at com.crm.pom.DwsLoginPage.login_button(DwsLoginPage.java:30)
at com.crm.pom.DwsLoginPage.login_button(DwsLoginPage.java:30)
at com.crm.pom.DwsLoginPage.login_button(DwsLoginPage.java:30)
at com.crm.pom.DwsLoginPage.login_button(DwsLoginPage.java:30)
at com.crm.pom.DwsLoginPage.login_button(DwsLoginPage.java:30)
at com.crm.pom.DwsLoginPage.login_button(DwsLoginPage.java:30)
at com.crm.pom.DwsLoginPage.login_button(DwsLoginPage.java:30)
at com.crm.pom.DwsLoginPage.login_button(DwsLoginPage.java:30)
at com.crm.pom.DwsLoginPage.login_button(DwsLoginPage.java:30)
at com.crm.pom.DwsLoginPage.login_button(DwsLoginPage.java:30)
at com.crm.pom.DwsLoginPage.login_button(DwsLoginPage.java:30)
at com.crm.pom.DwsLoginPage.login_button(DwsLoginPage.java:30)
at com.crm.pom.DwsLoginPage.login_button(DwsLoginPage.java:30)
at com.crm.pom.DwsLoginPage.login_button(DwsLoginPage.java:30)
at com.crm.pom.DwsLoginPage.login_button(DwsLoginPage.java:30)
at com.crm.pom.DwsLoginPage.login_button(DwsLoginPage.java:30)
at com.crm.pom.DwsLoginPage.login_button(DwsLoginPage.java:30)
at com.crm.pom.DwsLoginPage.login_button(DwsLoginPage.java:30)
at com.crm.pom.DwsLoginPage.login_button(DwsLoginPage.java:30)
at com.crm.pom.DwsLoginPage.login_button(DwsLoginPage.java:30)
at com.crm.pom.DwsLoginPage.login_button(DwsLoginPage.java:30)
at com.crm.pom.DwsLoginPage.login_button(DwsLoginPage.java:30)
at com.crm.pom.DwsLoginPage.login_button(DwsLoginPage.java:30)
at com.crm.pom.DwsLoginPage.login_button(DwsLoginPage.java:30)
at com.crm.pom.DwsLoginPage.login_button(DwsLoginPage.java:30)
at com.crm.pom.DwsLoginPage.login_button(DwsLoginPage.java:30)
at com.crm.pom.DwsLoginPage.login_button(DwsLoginPage.java:30)
at com.crm.pom.DwsLoginPage.login_button(DwsLoginPage.java:30)
at com.crm.pom.DwsLoginPage.login_button(DwsLoginPage.java:30)
at com.crm.pom.DwsLoginPage.login_button(DwsLoginPage.java:30)
at com.crm.pom.DwsLoginPage.login_button(DwsLoginPage.java:30)
at com.crm.pom.DwsLoginPage.login_button(DwsLoginPage.java:30)
at com.crm.pom.DwsLoginPage.login_button(DwsLoginPage.java:30)
at com.crm.pom.DwsLoginPage.login_button(DwsLoginPage.java:30)
at com.crm.pom.DwsLoginPage.login_button(DwsLoginPage.java:30)
at com.crm.pom.DwsLoginPage.login_button(DwsLoginPage.java:30)
at com.crm.pom.DwsLoginPage.login_button(DwsLoginPage.java:30)
at com.crm.pom.DwsLoginPage.login_button(DwsLoginPage.java:30)
at com.crm.pom.DwsLoginPage.login_button(DwsLoginPage.java:30)
at com.crm.pom.DwsLoginPage.login_button(DwsLoginPage.java:30)
at com.crm.pom.DwsLoginPage.login_button(DwsLoginPage.java:30)
at com.crm.pom.DwsLoginPage.login_button(DwsLoginPage.java:30)
at com.crm.pom.DwsLoginPage.login_button(DwsLoginPage.java:30)
at com.crm.pom.DwsLoginPage.login_button(DwsLoginPage.java:30)
at com.crm.pom.DwsLoginPage.login_button(DwsLoginPage.java:30)
at com.crm.pom.DwsLoginPage.login_button(DwsLoginPage.java:30)
at com.crm.pom.DwsLoginPage.login_button(DwsLoginPage.java:30)
at com.crm.pom.DwsLoginPage.login_button(DwsLoginPage.java:30)
at com.crm.pom.DwsLoginPage.login_button(DwsLoginPage.java:30)
at com.crm.pom.DwsLoginPage.login_button(DwsLoginPage.java:30)
at com.crm.pom.DwsLoginPage.login_button(DwsLoginPage.java:30)
at com.crm.pom.DwsLoginPage.login_button(DwsLoginPage.java:30)
at com.crm.pom.DwsLoginPage.login_button(DwsLoginPage.java:30)
at com.crm.pom.DwsLoginPage.login_button(DwsLoginPage.java:30)
at com.crm.pom.DwsLoginPage.login_button(DwsLoginPage.java:30)
at com.crm.pom.DwsLoginPage.login_button(DwsLoginPage.java:30)
at com.crm.pom.DwsLoginPage.login_button(DwsLoginPage.java:30)
at com.crm.pom.DwsLoginPage.login_button(DwsLoginPage.java:30)
at com.crm.pom.DwsLoginPage.login_button(DwsLoginPage.java:30)
at com.crm.pom.DwsLoginPage.login_button(DwsLoginPage.java:30)
at com.crm.pom.DwsLoginPage.login_button(DwsLoginPage.java:30)
at com.crm.pom.DwsLoginPage.login_button(DwsLoginPage.java:30)
at com.crm.pom.DwsLoginPage.login_button(DwsLoginPage.java:30)
at com.crm.pom.DwsLoginPage.login_button(DwsLoginPage.java:30)
at com.crm.pom.DwsLoginPage.login_button(DwsLoginPage.java:30)
at com.crm.pom.DwsLoginPage.login_button(DwsLoginPage.java:30)
at com.crm.pom.DwsLoginPage.login_button(DwsLoginPage.java:30)
at com.crm.pom.DwsLoginPage.login_button(DwsLoginPage.java:30)
at com.crm.pom.DwsLoginPage.login_button(DwsLoginPage.java:30)
at com.crm.pom.DwsLoginPage.login_button(DwsLoginPage.java:30)
at com.crm.pom.DwsLoginPage.login_button(DwsLoginPage.java:30)
at com.crm.pom.DwsLoginPage.login_button(DwsLoginPage.java:30)
at com.crm.pom.DwsLoginPage.login_button(DwsLoginPage.java:30)
at com.crm.pom.DwsLoginPage.login_button(DwsLoginPage.java:30)
at com.crm.pom.DwsLoginPage.login_button(DwsLoginPage.java:30)
at com.crm.pom.DwsLoginPage.login_button(DwsLoginPage.java:30)
at com.crm.pom.DwsLoginPage.login_button(DwsLoginPage.java:30)
at com.crm.pom.DwsLoginPage.login_button(DwsLoginPage.java:30)
at com.crm.pom.DwsLoginPage.login_button(DwsLoginPage.java:30)
at com.crm.pom.DwsLoginPage.login_button(DwsLoginPage.java:30)
at com.crm.pom.DwsLoginPage.login_button(DwsLoginPage.java:30)
at com.crm.pom.DwsLoginPage.login_button(DwsLoginPage.java:30)
at com.crm.pom.DwsLoginPage.login_button(DwsLoginPage.java:30)
at com.crm.pom.DwsLoginPage.login_button(DwsLoginPage.java:30)
at com.crm.pom.DwsLoginPage.login_button(DwsLoginPage.java:30)
at com.crm.pom.DwsLoginPage.login_button(DwsLoginPage.java:30)
at com.crm.pom.DwsLoginPage.login_button(DwsLoginPage.java:30)
at com.crm.pom.DwsLoginPage.login_button(DwsLoginPage.java:30)
at com.crm.pom.DwsLoginPage.login_button(DwsLoginPage.java:30)
at com.crm.pom.DwsLoginPage.login_button(DwsLoginPage.java:30)
at com.crm.pom.DwsLoginPage.login_button(DwsLoginPage.java:30)
at com.crm.pom.DwsLoginPage.login_button(DwsLoginPage.java:30)
at com.crm.pom.DwsLoginPage.login_button(DwsLoginPage.java:30)
at com.crm.pom.DwsLoginPage.login_button(DwsLoginPage.java:30)
at com.crm.pom.DwsLoginPage.login_button(DwsLoginPage.java:30)
at com.crm.pom.DwsLoginPage.login_button(DwsLoginPage.java:30)
at com.crm.pom.DwsLoginPage.login_button(DwsLoginPage.java:30)
at com.crm.pom.DwsLoginPage.login_button(DwsLoginPage.java:30)
at com.crm.pom.DwsLoginPage.login_button(DwsLoginPage.java:30)
at com.crm.pom.DwsLoginPage.login_button(DwsLoginPage.java:30)
at com.crm.pom.DwsLoginPage.login_button(DwsLoginPage.java:30)
at com.crm.pom.DwsLoginPage.login_button(DwsLoginPage.java:30)
at com.crm.pom.DwsLoginPage.login_button(DwsLoginPage.java:30)
at com.crm.pom.DwsLoginPage.login_button(DwsLoginPage.java:30)
at com.crm.pom.DwsLoginPage.login_button(DwsLoginPage.java:30)
at com.crm.pom.DwsLoginPage.login_button(DwsLoginPage.java:30)
at com.crm.pom.DwsLoginPage.login_button(DwsLoginPage.java:30)
at com.crm.pom.DwsLoginPage.login_button(DwsLoginPage.java:30)
at com.crm.pom.DwsLoginPage.login_button(DwsLoginPage.java:30)
at com.crm.pom.DwsLoginPage.login_button(DwsLoginPage.java:30)
at com.crm.pom.DwsLoginPage.login_button(DwsLoginPage.java:30)
at com.crm.pom.DwsLoginPage.login_button(DwsLoginPage.java:30)
at com.crm.pom.DwsLoginPage.login_button(DwsLoginPage.java:30)
at com.crm.pom.DwsLoginPage.login_button(DwsLoginPage.java:30)
at com.crm.pom.DwsLoginPage.login_button(DwsLoginPage.java:30)
at com.crm.pom.DwsLoginPage.login_button(DwsLoginPage.java:30)
at com.crm.pom.DwsLoginPage.login_button(DwsLoginPage.java:30)
at com.crm.pom.DwsLoginPage.login_button(DwsLoginPage.java:30)
at com.crm.pom.DwsLoginPage.login_button(DwsLoginPage.java:30)
at com.crm.pom.DwsLoginPage.login_button(DwsLoginPage.java:30)
at com.crm.pom.DwsLoginPage.login_button(DwsLoginPage.java:30)
at com.crm.pom.DwsLoginPage.login_button(DwsLoginPage.java:30)
at com.crm.pom.DwsLoginPage.login_button(DwsLoginPage.java:30)
at com.crm.pom.DwsLoginPage.login_button(DwsLoginPage.java:30)
at com.crm.pom.DwsLoginPage.login_button(DwsLoginPage.java:30)
at com.crm.pom.DwsLoginPage.login_button(DwsLoginPage.java:30)
at com.crm.pom.DwsLoginPage.login_button(DwsLoginPage.java:30)
at com.crm.pom.DwsLoginPage.login_button(DwsLoginPage.java:30)
at com.crm.pom.DwsLoginPage.login_button(DwsLoginPage.java:30)
at com.crm.pom.DwsLoginPage.login_button(DwsLoginPage.java:30)
at com.crm.pom.DwsLoginPage.login_button(DwsLoginPage.java:30)
at com.crm.pom.DwsLoginPage.login_button(DwsLoginPage.java:30)
at com.crm.pom.DwsLoginPage.login_button(DwsLoginPage.java:30)
at com.crm.pom.DwsLoginPage.login_button(DwsLoginPage.java:30)
at com.crm.pom.DwsLoginPage.login_button(DwsLoginPage.java:30)
at com.crm.pom.DwsLoginPage.login_button(DwsLoginPage.java:30)
at com.crm.pom.DwsLoginPage.login_button(DwsLoginPage.java:30)
at com.crm.pom.DwsLoginPage.login_button(DwsLoginPage.java:30)
at com.crm.pom.DwsLoginPage.login_button(DwsLoginPage.java:30)
at com.crm.pom.DwsLoginPage.login_button(DwsLoginPage.java:30)
at com.crm.pom.DwsLoginPage.login_button(DwsLoginPage.java:30)
at com.crm.pom.DwsLoginPage.login_button(DwsLoginPage.java:30)
at com.crm.pom.DwsLoginPage.login_button(DwsLoginPage.java:30)
at com.crm.pom.DwsLoginPage.login_button(DwsLoginPage.java:30)
at com.crm.pom.DwsLoginPage.login_button(DwsLoginPage.java:30)
at com.crm.pom.DwsLoginPage.login_button(DwsLoginPage.java:30)
at com.crm.pom.DwsLoginPage.login_button(DwsLoginPage.java:30)
at com.crm.pom.DwsLoginPage.login_button(DwsLoginPage.java:30)
at com.crm.pom.DwsLoginPage.login_button(DwsLoginPage.java:30)
at com.crm.pom.DwsLoginPage.login_button(DwsLoginPage.java:30)
at com.crm.pom.DwsLoginPage.login_button(DwsLoginPage.java:30)
at com.crm.pom.DwsLoginPage.login_button(DwsLoginPage.java:30)
at com.crm.pom.DwsLoginPage.login_button(DwsLoginPage.java:30)
at com.crm.pom.DwsLoginPage.login_button(DwsLoginPage.java:30)
at com.crm.pom.DwsLoginPage.login_button(DwsLoginPage.java:30)
at com.crm.pom.DwsLoginPage.login_button(DwsLoginPage.java:30)
at com.crm.pom.DwsLoginPage.login_button(DwsLoginPage.java:30)
at com.crm.pom.DwsLoginPage.login_button(DwsLoginPage.java:30)
at com.crm.pom.DwsLoginPage.login_button(DwsLoginPage.java:30)
at com.crm.pom.DwsLoginPage.login_button(DwsLoginPage.java:30)
at com.crm.pom.DwsLoginPage.login_button(DwsLoginPage.java:30)
at com.crm.pom.DwsLoginPage.login_button(DwsLoginPage.java:30)
at com.crm.pom.DwsLoginPage.login_button(DwsLoginPage.java:30)
at com.crm.pom.DwsLoginPage.login_button(DwsLoginPage.java:30)
at com.crm.pom.DwsLoginPage.login_button(DwsLoginPage.java:30)
at com.crm.pom.DwsLoginPage.login_button(DwsLoginPage.java:30)
at com.crm.pom.DwsLoginPage.login_button(DwsLoginPage.java:30)
at com.crm.pom.DwsLoginPage.login_button(DwsLoginPage.java:30)
at com.crm.pom.DwsLoginPage.login_button(DwsLoginPage.java:30)
at com.crm.pom.DwsLoginPage.login_button(DwsLoginPage.java:30)
at com.crm.pom.DwsLoginPage.login_button(DwsLoginPage.java:30)
at com.crm.pom.DwsLoginPage.login_button(DwsLoginPage.java:30)
at com.crm.pom.DwsLoginPage.login_button(DwsLoginPage.java:30)
at com.crm.pom.DwsLoginPage.login_button(DwsLoginPage.java:30)
at com.crm.pom.DwsLoginPage.login_button(DwsLoginPage.java:30)
at com.crm.pom.DwsLoginPage.login_button(DwsLoginPage.java:30)
at com.crm.pom.DwsLoginPage.login_button(DwsLoginPage.java:30)
at com.crm.pom.DwsLoginPage.login_button(DwsLoginPage.java:30)
at com.crm.pom.DwsLoginPage.login_button(DwsLoginPage.java:30)
at com.crm.pom.DwsLoginPage.login_button(DwsLoginPage.java:30)
at com.crm.pom.DwsLoginPage.login_button(DwsLoginPage.java:30)
at com.crm.pom.DwsLoginPage.login_button(DwsLoginPage.java:30)
at com.crm.pom.DwsLoginPage.login_button(DwsLoginPage.java:30)
at com.crm.pom.DwsLoginPage.login_button(DwsLoginPage.java:30)
at com.crm.pom.DwsLoginPage.login_button(DwsLoginPage.java:30)
at com.crm.pom.DwsLoginPage.login_button(DwsLoginPage.java:30)
at com.crm.pom.DwsLoginPage.login_button(DwsLoginPage.java:30)
at com.crm.pom.DwsLoginPage.login_button(DwsLoginPage.java:30)
at com.crm.pom.DwsLoginPage.login_button(DwsLoginPage.java:30)
at com.crm.pom.DwsLoginPage.login_button(DwsLoginPage.java:30)
at com.crm.pom.DwsLoginPage.login_button(DwsLoginPage.java:30)
at com.crm.pom.DwsLoginPage.login_button(DwsLoginPage.java:30)
at com.crm.pom.DwsLoginPage.login_button(DwsLoginPage.java:30)
at com.crm.pom.DwsLoginPage.login_button(DwsLoginPage.java:30)
at com.crm.pom.DwsLoginPage.login_button(DwsLoginPage.java:30)
at com.crm.pom.DwsLoginPage.login_button(DwsLoginPage.java:30)
at com.crm.pom.DwsLoginPage.login_button(DwsLoginPage.java:30)
at com.crm.pom.DwsLoginPage.login_button(DwsLoginPage.java:30)
at com.crm.pom.DwsLoginPage.login_button(DwsLoginPage.java:30)
at com.crm.pom.DwsLoginPage.login_button(DwsLoginPage.java:30)
at com.crm.pom.DwsLoginPage.login_button(DwsLoginPage.java:30)
at com.crm.pom.DwsLoginPage.login_button(DwsLoginPage.java:30)
at com.crm.pom.DwsLoginPage.login_button(DwsLoginPage.java:30)
at com.crm.pom.DwsLoginPage.login_button(DwsLoginPage.java:30)
at com.crm.pom.DwsLoginPage.login_button(DwsLoginPage.java:30)
at com.crm.pom.DwsLoginPage.login_button(DwsLoginPage.java:30)
at com.crm.pom.DwsLoginPage.login_button(DwsLoginPage.java:30)
at com.crm.pom.DwsLoginPage.login_button(DwsLoginPage.java:30)
at com.crm.pom.DwsLoginPage.login_button(DwsLoginPage.java:30)
at com.crm.pom.DwsLoginPage.login_button(DwsLoginPage.java:30)
at com.crm.pom.DwsLoginPage.login_button(DwsLoginPage.java:30)
at com.crm.pom.DwsLoginPage.login_button(DwsLoginPage.java:30)
at com.crm.pom.DwsLoginPage.login_button(DwsLoginPage.java:30)
at com.crm.pom.DwsLoginPage.login_button(DwsLoginPage.java:30)
at com.crm.pom.DwsLoginPage.login_button(DwsLoginPage.java:30)
at com.crm.pom.DwsLoginPage.login_button(DwsLoginPage.java:30)
at com.crm.pom.DwsLoginPage.login_button(DwsLoginPage.java:30)
at com.crm.pom.DwsLoginPage.login_button(DwsLoginPage.java:30)
at com.crm.pom.DwsLoginPage.login_button(DwsLoginPage.java:30)
at com.crm.pom.DwsLoginPage.login_button(DwsLoginPage.java:30)
at com.crm.pom.DwsLoginPage.login_button(DwsLoginPage.java:30)
at com.crm.pom.DwsLoginPage.login_button(DwsLoginPage.java:30)
at com.crm.pom.DwsLoginPage.login_button(DwsLoginPage.java:30)
at com.crm.pom.DwsLoginPage.login_button(DwsLoginPage.java:30)
at com.crm.pom.DwsLoginPage.login_button(DwsLoginPage.java:30)
at com.crm.pom.DwsLoginPage.login_button(DwsLoginPage.java:30)
at com.crm.pom.DwsLoginPage.login_button(DwsLoginPage.java:30)
at com.crm.pom.DwsLoginPage.login_button(DwsLoginPage.java:30)
at com.crm.pom.DwsLoginPage.login_button(DwsLoginPage.java:30)
at com.crm.pom.DwsLoginPage.login_button(DwsLoginPage.java:30)
at com.crm.pom.DwsLoginPage.login_button(DwsLoginPage.java:30)
at com.crm.pom.DwsLoginPage.login_button(DwsLoginPage.java:30)
at com.crm.pom.DwsLoginPage.login_button(DwsLoginPage.java:30)
at com.crm.pom.DwsLoginPage.login_button(DwsLoginPage.java:30)
at com.crm.pom.DwsLoginPage.login_button(DwsLoginPage.java:30)
at com.crm.pom.DwsLoginPage.login_button(DwsLoginPage.java:30)
at com.crm.pom.DwsLoginPage.login_button(DwsLoginPage.java:30)
at com.crm.pom.DwsLoginPage.login_button(DwsLoginPage.java:30)
at com.crm.pom.DwsLoginPage.login_button(DwsLoginPage.java:30)
at com.crm.pom.DwsLoginPage.login_button(DwsLoginPage.java:30)
at com.crm.pom.DwsLoginPage.login_button(DwsLoginPage.java:30)
at com.crm.pom.DwsLoginPage.login_button(DwsLoginPage.java:30)
at com.crm.pom.DwsLoginPage.login_button(DwsLoginPage.java:30)
at com.crm.pom.DwsLoginPage.login_button(DwsLoginPage.java:30)
at com.crm.pom.DwsLoginPage.login_button(DwsLoginPage.java:30)
at com.crm.pom.DwsLoginPage.login_button(DwsLoginPage.java:30)
at com.crm.pom.DwsLoginPage.login_button(DwsLoginPage.java:30)
at com.crm.pom.DwsLoginPage.login_button(DwsLoginPage.java:30)
at com.crm.pom.DwsLoginPage.login_button(DwsLoginPage.java:30)
at com.crm.pom.DwsLoginPage.login_button(DwsLoginPage.java:30)
at com.crm.pom.DwsLoginPage.login_button(DwsLoginPage.java:30)
at com.crm.pom.DwsLoginPage.login_button(DwsLoginPage.java:30)
at com.crm.pom.DwsLoginPage.login_button(DwsLoginPage.java:30)
at com.crm.pom.DwsLoginPage.login_button(DwsLoginPage.java:30)
at com.crm.pom.DwsLoginPage.login_button(DwsLoginPage.java:30)
at com.crm.pom.DwsLoginPage.login_button(DwsLoginPage.java:30)
at com.crm.pom.DwsLoginPage.login_button(DwsLoginPage.java:30)
at com.crm.pom.DwsLoginPage.login_button(DwsLoginPage.java:30)
at com.crm.pom.DwsLoginPage.login_button(DwsLoginPage.java:30)
at com.crm.pom.DwsLoginPage.login_button(DwsLoginPage.java:30)
at com.crm.pom.DwsLoginPage.login_button(DwsLoginPage.java:30)
at com.crm.pom.DwsLoginPage.login_button(DwsLoginPage.java:30)
at com.crm.pom.DwsLoginPage.login_button(DwsLoginPage.java:30)
at com.crm.pom.DwsLoginPage.login_button(DwsLoginPage.java:30)
at com.crm.pom.DwsLoginPage.login_button(DwsLoginPage.java:30)
at com.crm.pom.DwsLoginPage.login_button(DwsLoginPage.java:30)
at com.crm.pom.DwsLoginPage.login_button(DwsLoginPage.java:30)
at com.crm.pom.DwsLoginPage.login_button(DwsLoginPage.java:30)
at com.crm.pom.DwsLoginPage.login_button(DwsLoginPage.java:30)
at com.crm.pom.DwsLoginPage.login_button(DwsLoginPage.java:30)
at com.crm.pom.DwsLoginPage.login_button(DwsLoginPage.java:30)
at com.crm.pom.DwsLoginPage.login_button(DwsLoginPage.java:30)
at com.crm.pom.DwsLoginPage.login_button(DwsLoginPage.java:30)
at com.crm.pom.DwsLoginPage.login_button(DwsLoginPage.java:30)
at com.crm.pom.DwsLoginPage.login_button(DwsLoginPage.java:30)
at com.crm.pom.DwsLoginPage.login_button(DwsLoginPage.java:30)
at com.crm.pom.DwsLoginPage.login_button(DwsLoginPage.java:30)
at com.crm.pom.DwsLoginPage.login_button(DwsLoginPage.java:30)
at com.crm.pom.DwsLoginPage.login_button(DwsLoginPage.java:30)
at com.crm.pom.DwsLoginPage.login_button(DwsLoginPage.java:30)
at com.crm.pom.DwsLoginPage.login_button(DwsLoginPage.java:30)
at com.crm.pom.DwsLoginPage.login_button(DwsLoginPage.java:30)
at com.crm.pom.DwsLoginPage.login_button(DwsLoginPage.java:30)
at com.crm.pom.DwsLoginPage.login_button(DwsLoginPage.java:30)
at com.crm.pom.DwsLoginPage.login_button(DwsLoginPage.java:30)
at com.crm.pom.DwsLoginPage.login_button(DwsLoginPage.java:30)
at com.crm.pom.DwsLoginPage.login_button(DwsLoginPage.java:30)
at com.crm.pom.DwsLoginPage.login_button(DwsLoginPage.java:30)
at com.crm.pom.DwsLoginPage.login_button(DwsLoginPage.java:30)
at com.crm.pom.DwsLoginPage.login_button(DwsLoginPage.java:30)
at com.crm.pom.DwsLoginPage.login_button(DwsLoginPage.java:30)
at com.crm.pom.DwsLoginPage.login_button(DwsLoginPage.java:30)
at com.crm.pom.DwsLoginPage.login_button(DwsLoginPage.java:30)
at com.crm.pom.DwsLoginPage.login_button(DwsLoginPage.java:30)
at com.crm.pom.DwsLoginPage.login_button(DwsLoginPage.java:30)
at com.crm.pom.DwsLoginPage.login_button(DwsLoginPage.java:30)
at com.crm.pom.DwsLoginPage.login_button(DwsLoginPage.java:30)
at com.crm.pom.DwsLoginPage.login_button(DwsLoginPage.java:30)
at com.crm.pom.DwsLoginPage.login_button(DwsLoginPage.java:30)
at com.crm.pom.DwsLoginPage.login_button(DwsLoginPage.java:30)
at com.crm.pom.DwsLoginPage.login_button(DwsLoginPage.java:30)
at com.crm.pom.DwsLoginPage.login_button(DwsLoginPage.java:30)
at com.crm.pom.DwsLoginPage.login_button(DwsLoginPage.java:30)
at com.crm.pom.DwsLoginPage.login_button(DwsLoginPage.java:30)
at com.crm.pom.DwsLoginPage.login_button(DwsLoginPage.java:30)
at com.crm.pom.DwsLoginPage.login_button(DwsLoginPage.java:30)
at com.crm.pom.DwsLoginPage.login_button(DwsLoginPage.java:30)
at com.crm.pom.DwsLoginPage.login_button(DwsLoginPage.java:30)
at com.crm.pom.DwsLoginPage.login_button(DwsLoginPage.java:30)
at com.crm.pom.DwsLoginPage.login_button(DwsLoginPage.java:30)
at com.crm.pom.DwsLoginPage.login_button(DwsLoginPage.java:30)
at com.crm.pom.DwsLoginPage.login_button(DwsLoginPage.java:30)
at com.crm.pom.DwsLoginPage.login_button(DwsLoginPage.java:30)
at com.crm.pom.DwsLoginPage.login_button(DwsLoginPage.java:30)
at com.crm.pom.DwsLoginPage.login_button(DwsLoginPage.java:30)
at com.crm.pom.DwsLoginPage.login_button(DwsLoginPage.java:30)
at com.crm.pom.DwsLoginPage.login_button(DwsLoginPage.java:30)
at com.crm.pom.DwsLoginPage.login_button(DwsLoginPage.java:30)
at com.crm.pom.DwsLoginPage.login_button(DwsLoginPage.java:30)
at com.crm.pom.DwsLoginPage.login_button(DwsLoginPage.java:30)
at com.crm.pom.DwsLoginPage.login_button(DwsLoginPage.java:30)
at com.crm.pom.DwsLoginPage.login_button(DwsLoginPage.java:30)
at com.crm.pom.DwsLoginPage.login_button(DwsLoginPage.java:30)
at com.crm.pom.DwsLoginPage.login_button(DwsLoginPage.java:30)
at com.crm.pom.DwsLoginPage.login_button(DwsLoginPage.java:30)
at com.crm.pom.DwsLoginPage.login_button(DwsLoginPage.java:30)
at com.crm.pom.DwsLoginPage.login_button(DwsLoginPage.java:30)
at com.crm.pom.DwsLoginPage.login_button(DwsLoginPage.java:30)
at com.crm.pom.DwsLoginPage.login_button(DwsLoginPage.java:30)
at com.crm.pom.DwsLoginPage.login_button(DwsLoginPage.java:30)
at com.crm.pom.DwsLoginPage.login_button(DwsLoginPage.java:30)
at com.crm.pom.DwsLoginPage.login_button(DwsLoginPage.java:30)
at com.crm.pom.DwsLoginPage.login_button(DwsLoginPage.java:30)
at com.crm.pom.DwsLoginPage.login_button(DwsLoginPage.java:30)
at com.crm.pom.DwsLoginPage.login_button(DwsLoginPage.java:30)
at com.crm.pom.DwsLoginPage.login_button(DwsLoginPage.java:30)
at com.crm.pom.DwsLoginPage.login_button(DwsLoginPage.java:30)
at com.crm.pom.DwsLoginPage.login_button(DwsLoginPage.java:30)
at com.crm.pom.DwsLoginPage.login_button(DwsLoginPage.java:30)
at com.crm.pom.DwsLoginPage.login_button(DwsLoginPage.java:30)
at com.crm.pom.DwsLoginPage.login_button(DwsLoginPage.java:30)
at com.crm.pom.DwsLoginPage.login_button(DwsLoginPage.java:30)
at com.crm.pom.DwsLoginPage.login_button(DwsLoginPage.java:30)
at com.crm.pom.DwsLoginPage.login_button(DwsLoginPage.java:30)
at com.crm.pom.DwsLoginPage.login_button(DwsLoginPage.java:30)
at com.crm.pom.DwsLoginPage.login_button(DwsLoginPage.java:30)
at com.crm.pom.DwsLoginPage.login_button(DwsLoginPage.java:30)
at com.crm.pom.DwsLoginPage.login_button(DwsLoginPage.java:30)
at com.crm.pom.DwsLoginPage.login_button(DwsLoginPage.java:30)
at com.crm.pom.DwsLoginPage.login_button(DwsLoginPage.java:30)
at com.crm.pom.DwsLoginPage.login_button(DwsLoginPage.java:30)
at com.crm.pom.DwsLoginPage.login_button(DwsLoginPage.java:30)
at com.crm.pom.DwsLoginPage.login_button(DwsLoginPage.java:30)
at com.crm.pom.DwsLoginPage.login_button(DwsLoginPage.java:30)
at com.crm.pom.DwsLoginPage.login_button(DwsLoginPage.java:30)
at com.crm.pom.DwsLoginPage.login_button(DwsLoginPage.java:30)
at com.crm.pom.DwsLoginPage.login_button(DwsLoginPage.java:30)
at com.crm.pom.DwsLoginPage.login_button(DwsLoginPage.java:30)
at com.crm.pom.DwsLoginPage.login_button(DwsLoginPage.java:30)
at com.crm.pom.DwsLoginPage.login_button(DwsLoginPage.java:30)
at com.crm.pom.DwsLoginPage.login_button(DwsLoginPage.java:30)
at com.crm.pom.DwsLoginPage.login_button(DwsLoginPage.java:30)
at com.crm.pom.DwsLoginPage.login_button(DwsLoginPage.java:30)
at com.crm.pom.DwsLoginPage.login_button(DwsLoginPage.java:30)
at com.crm.pom.DwsLoginPage.login_button(DwsLoginPage.java:30)
at com.crm.pom.DwsLoginPage.login_button(DwsLoginPage.java:30)
at com.crm.pom.DwsLoginPage.login_button(DwsLoginPage.java:30)
at com.crm.pom.DwsLoginPage.login_button(DwsLoginPage.java:30)
at com.crm.pom.DwsLoginPage.login_button(DwsLoginPage.java:30)
at com.crm.pom.DwsLoginPage.login_button(DwsLoginPage.java:30)
at com.crm.pom.DwsLoginPage.login_button(DwsLoginPage.java:30)
at com.crm.pom.DwsLoginPage.login_button(DwsLoginPage.java:30)
at com.crm.pom.DwsLoginPage.login_button(DwsLoginPage.java:30)
at com.crm.pom.DwsLoginPage.login_button(DwsLoginPage.java:30)
at com.crm.pom.DwsLoginPage.login_button(DwsLoginPage.java:30)
at com.crm.pom.DwsLoginPage.login_button(DwsLoginPage.java:30)
at com.crm.pom.DwsLoginPage.login_button(DwsLoginPage.java:30)
at com.crm.pom.DwsLoginPage.login_button(DwsLoginPage.java:30)
at com.crm.pom.DwsLoginPage.login_button(DwsLoginPage.java:30)
at com.crm.pom.DwsLoginPage.login_button(DwsLoginPage.java:30)
at com.crm.pom.DwsLoginPage.login_button(DwsLoginPage.java:30)
at com.crm.pom.DwsLoginPage.login_button(DwsLoginPage.java:30)
at com.crm.pom.DwsLoginPage.login_button(DwsLoginPage.java:30)
at com.crm.pom.DwsLoginPage.login_button(DwsLoginPage.java:30)
at com.crm.pom.DwsLoginPage.login_button(DwsLoginPage.java:30)
at com.crm.pom.DwsLoginPage.login_button(DwsLoginPage.java:30)
at com.crm.pom.DwsLoginPage.login_button(DwsLoginPage.java:30)
at com.crm.pom.DwsLoginPage.login_button(DwsLoginPage.java:30)
at com.crm.pom.DwsLoginPage.login_button(DwsLoginPage.java:30)
at com.crm.pom.DwsLoginPage.login_button(DwsLoginPage.java:30)
at com.crm.pom.DwsLoginPage.login_button(DwsLoginPage.java:30)
at com.crm.pom.DwsLoginPage.login_button(DwsLoginPage.java:30)
at com.crm.pom.DwsLoginPage.login_button(DwsLoginPage.java:30)
at com.crm.pom.DwsLoginPage.login_button(DwsLoginPage.java:30)
at com.crm.pom.DwsLoginPage.login_button(DwsLoginPage.java:30)
at com.crm.pom.DwsLoginPage.login_button(DwsLoginPage.java:30)
at com.crm.pom.DwsLoginPage.login_button(DwsLoginPage.java:30)
at com.crm.pom.DwsLoginPage.login_button(DwsLoginPage.java:30)
at com.crm.pom.DwsLoginPage.login_button(DwsLoginPage.java:30)
at com.crm.pom.DwsLoginPage.login_button(DwsLoginPage.java:30)
at com.crm.pom.DwsLoginPage.login_button(DwsLoginPage.java:30)
at com.crm.pom.DwsLoginPage.login_button(DwsLoginPage.java:30)
at com.crm.pom.DwsLoginPage.login_button(DwsLoginPage.java:30)
at com.crm.pom.DwsLoginPage.login_button(DwsLoginPage.java:30)
at com.crm.pom.DwsLoginPage.login_button(DwsLoginPage.java:30)
at com.crm.pom.DwsLoginPage.login_button(DwsLoginPage.java:30)
at com.crm.pom.DwsLoginPage.login_button(DwsLoginPage.java:30)
at com.crm.pom.DwsLoginPage.login_button(DwsLoginPage.java:30)
at com.crm.pom.DwsLoginPage.login_button(DwsLoginPage.java:30)
at com.crm.pom.DwsLoginPage.login_button(DwsLoginPage.java:30)
at com.crm.pom.DwsLoginPage.login_button(DwsLoginPage.java:30)
at com.crm.pom.DwsLoginPage.login_button(DwsLoginPage.java:30)
at com.crm.pom.DwsLoginPage.login_button(DwsLoginPage.java:30)
at com.crm.pom.DwsLoginPage.login_button(DwsLoginPage.java:30)
at com.crm.pom.DwsLoginPage.login_button(DwsLoginPage.java:30)
at com.crm.pom.DwsLoginPage.login_button(DwsLoginPage.java:30)
at com.crm.pom.DwsLoginPage.login_button(DwsLoginPage.java:30)
at com.crm.pom.DwsLoginPage.login_button(DwsLoginPage.java:30)
at com.crm.pom.DwsLoginPage.login_button(DwsLoginPage.java:30)
at com.crm.pom.DwsLoginPage.login_button(DwsLoginPage.java:30)
at com.crm.pom.DwsLoginPage.login_button(DwsLoginPage.java:30)
at com.crm.pom.DwsLoginPage.login_button(DwsLoginPage.java:30)
at com.crm.pom.DwsLoginPage.login_button(DwsLoginPage.java:30)
at com.crm.pom.DwsLoginPage.login_button(DwsLoginPage.java:30)
at com.crm.pom.DwsLoginPage.login_button(DwsLoginPage.java:30)
at com.crm.pom.DwsLoginPage.login_button(DwsLoginPage.java:30)
at com.crm.pom.DwsLoginPage.login_button(DwsLoginPage.java:30)
at com.crm.pom.DwsLoginPage.login_button(DwsLoginPage.java:30)
at com.crm.pom.DwsLoginPage.login_button(DwsLoginPage.java:30)
at com.crm.pom.DwsLoginPage.login_button(DwsLoginPage.java:30)
at com.crm.pom.DwsLoginPage.login_button(DwsLoginPage.java:30)
at com.crm.pom.DwsLoginPage.login_button(DwsLoginPage.java:30)
at com.crm.pom.DwsLoginPage.login_button(DwsLoginPage.java:30)
at com.crm.pom.DwsLoginPage.login_button(DwsLoginPage.java:30)
at com.crm.pom.DwsLoginPage.login_button(DwsLoginPage.java:30)
at com.crm.pom.DwsLoginPage.login_button(DwsLoginPage.java:30)
at com.crm.pom.DwsLoginPage.login_button(DwsLoginPage.java:30)
at com.crm.pom.DwsLoginPage.login_button(DwsLoginPage.java:30)
at com.crm.pom.DwsLoginPage.login_button(DwsLoginPage.java:30)
at com.crm.pom.DwsLoginPage.login_button(DwsLoginPage.java:30)
at com.crm.pom.DwsLoginPage.login_button(DwsLoginPage.java:30)
at com.crm.pom.DwsLoginPage.login_button(DwsLoginPage.java:30)
at com.crm.pom.DwsLoginPage.login_button(DwsLoginPage.java:30)
at com.crm.pom.DwsLoginPage.login_button(DwsLoginPage.java:30)
at com.crm.pom.DwsLoginPage.login_button(DwsLoginPage.java:30)
at com.crm.pom.DwsLoginPage.login_button(DwsLoginPage.java:30)
at com.crm.pom.DwsLoginPage.login_button(DwsLoginPage.java:30)
at com.crm.pom.DwsLoginPage.login_button(DwsLoginPage.java:30)
at com.crm.pom.DwsLoginPage.login_button(DwsLoginPage.java:30)
at com.crm.pom.DwsLoginPage.login_button(DwsLoginPage.java:30)
at com.crm.pom.DwsLoginPage.login_button(DwsLoginPage.java:30)
at com.crm.pom.DwsLoginPage.login_button(DwsLoginPage.java:30)
at com.crm.pom.DwsLoginPage.login_button(DwsLoginPage.java:30)
at com.crm.pom.DwsLoginPage.login_button(DwsLoginPage.java:30)
at com.crm.pom.DwsLoginPage.login_button(DwsLoginPage.java:30)
at com.crm.pom.DwsLoginPage.login_button(DwsLoginPage.java:30)
at com.crm.pom.DwsLoginPage.login_button(DwsLoginPage.java:30)
at com.crm.pom.DwsLoginPage.login_button(DwsLoginPage.java:30)
at com.crm.pom.DwsLoginPage.login_button(DwsLoginPage.java:30)
at com.crm.pom.DwsLoginPage.login_button(DwsLoginPage.java:30)
at com.crm.pom.DwsLoginPage.login_button(DwsLoginPage.java:30)
at com.crm.pom.DwsLoginPage.login_button(DwsLoginPage.java:30)
at com.crm.pom.DwsLoginPage.login_button(DwsLoginPage.java:30)
at com.crm.pom.DwsLoginPage.login_button(DwsLoginPage.java:30)
at com.crm.pom.DwsLoginPage.login_button(DwsLoginPage.java:30)
at com.crm.pom.DwsLoginPage.login_button(DwsLoginPage.java:30)
at com.crm.pom.DwsLoginPage.login_button(DwsLoginPage.java:30)
at com.crm.pom.DwsLoginPage.login_button(DwsLoginPage.java:30)
at com.crm.pom.DwsLoginPage.login_button(DwsLoginPage.java:30)
at com.crm.pom.DwsLoginPage.login_button(DwsLoginPage.java:30)
at com.crm.pom.DwsLoginPage.login_button(DwsLoginPage.java:30)
at com.crm.pom.DwsLoginPage.login_button(DwsLoginPage.java:30)
at com.crm.pom.DwsLoginPage.login_button(DwsLoginPage.java:30)
at com.crm.pom.DwsLoginPage.login_button(DwsLoginPage.java:30)
at com.crm.pom.DwsLoginPage.login_button(DwsLoginPage.java:30)
at com.crm.pom.DwsLoginPage.login_button(DwsLoginPage.java:30)
at com.crm.pom.DwsLoginPage.login_button(DwsLoginPage.java:30)
at com.crm.pom.DwsLoginPage.login_button(DwsLoginPage.java:30)
at com.crm.pom.DwsLoginPage.login_button(DwsLoginPage.java:30)
at com.crm.pom.DwsLoginPage.login_button(DwsLoginPage.java:30)
at com.crm.pom.DwsLoginPage.login_button(DwsLoginPage.java:30)
at com.crm.pom.DwsLoginPage.login_button(DwsLoginPage.java:30)
at com.crm.pom.DwsLoginPage.login_button(DwsLoginPage.java:30)
at com.crm.pom.DwsLoginPage.login_button(DwsLoginPage.java:30)
at com.crm.pom.DwsLoginPage.login_button(DwsLoginPage.java:30)
at com.crm.pom.DwsLoginPage.login_button(DwsLoginPage.java:30)
at com.crm.pom.DwsLoginPage.login_button(DwsLoginPage.java:30)
at com.crm.pom.DwsLoginPage.login_button(DwsLoginPage.java:30)
at com.crm.pom.DwsLoginPage.login_button(DwsLoginPage.java:30)
at com.crm.pom.DwsLoginPage.login_button(DwsLoginPage.java:30)
at com.crm.pom.DwsLoginPage.login_button(DwsLoginPage.java:30)
at com.crm.pom.DwsLoginPage.login_button(DwsLoginPage.java:30)
at com.crm.pom.DwsLoginPage.login_button(DwsLoginPage.java:30)
at com.crm.pom.DwsLoginPage.login_button(DwsLoginPage.java:30)
at com.crm.pom.DwsLoginPage.login_button(DwsLoginPage.java:30)
at com.crm.pom.DwsLoginPage.login_button(DwsLoginPage.java:30)
at com.crm.pom.DwsLoginPage.login_button(DwsLoginPage.java:30)
at com.crm.pom.DwsLoginPage.login_button(DwsLoginPage.java:30)
at com.crm.pom.DwsLoginPage.login_button(DwsLoginPage.java:30)
at com.crm.pom.DwsLoginPage.login_button(DwsLoginPage.java:30)
at com.crm.pom.DwsLoginPage.login_button(DwsLoginPage.java:30)
at com.crm.pom.DwsLoginPage.login_button(DwsLoginPage.java:30)
at com.crm.pom.DwsLoginPage.login_button(DwsLoginPage.java:30)
at com.crm.pom.DwsLoginPage.login_button(DwsLoginPage.java:30)
at com.crm.pom.DwsLoginPage.login_button(DwsLoginPage.java:30)
at com.crm.pom.DwsLoginPage.login_button(DwsLoginPage.java:30)
at com.crm.pom.DwsLoginPage.login_button(DwsLoginPage.java:30)
at com.crm.pom.DwsLoginPage.login_button(DwsLoginPage.java:30)
at com.crm.pom.DwsLoginPage.login_button(DwsLoginPage.java:30)
at com.crm.pom.DwsLoginPage.login_button(DwsLoginPage.java:30)
at com.crm.pom.DwsLoginPage.login_button(DwsLoginPage.java:30)
at com.crm.pom.DwsLoginPage.login_button(DwsLoginPage.java:30)
at com.crm.pom.DwsLoginPage.login_button(DwsLoginPage.java:30)
at com.crm.pom.DwsLoginPage.login_button(DwsLoginPage.java:30)
at com.crm.pom.DwsLoginPage.login_button(DwsLoginPage.java:30)
at com.crm.pom.DwsLoginPage.login_button(DwsLoginPage.java:30)
at com.crm.pom.DwsLoginPage.login_button(DwsLoginPage.java:30)
at com.crm.pom.DwsLoginPage.login_button(DwsLoginPage.java:30)
at com.crm.pom.DwsLoginPage.login_button(DwsLoginPage.java:30)
at com.crm.pom.DwsLoginPage.login_button(DwsLoginPage.java:30)
at com.crm.pom.DwsLoginPage.login_button(DwsLoginPage.java:30)
at com.crm.pom.DwsLoginPage.login_button(DwsLoginPage.java:30)
at com.crm.pom.DwsLoginPage.login_button(DwsLoginPage.java:30)
at com.crm.pom.DwsLoginPage.login_button(DwsLoginPage.java:30)
at com.crm.pom.DwsLoginPage.login_button(DwsLoginPage.java:30)
at com.crm.pom.DwsLoginPage.login_button(DwsLoginPage.java:30)
at com.crm.pom.DwsLoginPage.login_button(DwsLoginPage.java:30)
at com.crm.pom.DwsLoginPage.login_button(DwsLoginPage.java:30)
at com.crm.pom.DwsLoginPage.login_button(DwsLoginPage.java:30)
at com.crm.pom.DwsLoginPage.login_button(DwsLoginPage.java:30)
at com.crm.pom.DwsLoginPage.login_button(DwsLoginPage.java:30)
at com.crm.pom.DwsLoginPage.login_button(DwsLoginPage.java:30)
at com.crm.pom.DwsLoginPage.login_button(DwsLoginPage.java:30)
at com.crm.pom.DwsLoginPage.login_button(DwsLoginPage.java:30)
at com.crm.pom.DwsLoginPage.login_button(DwsLoginPage.java:30)
at com.crm.pom.DwsLoginPage.login_button(DwsLoginPage.java:30)
at com.crm.pom.DwsLoginPage.login_button(DwsLoginPage.java:30)
at com.crm.pom.DwsLoginPage.login_button(DwsLoginPage.java:30)
at com.crm.pom.DwsLoginPage.login_button(DwsLoginPage.java:30)
at com.crm.pom.DwsLoginPage.login_button(DwsLoginPage.java:30)
at com.crm.pom.DwsLoginPage.login_button(DwsLoginPage.java:30)
at com.crm.pom.DwsLoginPage.login_button(DwsLoginPage.java:30)
at com.crm.pom.DwsLoginPage.login_button(DwsLoginPage.java:30)
at com.crm.pom.DwsLoginPage.login_button(DwsLoginPage.java:30)
at com.crm.pom.DwsLoginPage.login_button(DwsLoginPage.java:30)
at com.crm.pom.DwsLoginPage.login_button(DwsLoginPage.java:30)
at com.crm.pom.DwsLoginPage.login_button(DwsLoginPage.java:30)
at com.crm.pom.DwsLoginPage.login_button(DwsLoginPage.java:30)
at com.crm.pom.DwsLoginPage.login_button(DwsLoginPage.java:30)
at com.crm.pom.DwsLoginPage.login_button(DwsLoginPage.java:30)
at com.crm.pom.DwsLoginPage.login_button(DwsLoginPage.java:30)
at com.crm.pom.DwsLoginPage.login_button(DwsLoginPage.java:30)
at com.crm.pom.DwsLoginPage.login_button(DwsLoginPage.java:30)
at com.crm.pom.DwsLoginPage.login_button(DwsLoginPage.java:30)
at com.crm.pom.DwsLoginPage.login_button(DwsLoginPage.java:30)
at com.crm.pom.DwsLoginPage.login_button(DwsLoginPage.java:30)
at com.crm.pom.DwsLoginPage.login_button(DwsLoginPage.java:30)
at com.crm.pom.DwsLoginPage.login_button(DwsLoginPage.java:30)
at com.crm.pom.DwsLoginPage.login_button(DwsLoginPage.java:30)
at com.crm.pom.DwsLoginPage.login_button(DwsLoginPage.java:30)
at com.crm.pom.DwsLoginPage.login_button(DwsLoginPage.java:30)
at com.crm.pom.DwsLoginPage.login_button(DwsLoginPage.java:30)
at com.crm.pom.DwsLoginPage.login_button(DwsLoginPage.java:30)
at com.crm.pom.DwsLoginPage.login_button(DwsLoginPage.java:30)
at com.crm.pom.DwsLoginPage.login_button(DwsLoginPage.java:30)
at com.crm.pom.DwsLoginPage.login_button(DwsLoginPage.java:30)
at com.crm.pom.DwsLoginPage.login_button(DwsLoginPage.java:30)
at com.crm.pom.DwsLoginPage.login_button(DwsLoginPage.java:30)
at com.crm.pom.DwsLoginPage.login_button(DwsLoginPage.java:30)
at com.crm.pom.DwsLoginPage.login_button(DwsLoginPage.java:30)
at com.crm.pom.DwsLoginPage.login_button(DwsLoginPage.java:30)
at com.crm.pom.DwsLoginPage.login_button(DwsLoginPage.java:30)
at com.crm.pom.DwsLoginPage.login_button(DwsLoginPage.java:30)
at com.crm.pom.DwsLoginPage.login_button(DwsLoginPage.java:30)
at com.crm.pom.DwsLoginPage.login_button(DwsLoginPage.java:30)
at com.crm.pom.DwsLoginPage.login_button(DwsLoginPage.java:30)
at com.crm.pom.DwsLoginPage.login_button(DwsLoginPage.java:30)
at com.crm.pom.DwsLoginPage.login_button(DwsLoginPage.java:30)
at com.crm.pom.DwsLoginPage.login_button(DwsLoginPage.java:30)
at com.crm.pom.DwsLoginPage.login_button(DwsLoginPage.java:30)
at com.crm.pom.DwsLoginPage.login_button(DwsLoginPage.java:30)
at com.crm.pom.DwsLoginPage.login_button(DwsLoginPage.java:30)
at com.crm.pom.DwsLoginPage.login_button(DwsLoginPage.java:30)
at com.crm.pom.DwsLoginPage.login_button(DwsLoginPage.java:30)
at com.crm.pom.DwsLoginPage.login_button(DwsLoginPage.java:30)
at com.crm.pom.DwsLoginPage.login_button(DwsLoginPage.java:30)
at com.crm.pom.DwsLoginPage.login_button(DwsLoginPage.java:30)
at com.crm.pom.DwsLoginPage.login_button(DwsLoginPage.java:30)
at com.crm.pom.DwsLoginPage.login_button(DwsLoginPage.java:30)
at com.crm.pom.DwsLoginPage.login_button(DwsLoginPage.java:30)
at com.crm.pom.DwsLoginPage.login_button(DwsLoginPage.java:30)
at com.crm.pom.DwsLoginPage.login_button(DwsLoginPage.java:30)
at com.crm.pom.DwsLoginPage.login_button(DwsLoginPage.java:30)
at com.crm.pom.DwsLoginPage.login_button(DwsLoginPage.java:30)
at com.crm.pom.DwsLoginPage.login_button(DwsLoginPage.java:30)
at com.crm.pom.DwsLoginPage.login_button(DwsLoginPage.java:30)
at com.crm.pom.DwsLoginPage.login_button(DwsLoginPage.java:30)
at com.crm.pom.DwsLoginPage.login_button(DwsLoginPage.java:30)
at com.crm.pom.DwsLoginPage.login_button(DwsLoginPage.java:30)
at com.crm.pom.DwsLoginPage.login_button(DwsLoginPage.java:30)
at com.crm.pom.DwsLoginPage.login_button(DwsLoginPage.java:30)
at com.crm.pom.DwsLoginPage.login_button(DwsLoginPage.java:30)
at com.crm.pom.DwsLoginPage.login_button(DwsLoginPage.java:30)
at com.crm.pom.DwsLoginPage.login_button(DwsLoginPage.java:30)
at com.crm.pom.DwsLoginPage.login_button(DwsLoginPage.java:30)
at com.crm.pom.DwsLoginPage.login_button(DwsLoginPage.java:30)
at com.crm.pom.DwsLoginPage.login_button(DwsLoginPage.java:30)
at com.crm.pom.DwsLoginPage.login_button(DwsLoginPage.java:30)
at com.crm.pom.DwsLoginPage.login_button(DwsLoginPage.java:30)
at com.crm.pom.DwsLoginPage.login_button(DwsLoginPage.java:30)
at com.crm.pom.DwsLoginPage.login_button(DwsLoginPage.java:30)
at com.crm.pom.DwsLoginPage.login_button(DwsLoginPage.java:30)
at com.crm.pom.DwsLoginPage.login_button(DwsLoginPage.java:30)
at com.crm.pom.DwsLoginPage.login_button(DwsLoginPage.java:30)
at com.crm.pom.DwsLoginPage.login_button(DwsLoginPage.java:30)
at com.crm.pom.DwsLoginPage.login_button(DwsLoginPage.java:30)
at com.crm.pom.DwsLoginPage.login_button(DwsLoginPage.java:30)
at com.crm.pom.DwsLoginPage.login_button(DwsLoginPage.java:30)
at com.crm.pom.DwsLoginPage.login_button(DwsLoginPage.java:30)
at com.crm.pom.DwsLoginPage.login_button(DwsLoginPage.java:30)
at com.crm.pom.DwsLoginPage.login_button(DwsLoginPage.java:30)
at com.crm.pom.DwsLoginPage.login_button(DwsLoginPage.java:30)
at com.crm.pom.DwsLoginPage.login_button(DwsLoginPage.java:30)
at com.crm.pom.DwsLoginPage.login_button(DwsLoginPage.java:30)
at com.crm.pom.DwsLoginPage.login_button(DwsLoginPage.java:30)
at com.crm.pom.DwsLoginPage.login_button(DwsLoginPage.java:30)
at com.crm.pom.DwsLoginPage.login_button(DwsLoginPage.java:30)
at com.crm.pom.DwsLoginPage.login_button(DwsLoginPage.java:30)
at com.crm.pom.DwsLoginPage.login_button(DwsLoginPage.java:30)
at com.crm.pom.DwsLoginPage.login_button(DwsLoginPage.java:30)
at com.crm.pom.DwsLoginPage.login_button(DwsLoginPage.java:30)
at com.crm.pom.DwsLoginPage.login_button(DwsLoginPage.java:30)
at com.crm.pom.DwsLoginPage.login_button(DwsLoginPage.java:30)
at com.crm.pom.DwsLoginPage.login_button(DwsLoginPage.java:30)
at com.crm.pom.DwsLoginPage.login_button(DwsLoginPage.java:30)
at com.crm.pom.DwsLoginPage.login_button(DwsLoginPage.java:30)
at com.crm.pom.DwsLoginPage.login_button(DwsLoginPage.java:30)
at com.crm.pom.DwsLoginPage.login_button(DwsLoginPage.java:30)
at com.crm.pom.DwsLoginPage.login_button(DwsLoginPage.java:30)
at com.crm.pom.DwsLoginPage.login_button(DwsLoginPage.java:30)
at com.crm.pom.DwsLoginPage.login_button(DwsLoginPage.java:30)
at com.crm.pom.DwsLoginPage.login_button(DwsLoginPage.java:30)
at com.crm.pom.DwsLoginPage.login_button(DwsLoginPage.java:30)
at com.crm.pom.DwsLoginPage.login_button(DwsLoginPage.java:30)
at com.crm.pom.DwsLoginPage.login_button(DwsLoginPage.java:30)
at com.crm.pom.DwsLoginPage.login_button(DwsLoginPage.java:30)
at com.crm.pom.DwsLoginPage.login_button(DwsLoginPage.java:30)
at com.crm.pom.DwsLoginPage.login_button(DwsLoginPage.java:30)
at com.crm.pom.DwsLoginPage.login_button(DwsLoginPage.java:30)
at com.crm.pom.DwsLoginPage.login_button(DwsLoginPage.java:30)
at com.crm.pom.DwsLoginPage.login_button(DwsLoginPage.java:30)
at com.crm.pom.DwsLoginPage.login_button(DwsLoginPage.java:30)
at com.crm.pom.DwsLoginPage.login_button(DwsLoginPage.java:30)
at com.crm.pom.DwsLoginPage.login_button(DwsLoginPage.java:30)
at com.crm.pom.DwsLoginPage.login_button(DwsLoginPage.java:30)
at com.crm.pom.DwsLoginPage.login_button(DwsLoginPage.java:30)
at com.crm.pom.DwsLoginPage.login_button(DwsLoginPage.java:30)
at com.crm.pom.DwsLoginPage.login_button(DwsLoginPage.java:30)
at com.crm.pom.DwsLoginPage.login_button(DwsLoginPage.java:30)
at com.crm.pom.DwsLoginPage.login_button(DwsLoginPage.java:30)
at com.crm.pom.DwsLoginPage.login_button(DwsLoginPage.java:30)
at com.crm.pom.DwsLoginPage.login_button(DwsLoginPage.java:30)
at com.crm.pom.DwsLoginPage.login_button(DwsLoginPage.java:30)
at com.crm.pom.DwsLoginPage.login_button(DwsLoginPage.java:30)
at com.crm.pom.DwsLoginPage.login_button(DwsLoginPage.java:30)
]]>
            </full-stacktrace>
          </exception> <!-- java.lang.StackOverflowError -->
          <reporter-output>
          </reporter-output>
        </test-method> <!-- dwsLoginWrong -->
        <test-method signature="dwsLoginCorrect()[pri:0, instance:com.crm.listernersCode.ExtentReportWithScreenShot@35dab4eb]" started-at="2024-05-31T10:47:36 IST" name="dwsLoginCorrect" finished-at="2024-05-31T10:47:40 IST" duration-ms="3778" status="FAIL">
          <exception class="java.lang.StackOverflowError">
            <full-stacktrace>
              <![CDATA[java.lang.StackOverflowError
at com.crm.pom.DwsLoginPage.login_button(DwsLoginPage.java:30)
at com.crm.pom.DwsLoginPage.login_button(DwsLoginPage.java:30)
at com.crm.pom.DwsLoginPage.login_button(DwsLoginPage.java:30)
at com.crm.pom.DwsLoginPage.login_button(DwsLoginPage.java:30)
at com.crm.pom.DwsLoginPage.login_button(DwsLoginPage.java:30)
at com.crm.pom.DwsLoginPage.login_button(DwsLoginPage.java:30)
at com.crm.pom.DwsLoginPage.login_button(DwsLoginPage.java:30)
at com.crm.pom.DwsLoginPage.login_button(DwsLoginPage.java:30)
at com.crm.pom.DwsLoginPage.login_button(DwsLoginPage.java:30)
at com.crm.pom.DwsLoginPage.login_button(DwsLoginPage.java:30)
at com.crm.pom.DwsLoginPage.login_button(DwsLoginPage.java:30)
at com.crm.pom.DwsLoginPage.login_button(DwsLoginPage.java:30)
at com.crm.pom.DwsLoginPage.login_button(DwsLoginPage.java:30)
at com.crm.pom.DwsLoginPage.login_button(DwsLoginPage.java:30)
at com.crm.pom.DwsLoginPage.login_button(DwsLoginPage.java:30)
at com.crm.pom.DwsLoginPage.login_button(DwsLoginPage.java:30)
at com.crm.pom.DwsLoginPage.login_button(DwsLoginPage.java:30)
at com.crm.pom.DwsLoginPage.login_button(DwsLoginPage.java:30)
at com.crm.pom.DwsLoginPage.login_button(DwsLoginPage.java:30)
at com.crm.pom.DwsLoginPage.login_button(DwsLoginPage.java:30)
at com.crm.pom.DwsLoginPage.login_button(DwsLoginPage.java:30)
at com.crm.pom.DwsLoginPage.login_button(DwsLoginPage.java:30)
at com.crm.pom.DwsLoginPage.login_button(DwsLoginPage.java:30)
at com.crm.pom.DwsLoginPage.login_button(DwsLoginPage.java:30)
at com.crm.pom.DwsLoginPage.login_button(DwsLoginPage.java:30)
at com.crm.pom.DwsLoginPage.login_button(DwsLoginPage.java:30)
at com.crm.pom.DwsLoginPage.login_button(DwsLoginPage.java:30)
at com.crm.pom.DwsLoginPage.login_button(DwsLoginPage.java:30)
at com.crm.pom.DwsLoginPage.login_button(DwsLoginPage.java:30)
at com.crm.pom.DwsLoginPage.login_button(DwsLoginPage.java:30)
at com.crm.pom.DwsLoginPage.login_button(DwsLoginPage.java:30)
at com.crm.pom.DwsLoginPage.login_button(DwsLoginPage.java:30)
at com.crm.pom.DwsLoginPage.login_button(DwsLoginPage.java:30)
at com.crm.pom.DwsLoginPage.login_button(DwsLoginPage.java:30)
at com.crm.pom.DwsLoginPage.login_button(DwsLoginPage.java:30)
at com.crm.pom.DwsLoginPage.login_button(DwsLoginPage.java:30)
at com.crm.pom.DwsLoginPage.login_button(DwsLoginPage.java:30)
at com.crm.pom.DwsLoginPage.login_button(DwsLoginPage.java:30)
at com.crm.pom.DwsLoginPage.login_button(DwsLoginPage.java:30)
at com.crm.pom.DwsLoginPage.login_button(DwsLoginPage.java:30)
at com.crm.pom.DwsLoginPage.login_button(DwsLoginPage.java:30)
at com.crm.pom.DwsLoginPage.login_button(DwsLoginPage.java:30)
at com.crm.pom.DwsLoginPage.login_button(DwsLoginPage.java:30)
at com.crm.pom.DwsLoginPage.login_button(DwsLoginPage.java:30)
at com.crm.pom.DwsLoginPage.login_button(DwsLoginPage.java:30)
at com.crm.pom.DwsLoginPage.login_button(DwsLoginPage.java:30)
at com.crm.pom.DwsLoginPage.login_button(DwsLoginPage.java:30)
at com.crm.pom.DwsLoginPage.login_button(DwsLoginPage.java:30)
at com.crm.pom.DwsLoginPage.login_button(DwsLoginPage.java:30)
at com.crm.pom.DwsLoginPage.login_button(DwsLoginPage.java:30)
at com.crm.pom.DwsLoginPage.login_button(DwsLoginPage.java:30)
at com.crm.pom.DwsLoginPage.login_button(DwsLoginPage.java:30)
at com.crm.pom.DwsLoginPage.login_button(DwsLoginPage.java:30)
at com.crm.pom.DwsLoginPage.login_button(DwsLoginPage.java:30)
at com.crm.pom.DwsLoginPage.login_button(DwsLoginPage.java:30)
at com.crm.pom.DwsLoginPage.login_button(DwsLoginPage.java:30)
at com.crm.pom.DwsLoginPage.login_button(DwsLoginPage.java:30)
at com.crm.pom.DwsLoginPage.login_button(DwsLoginPage.java:30)
at com.crm.pom.DwsLoginPage.login_button(DwsLoginPage.java:30)
at com.crm.pom.DwsLoginPage.login_button(DwsLoginPage.java:30)
at com.crm.pom.DwsLoginPage.login_button(DwsLoginPage.java:30)
at com.crm.pom.DwsLoginPage.login_button(DwsLoginPage.java:30)
at com.crm.pom.DwsLoginPage.login_button(DwsLoginPage.java:30)
at com.crm.pom.DwsLoginPage.login_button(DwsLoginPage.java:30)
at com.crm.pom.DwsLoginPage.login_button(DwsLoginPage.java:30)
at com.crm.pom.DwsLoginPage.login_button(DwsLoginPage.java:30)
at com.crm.pom.DwsLoginPage.login_button(DwsLoginPage.java:30)
at com.crm.pom.DwsLoginPage.login_button(DwsLoginPage.java:30)
at com.crm.pom.DwsLoginPage.login_button(DwsLoginPage.java:30)
at com.crm.pom.DwsLoginPage.login_button(DwsLoginPage.java:30)
at com.crm.pom.DwsLoginPage.login_button(DwsLoginPage.java:30)
at com.crm.pom.DwsLoginPage.login_button(DwsLoginPage.java:30)
at com.crm.pom.DwsLoginPage.login_button(DwsLoginPage.java:30)
at com.crm.pom.DwsLoginPage.login_button(DwsLoginPage.java:30)
at com.crm.pom.DwsLoginPage.login_button(DwsLoginPage.java:30)
at com.crm.pom.DwsLoginPage.login_button(DwsLoginPage.java:30)
at com.crm.pom.DwsLoginPage.login_button(DwsLoginPage.java:30)
at com.crm.pom.DwsLoginPage.login_button(DwsLoginPage.java:30)
at com.crm.pom.DwsLoginPage.login_button(DwsLoginPage.java:30)
at com.crm.pom.DwsLoginPage.login_button(DwsLoginPage.java:30)
at com.crm.pom.DwsLoginPage.login_button(DwsLoginPage.java:30)
at com.crm.pom.DwsLoginPage.login_button(DwsLoginPage.java:30)
at com.crm.pom.DwsLoginPage.login_button(DwsLoginPage.java:30)
at com.crm.pom.DwsLoginPage.login_button(DwsLoginPage.java:30)
at com.crm.pom.DwsLoginPage.login_button(DwsLoginPage.java:30)
at com.crm.pom.DwsLoginPage.login_button(DwsLoginPage.java:30)
at com.crm.pom.DwsLoginPage.login_button(DwsLoginPage.java:30)
at com.crm.pom.DwsLoginPage.login_button(DwsLoginPage.java:30)
at com.crm.pom.DwsLoginPage.login_button(DwsLoginPage.java:30)
at com.crm.pom.DwsLoginPage.login_button(DwsLoginPage.java:30)
at com.crm.pom.DwsLoginPage.login_button(DwsLoginPage.java:30)
at com.crm.pom.DwsLoginPage.login_button(DwsLoginPage.java:30)
at com.crm.pom.DwsLoginPage.login_button(DwsLoginPage.java:30)
at com.crm.pom.DwsLoginPage.login_button(DwsLoginPage.java:30)
at com.crm.pom.DwsLoginPage.login_button(DwsLoginPage.java:30)
at com.crm.pom.DwsLoginPage.login_button(DwsLoginPage.java:30)
at com.crm.pom.DwsLoginPage.login_button(DwsLoginPage.java:30)
at com.crm.pom.DwsLoginPage.login_button(DwsLoginPage.java:30)
at com.crm.pom.DwsLoginPage.login_button(DwsLoginPage.java:30)
at com.crm.pom.DwsLoginPage.login_button(DwsLoginPage.java:30)
at com.crm.pom.DwsLoginPage.login_button(DwsLoginPage.java:30)
at com.crm.pom.DwsLoginPage.login_button(DwsLoginPage.java:30)
at com.crm.pom.DwsLoginPage.login_button(DwsLoginPage.java:30)
at com.crm.pom.DwsLoginPage.login_button(DwsLoginPage.java:30)
at com.crm.pom.DwsLoginPage.login_button(DwsLoginPage.java:30)
at com.crm.pom.DwsLoginPage.login_button(DwsLoginPage.java:30)
at com.crm.pom.DwsLoginPage.login_button(DwsLoginPage.java:30)
at com.crm.pom.DwsLoginPage.login_button(DwsLoginPage.java:30)
at com.crm.pom.DwsLoginPage.login_button(DwsLoginPage.java:30)
at com.crm.pom.DwsLoginPage.login_button(DwsLoginPage.java:30)
at com.crm.pom.DwsLoginPage.login_button(DwsLoginPage.java:30)
at com.crm.pom.DwsLoginPage.login_button(DwsLoginPage.java:30)
at com.crm.pom.DwsLoginPage.login_button(DwsLoginPage.java:30)
at com.crm.pom.DwsLoginPage.login_button(DwsLoginPage.java:30)
at com.crm.pom.DwsLoginPage.login_button(DwsLoginPage.java:30)
at com.crm.pom.DwsLoginPage.login_button(DwsLoginPage.java:30)
at com.crm.pom.DwsLoginPage.login_button(DwsLoginPage.java:30)
at com.crm.pom.DwsLoginPage.login_button(DwsLoginPage.java:30)
at com.crm.pom.DwsLoginPage.login_button(DwsLoginPage.java:30)
at com.crm.pom.DwsLoginPage.login_button(DwsLoginPage.java:30)
at com.crm.pom.DwsLoginPage.login_button(DwsLoginPage.java:30)
at com.crm.pom.DwsLoginPage.login_button(DwsLoginPage.java:30)
at com.crm.pom.DwsLoginPage.login_button(DwsLoginPage.java:30)
at com.crm.pom.DwsLoginPage.login_button(DwsLoginPage.java:30)
at com.crm.pom.DwsLoginPage.login_button(DwsLoginPage.java:30)
at com.crm.pom.DwsLoginPage.login_button(DwsLoginPage.java:30)
at com.crm.pom.DwsLoginPage.login_button(DwsLoginPage.java:30)
at com.crm.pom.DwsLoginPage.login_button(DwsLoginPage.java:30)
at com.crm.pom.DwsLoginPage.login_button(DwsLoginPage.java:30)
at com.crm.pom.DwsLoginPage.login_button(DwsLoginPage.java:30)
at com.crm.pom.DwsLoginPage.login_button(DwsLoginPage.java:30)
at com.crm.pom.DwsLoginPage.login_button(DwsLoginPage.java:30)
at com.crm.pom.DwsLoginPage.login_button(DwsLoginPage.java:30)
at com.crm.pom.DwsLoginPage.login_button(DwsLoginPage.java:30)
at com.crm.pom.DwsLoginPage.login_button(DwsLoginPage.java:30)
at com.crm.pom.DwsLoginPage.login_button(DwsLoginPage.java:30)
at com.crm.pom.DwsLoginPage.login_button(DwsLoginPage.java:30)
at com.crm.pom.DwsLoginPage.login_button(DwsLoginPage.java:30)
at com.crm.pom.DwsLoginPage.login_button(DwsLoginPage.java:30)
at com.crm.pom.DwsLoginPage.login_button(DwsLoginPage.java:30)
at com.crm.pom.DwsLoginPage.login_button(DwsLoginPage.java:30)
at com.crm.pom.DwsLoginPage.login_button(DwsLoginPage.java:30)
at com.crm.pom.DwsLoginPage.login_button(DwsLoginPage.java:30)
at com.crm.pom.DwsLoginPage.login_button(DwsLoginPage.java:30)
at com.crm.pom.DwsLoginPage.login_button(DwsLoginPage.java:30)
at com.crm.pom.DwsLoginPage.login_button(DwsLoginPage.java:30)
at com.crm.pom.DwsLoginPage.login_button(DwsLoginPage.java:30)
at com.crm.pom.DwsLoginPage.login_button(DwsLoginPage.java:30)
at com.crm.pom.DwsLoginPage.login_button(DwsLoginPage.java:30)
at com.crm.pom.DwsLoginPage.login_button(DwsLoginPage.java:30)
at com.crm.pom.DwsLoginPage.login_button(DwsLoginPage.java:30)
at com.crm.pom.DwsLoginPage.login_button(DwsLoginPage.java:30)
at com.crm.pom.DwsLoginPage.login_button(DwsLoginPage.java:30)
at com.crm.pom.DwsLoginPage.login_button(DwsLoginPage.java:30)
at com.crm.pom.DwsLoginPage.login_button(DwsLoginPage.java:30)
at com.crm.pom.DwsLoginPage.login_button(DwsLoginPage.java:30)
at com.crm.pom.DwsLoginPage.login_button(DwsLoginPage.java:30)
at com.crm.pom.DwsLoginPage.login_button(DwsLoginPage.java:30)
at com.crm.pom.DwsLoginPage.login_button(DwsLoginPage.java:30)
at com.crm.pom.DwsLoginPage.login_button(DwsLoginPage.java:30)
at com.crm.pom.DwsLoginPage.login_button(DwsLoginPage.java:30)
at com.crm.pom.DwsLoginPage.login_button(DwsLoginPage.java:30)
at com.crm.pom.DwsLoginPage.login_button(DwsLoginPage.java:30)
at com.crm.pom.DwsLoginPage.login_button(DwsLoginPage.java:30)
at com.crm.pom.DwsLoginPage.login_button(DwsLoginPage.java:30)
at com.crm.pom.DwsLoginPage.login_button(DwsLoginPage.java:30)
at com.crm.pom.DwsLoginPage.login_button(DwsLoginPage.java:30)
at com.crm.pom.DwsLoginPage.login_button(DwsLoginPage.java:30)
at com.crm.pom.DwsLoginPage.login_button(DwsLoginPage.java:30)
at com.crm.pom.DwsLoginPage.login_button(DwsLoginPage.java:30)
at com.crm.pom.DwsLoginPage.login_button(DwsLoginPage.java:30)
at com.crm.pom.DwsLoginPage.login_button(DwsLoginPage.java:30)
at com.crm.pom.DwsLoginPage.login_button(DwsLoginPage.java:30)
at com.crm.pom.DwsLoginPage.login_button(DwsLoginPage.java:30)
at com.crm.pom.DwsLoginPage.login_button(DwsLoginPage.java:30)
at com.crm.pom.DwsLoginPage.login_button(DwsLoginPage.java:30)
at com.crm.pom.DwsLoginPage.login_button(DwsLoginPage.java:30)
at com.crm.pom.DwsLoginPage.login_button(DwsLoginPage.java:30)
at com.crm.pom.DwsLoginPage.login_button(DwsLoginPage.java:30)
at com.crm.pom.DwsLoginPage.login_button(DwsLoginPage.java:30)
at com.crm.pom.DwsLoginPage.login_button(DwsLoginPage.java:30)
at com.crm.pom.DwsLoginPage.login_button(DwsLoginPage.java:30)
at com.crm.pom.DwsLoginPage.login_button(DwsLoginPage.java:30)
at com.crm.pom.DwsLoginPage.login_button(DwsLoginPage.java:30)
at com.crm.pom.DwsLoginPage.login_button(DwsLoginPage.java:30)
at com.crm.pom.DwsLoginPage.login_button(DwsLoginPage.java:30)
at com.crm.pom.DwsLoginPage.login_button(DwsLoginPage.java:30)
at com.crm.pom.DwsLoginPage.login_button(DwsLoginPage.java:30)
at com.crm.pom.DwsLoginPage.login_button(DwsLoginPage.java:30)
at com.crm.pom.DwsLoginPage.login_button(DwsLoginPage.java:30)
[...]
at com.crm.pom.DwsLoginPage.login_button(DwsLoginPage.java:30)
at com.crm.pom.DwsLoginPage.login_button(DwsLoginPage.java:30)
at com.crm.pom.DwsLoginPage.login_button(DwsLoginPage.java:30)
at com.crm.pom.DwsLoginPage.login_button(DwsLoginPage.java:30)
at com.crm.pom.DwsLoginPage.login_button(DwsLoginPage.java:30)
at com.crm.pom.DwsLoginPage.login_button(DwsLoginPage.java:30)
at com.crm.pom.DwsLoginPage.login_button(DwsLoginPage.java:30)
at com.crm.pom.DwsLoginPage.login_button(DwsLoginPage.java:30)
at com.crm.pom.DwsLoginPage.login_button(DwsLoginPage.java:30)
at com.crm.pom.DwsLoginPage.login_button(DwsLoginPage.java:30)
at com.crm.pom.DwsLoginPage.login_button(DwsLoginPage.java:30)
at com.crm.pom.DwsLoginPage.login_button(DwsLoginPage.java:30)
at com.crm.pom.DwsLoginPage.login_button(DwsLoginPage.java:30)
at com.crm.pom.DwsLoginPage.login_button(DwsLoginPage.java:30)
at com.crm.pom.DwsLoginPage.login_button(DwsLoginPage.java:30)
at com.crm.pom.DwsLoginPage.login_button(DwsLoginPage.java:30)
at com.crm.pom.DwsLoginPage.login_button(DwsLoginPage.java:30)
at com.crm.pom.DwsLoginPage.login_button(DwsLoginPage.java:30)
at com.crm.pom.DwsLoginPage.login_button(DwsLoginPage.java:30)
at com.crm.pom.DwsLoginPage.login_button(DwsLoginPage.java:30)
at com.crm.pom.DwsLoginPage.login_button(DwsLoginPage.java:30)
at com.crm.pom.DwsLoginPage.login_button(DwsLoginPage.java:30)
at com.crm.pom.DwsLoginPage.login_button(DwsLoginPage.java:30)
at com.crm.pom.DwsLoginPage.login_button(DwsLoginPage.java:30)
at com.crm.pom.DwsLoginPage.login_button(DwsLoginPage.java:30)
at com.crm.pom.DwsLoginPage.login_button(DwsLoginPage.java:30)
at com.crm.pom.DwsLoginPage.login_button(DwsLoginPage.java:30)
at com.crm.pom.DwsLoginPage.login_button(DwsLoginPage.java:30)
at com.crm.pom.DwsLoginPage.login_button(DwsLoginPage.java:30)
at com.crm.pom.DwsLoginPage.login_button(DwsLoginPage.java:30)
at com.crm.pom.DwsLoginPage.login_button(DwsLoginPage.java:30)
at com.crm.pom.DwsLoginPage.login_button(DwsLoginPage.java:30)
at com.crm.pom.DwsLoginPage.login_button(DwsLoginPage.java:30)
at com.crm.pom.DwsLoginPage.login_button(DwsLoginPage.java:30)
at com.crm.pom.DwsLoginPage.login_button(DwsLoginPage.java:30)
at com.crm.pom.DwsLoginPage.login_button(DwsLoginPage.java:30)
at com.crm.pom.DwsLoginPage.login_button(DwsLoginPage.java:30)
at com.crm.pom.DwsLoginPage.login_button(DwsLoginPage.java:30)
at com.crm.pom.DwsLoginPage.login_button(DwsLoginPage.java:30)
at com.crm.pom.DwsLoginPage.login_button(DwsLoginPage.java:30)
at com.crm.pom.DwsLoginPage.login_button(DwsLoginPage.java:30)
at com.crm.pom.DwsLoginPage.login_button(DwsLoginPage.java:30)
at com.crm.pom.DwsLoginPage.login_button(DwsLoginPage.java:30)
at com.crm.pom.DwsLoginPage.login_button(DwsLoginPage.java:30)
at com.crm.pom.DwsLoginPage.login_button(DwsLoginPage.java:30)
at com.crm.pom.DwsLoginPage.login_button(DwsLoginPage.java:30)
at com.crm.pom.DwsLoginPage.login_button(DwsLoginPage.java:30)
at com.crm.pom.DwsLoginPage.login_button(DwsLoginPage.java:30)
at com.crm.pom.DwsLoginPage.login_button(DwsLoginPage.java:30)
at com.crm.pom.DwsLoginPage.login_button(DwsLoginPage.java:30)
at com.crm.pom.DwsLoginPage.login_button(DwsLoginPage.java:30)
at com.crm.pom.DwsLoginPage.login_button(DwsLoginPage.java:30)
at com.crm.pom.DwsLoginPage.login_button(DwsLoginPage.java:30)
at com.crm.pom.DwsLoginPage.login_button(DwsLoginPage.java:30)
at com.crm.pom.DwsLoginPage.login_button(DwsLoginPage.java:30)
at com.crm.pom.DwsLoginPage.login_button(DwsLoginPage.java:30)
at com.crm.pom.DwsLoginPage.login_button(DwsLoginPage.java:30)
at com.crm.pom.DwsLoginPage.login_button(DwsLoginPage.java:30)
at com.crm.pom.DwsLoginPage.login_button(DwsLoginPage.java:30)
at com.crm.pom.DwsLoginPage.login_button(DwsLoginPage.java:30)
at com.crm.pom.DwsLoginPage.login_button(DwsLoginPage.java:30)
at com.crm.pom.DwsLoginPage.login_button(DwsLoginPage.java:30)
at com.crm.pom.DwsLoginPage.login_button(DwsLoginPage.java:30)
at com.crm.pom.DwsLoginPage.login_button(DwsLoginPage.java:30)
at com.crm.pom.DwsLoginPage.login_button(DwsLoginPage.java:30)
at com.crm.pom.DwsLoginPage.login_button(DwsLoginPage.java:30)
at com.crm.pom.DwsLoginPage.login_button(DwsLoginPage.java:30)
at com.crm.pom.DwsLoginPage.login_button(DwsLoginPage.java:30)
at com.crm.pom.DwsLoginPage.login_button(DwsLoginPage.java:30)
at com.crm.pom.DwsLoginPage.login_button(DwsLoginPage.java:30)
at com.crm.pom.DwsLoginPage.login_button(DwsLoginPage.java:30)
at com.crm.pom.DwsLoginPage.login_button(DwsLoginPage.java:30)
at com.crm.pom.DwsLoginPage.login_button(DwsLoginPage.java:30)
at com.crm.pom.DwsLoginPage.login_button(DwsLoginPage.java:30)
at com.crm.pom.DwsLoginPage.login_button(DwsLoginPage.java:30)
at com.crm.pom.DwsLoginPage.login_button(DwsLoginPage.java:30)
at com.crm.pom.DwsLoginPage.login_button(DwsLoginPage.java:30)
at com.crm.pom.DwsLoginPage.login_button(DwsLoginPage.java:30)
at com.crm.pom.DwsLoginPage.login_button(DwsLoginPage.java:30)
at com.crm.pom.DwsLoginPage.login_button(DwsLoginPage.java:30)
at com.crm.pom.DwsLoginPage.login_button(DwsLoginPage.java:30)
at com.crm.pom.DwsLoginPage.login_button(DwsLoginPage.java:30)
at com.crm.pom.DwsLoginPage.login_button(DwsLoginPage.java:30)
at com.crm.pom.DwsLoginPage.login_button(DwsLoginPage.java:30)
at com.crm.pom.DwsLoginPage.login_button(DwsLoginPage.java:30)
at com.crm.pom.DwsLoginPage.login_button(DwsLoginPage.java:30)
at com.crm.pom.DwsLoginPage.login_button(DwsLoginPage.java:30)
at com.crm.pom.DwsLoginPage.login_button(DwsLoginPage.java:30)
at com.crm.pom.DwsLoginPage.login_button(DwsLoginPage.java:30)
at com.crm.pom.DwsLoginPage.login_button(DwsLoginPage.java:30)
at com.crm.pom.DwsLoginPage.login_button(DwsLoginPage.java:30)
at com.crm.pom.DwsLoginPage.login_button(DwsLoginPage.java:30)
at com.crm.pom.DwsLoginPage.login_button(DwsLoginPage.java:30)
at com.crm.pom.DwsLoginPage.login_button(DwsLoginPage.java:30)
at com.crm.pom.DwsLoginPage.login_button(DwsLoginPage.java:30)
at com.crm.pom.DwsLoginPage.login_button(DwsLoginPage.java:30)
at com.crm.pom.DwsLoginPage.login_button(DwsLoginPage.java:30)
at com.crm.pom.DwsLoginPage.login_button(DwsLoginPage.java:30)
at com.crm.pom.DwsLoginPage.login_button(DwsLoginPage.java:30)
at com.crm.pom.DwsLoginPage.login_button(DwsLoginPage.java:30)
at com.crm.pom.DwsLoginPage.login_button(DwsLoginPage.java:30)
at com.crm.pom.DwsLoginPage.login_button(DwsLoginPage.java:30)
at com.crm.pom.DwsLoginPage.login_button(DwsLoginPage.java:30)
at com.crm.pom.DwsLoginPage.login_button(DwsLoginPage.java:30)
at com.crm.pom.DwsLoginPage.login_button(DwsLoginPage.java:30)
at com.crm.pom.DwsLoginPage.login_button(DwsLoginPage.java:30)
at com.crm.pom.DwsLoginPage.login_button(DwsLoginPage.java:30)
at com.crm.pom.DwsLoginPage.login_button(DwsLoginPage.java:30)
at com.crm.pom.DwsLoginPage.login_button(DwsLoginPage.java:30)
at com.crm.pom.DwsLoginPage.login_button(DwsLoginPage.java:30)
at com.crm.pom.DwsLoginPage.login_button(DwsLoginPage.java:30)
at com.crm.pom.DwsLoginPage.login_button(DwsLoginPage.java:30)
at com.crm.pom.DwsLoginPage.login_button(DwsLoginPage.java:30)
at com.crm.pom.DwsLoginPage.login_button(DwsLoginPage.java:30)
at com.crm.pom.DwsLoginPage.login_button(DwsLoginPage.java:30)
at com.crm.pom.DwsLoginPage.login_button(DwsLoginPage.java:30)
at com.crm.pom.DwsLoginPage.login_button(DwsLoginPage.java:30)
at com.crm.pom.DwsLoginPage.login_button(DwsLoginPage.java:30)
at com.crm.pom.DwsLoginPage.login_button(DwsLoginPage.java:30)
at com.crm.pom.DwsLoginPage.login_button(DwsLoginPage.java:30)
at com.crm.pom.DwsLoginPage.login_button(DwsLoginPage.java:30)
at com.crm.pom.DwsLoginPage.login_button(DwsLoginPage.java:30)
at com.crm.pom.DwsLoginPage.login_button(DwsLoginPage.java:30)
at com.crm.pom.DwsLoginPage.login_button(DwsLoginPage.java:30)
at com.crm.pom.DwsLoginPage.login_button(DwsLoginPage.java:30)
at com.crm.pom.DwsLoginPage.login_button(DwsLoginPage.java:30)
at com.crm.pom.DwsLoginPage.login_button(DwsLoginPage.java:30)
at com.crm.pom.DwsLoginPage.login_button(DwsLoginPage.java:30)
at com.crm.pom.DwsLoginPage.login_button(DwsLoginPage.java:30)
at com.crm.pom.DwsLoginPage.login_button(DwsLoginPage.java:30)
at com.crm.pom.DwsLoginPage.login_button(DwsLoginPage.java:30)
at com.crm.pom.DwsLoginPage.login_button(DwsLoginPage.java:30)
at com.crm.pom.DwsLoginPage.login_button(DwsLoginPage.java:30)
at com.crm.pom.DwsLoginPage.login_button(DwsLoginPage.java:30)
at com.crm.pom.DwsLoginPage.login_button(DwsLoginPage.java:30)
at com.crm.pom.DwsLoginPage.login_button(DwsLoginPage.java:30)
at com.crm.pom.DwsLoginPage.login_button(DwsLoginPage.java:30)
at com.crm.pom.DwsLoginPage.login_button(DwsLoginPage.java:30)
at com.crm.pom.DwsLoginPage.login_button(DwsLoginPage.java:30)
at com.crm.pom.DwsLoginPage.login_button(DwsLoginPage.java:30)
at com.crm.pom.DwsLoginPage.login_button(DwsLoginPage.java:30)
at com.crm.pom.DwsLoginPage.login_button(DwsLoginPage.java:30)
at com.crm.pom.DwsLoginPage.login_button(DwsLoginPage.java:30)
at com.crm.pom.DwsLoginPage.login_button(DwsLoginPage.java:30)
at com.crm.pom.DwsLoginPage.login_button(DwsLoginPage.java:30)
at com.crm.pom.DwsLoginPage.login_button(DwsLoginPage.java:30)
at com.crm.pom.DwsLoginPage.login_button(DwsLoginPage.java:30)
at com.crm.pom.DwsLoginPage.login_button(DwsLoginPage.java:30)
at com.crm.pom.DwsLoginPage.login_button(DwsLoginPage.java:30)
at com.crm.pom.DwsLoginPage.login_button(DwsLoginPage.java:30)
at com.crm.pom.DwsLoginPage.login_button(DwsLoginPage.java:30)
at com.crm.pom.DwsLoginPage.login_button(DwsLoginPage.java:30)
at com.crm.pom.DwsLoginPage.login_button(DwsLoginPage.java:30)
at com.crm.pom.DwsLoginPage.login_button(DwsLoginPage.java:30)
at com.crm.pom.DwsLoginPage.login_button(DwsLoginPage.java:30)
at com.crm.pom.DwsLoginPage.login_button(DwsLoginPage.java:30)
at com.crm.pom.DwsLoginPage.login_button(DwsLoginPage.java:30)
at com.crm.pom.DwsLoginPage.login_button(DwsLoginPage.java:30)
at com.crm.pom.DwsLoginPage.login_button(DwsLoginPage.java:30)
at com.crm.pom.DwsLoginPage.login_button(DwsLoginPage.java:30)
at com.crm.pom.DwsLoginPage.login_button(DwsLoginPage.java:30)
at com.crm.pom.DwsLoginPage.login_button(DwsLoginPage.java:30)
at com.crm.pom.DwsLoginPage.login_button(DwsLoginPage.java:30)
at com.crm.pom.DwsLoginPage.login_button(DwsLoginPage.java:30)
at com.crm.pom.DwsLoginPage.login_button(DwsLoginPage.java:30)
at com.crm.pom.DwsLoginPage.login_button(DwsLoginPage.java:30)
at com.crm.pom.DwsLoginPage.login_button(DwsLoginPage.java:30)
at com.crm.pom.DwsLoginPage.login_button(DwsLoginPage.java:30)
at com.crm.pom.DwsLoginPage.login_button(DwsLoginPage.java:30)
at com.crm.pom.DwsLoginPage.login_button(DwsLoginPage.java:30)
at com.crm.pom.DwsLoginPage.login_button(DwsLoginPage.java:30)
at com.crm.pom.DwsLoginPage.login_button(DwsLoginPage.java:30)
at com.crm.pom.DwsLoginPage.login_button(DwsLoginPage.java:30)
at com.crm.pom.DwsLoginPage.login_button(DwsLoginPage.java:30)
at com.crm.pom.DwsLoginPage.login_button(DwsLoginPage.java:30)
at com.crm.pom.DwsLoginPage.login_button(DwsLoginPage.java:30)
at com.crm.pom.DwsLoginPage.login_button(DwsLoginPage.java:30)
at com.crm.pom.DwsLoginPage.login_button(DwsLoginPage.java:30)
at com.crm.pom.DwsLoginPage.login_button(DwsLoginPage.java:30)
at com.crm.pom.DwsLoginPage.login_button(DwsLoginPage.java:30)
at com.crm.pom.DwsLoginPage.login_button(DwsLoginPage.java:30)
at com.crm.pom.DwsLoginPage.login_button(DwsLoginPage.java:30)
at com.crm.pom.DwsLoginPage.login_button(DwsLoginPage.java:30)
at com.crm.pom.DwsLoginPage.login_button(DwsLoginPage.java:30)
at com.crm.pom.DwsLoginPage.login_button(DwsLoginPage.java:30)
at com.crm.pom.DwsLoginPage.login_button(DwsLoginPage.java:30)
at com.crm.pom.DwsLoginPage.login_button(DwsLoginPage.java:30)
at com.crm.pom.DwsLoginPage.login_button(DwsLoginPage.java:30)
at com.crm.pom.DwsLoginPage.login_button(DwsLoginPage.java:30)
at com.crm.pom.DwsLoginPage.login_button(DwsLoginPage.java:30)
at com.crm.pom.DwsLoginPage.login_button(DwsLoginPage.java:30)
at com.crm.pom.DwsLoginPage.login_button(DwsLoginPage.java:30)
at com.crm.pom.DwsLoginPage.login_button(DwsLoginPage.java:30)
at com.crm.pom.DwsLoginPage.login_button(DwsLoginPage.java:30)
at com.crm.pom.DwsLoginPage.login_button(DwsLoginPage.java:30)
at com.crm.pom.DwsLoginPage.login_button(DwsLoginPage.java:30)
at com.crm.pom.DwsLoginPage.login_button(DwsLoginPage.java:30)
at com.crm.pom.DwsLoginPage.login_button(DwsLoginPage.java:30)
at com.crm.pom.DwsLoginPage.login_button(DwsLoginPage.java:30)
at com.crm.pom.DwsLoginPage.login_button(DwsLoginPage.java:30)
at com.crm.pom.DwsLoginPage.login_button(DwsLoginPage.java:30)
at com.crm.pom.DwsLoginPage.login_button(DwsLoginPage.java:30)
at com.crm.pom.DwsLoginPage.login_button(DwsLoginPage.java:30)
at com.crm.pom.DwsLoginPage.login_button(DwsLoginPage.java:30)
at com.crm.pom.DwsLoginPage.login_button(DwsLoginPage.java:30)
at com.crm.pom.DwsLoginPage.login_button(DwsLoginPage.java:30)
at com.crm.pom.DwsLoginPage.login_button(DwsLoginPage.java:30)
at com.crm.pom.DwsLoginPage.login_button(DwsLoginPage.java:30)
at com.crm.pom.DwsLoginPage.login_button(DwsLoginPage.java:30)
at com.crm.pom.DwsLoginPage.login_button(DwsLoginPage.java:30)
at com.crm.pom.DwsLoginPage.login_button(DwsLoginPage.java:30)
at com.crm.pom.DwsLoginPage.login_button(DwsLoginPage.java:30)
at com.crm.pom.DwsLoginPage.login_button(DwsLoginPage.java:30)
at com.crm.pom.DwsLoginPage.login_button(DwsLoginPage.java:30)
at com.crm.pom.DwsLoginPage.login_button(DwsLoginPage.java:30)
at com.crm.pom.DwsLoginPage.login_button(DwsLoginPage.java:30)
at com.crm.pom.DwsLoginPage.login_button(DwsLoginPage.java:30)
at com.crm.pom.DwsLoginPage.login_button(DwsLoginPage.java:30)
at com.crm.pom.DwsLoginPage.login_button(DwsLoginPage.java:30)
at com.crm.pom.DwsLoginPage.login_button(DwsLoginPage.java:30)
at com.crm.pom.DwsLoginPage.login_button(DwsLoginPage.java:30)
at com.crm.pom.DwsLoginPage.login_button(DwsLoginPage.java:30)
at com.crm.pom.DwsLoginPage.login_button(DwsLoginPage.java:30)
at com.crm.pom.DwsLoginPage.login_button(DwsLoginPage.java:30)
at com.crm.pom.DwsLoginPage.login_button(DwsLoginPage.java:30)
at com.crm.pom.DwsLoginPage.login_button(DwsLoginPage.java:30)
at com.crm.pom.DwsLoginPage.login_button(DwsLoginPage.java:30)
at com.crm.pom.DwsLoginPage.login_button(DwsLoginPage.java:30)
at com.crm.pom.DwsLoginPage.login_button(DwsLoginPage.java:30)
at com.crm.pom.DwsLoginPage.login_button(DwsLoginPage.java:30)
at com.crm.pom.DwsLoginPage.login_button(DwsLoginPage.java:30)
at com.crm.pom.DwsLoginPage.login_button(DwsLoginPage.java:30)
at com.crm.pom.DwsLoginPage.login_button(DwsLoginPage.java:30)
at com.crm.pom.DwsLoginPage.login_button(DwsLoginPage.java:30)
at com.crm.pom.DwsLoginPage.login_button(DwsLoginPage.java:30)
at com.crm.pom.DwsLoginPage.login_button(DwsLoginPage.java:30)
at com.crm.pom.DwsLoginPage.login_button(DwsLoginPage.java:30)
at com.crm.pom.DwsLoginPage.login_button(DwsLoginPage.java:30)
at com.crm.pom.DwsLoginPage.login_button(DwsLoginPage.java:30)
at com.crm.pom.DwsLoginPage.login_button(DwsLoginPage.java:30)
at com.crm.pom.DwsLoginPage.login_button(DwsLoginPage.java:30)
at com.crm.pom.DwsLoginPage.login_button(DwsLoginPage.java:30)
at com.crm.pom.DwsLoginPage.login_button(DwsLoginPage.java:30)
]]>
            </full-stacktrace>
          </exception> <!-- java.lang.StackOverflowError -->
          <reporter-output>
          </reporter-output>
        </test-method> <!-- dwsLoginCorrect -->
        <test-method is-config="true" signature="afterMethod()[pri:0, instance:com.crm.listernersCode.ExtentReportWithScreenShot@35dab4eb]" started-at="2024-05-31T10:47:36 IST" name="afterMethod" finished-at="2024-05-31T10:47:36 IST" duration-ms="0" status="PASS">
          <reporter-output>
          </reporter-output>
        </test-method> <!-- afterMethod -->
        <test-method is-config="true" signature="beforeMethod()[pri:0, instance:com.crm.listernersCode.ExtentReportWithScreenShot@35dab4eb]" started-at="2024-05-31T10:47:36 IST" name="beforeMethod" finished-at="2024-05-31T10:47:36 IST" duration-ms="0" status="PASS">
          <reporter-output>
          </reporter-output>
        </test-method> <!-- beforeMethod -->
        <test-method is-config="true" signature="afterMethod()[pri:0, instance:com.crm.listernersCode.ExtentReportWithScreenShot@35dab4eb]" started-at="2024-05-31T10:47:40 IST" name="afterMethod" finished-at="2024-05-31T10:47:40 IST" duration-ms="1" status="PASS">
          <reporter-output>
          </reporter-output>
        </test-method> <!-- afterMethod -->
        <test-method signature="redBus()[pri:0, instance:com.crm.listernersCode.ExtentReportWithScreenShot@35dab4eb]" started-at="2024-05-31T10:47:40 IST" name="redBus" finished-at="2024-05-31T10:47:40 IST" depends-on-methods="com.crm.listernersCode.ExtentReportWithScreenShot.dwsLoginWrong" duration-ms="0" status="SKIP">
          <exception class="java.lang.Throwable">
            <message>
              <![CDATA[Method com.crm.listernersCode.ExtentReportWithScreenShot.redBus() on instance com.crm.listernersCode.ExtentReportWithScreenShot@35dab4eb depends on not successfully finished methods 
[com.crm.listernersCode.ExtentReportWithScreenShot.dwsLoginWrong() on instance com.crm.listernersCode.ExtentReportWithScreenShot@35dab4eb]]]>
            </message>
            <full-stacktrace>
              <![CDATA[java.lang.Throwable: Method com.crm.listernersCode.ExtentReportWithScreenShot.redBus() on instance com.crm.listernersCode.ExtentReportWithScreenShot@35dab4eb depends on not successfully finished methods 
[com.crm.listernersCode.ExtentReportWithScreenShot.dwsLoginWrong() on instance com.crm.listernersCode.ExtentReportWithScreenShot@35dab4eb]
at org.testng.internal.invokers.TestInvoker.invokeTestMethods(TestInvoker.java:159)
at org.testng.internal.invokers.TestMethodWorker.invokeTestMethods(TestMethodWorker.java:154)
at org.testng.internal.invokers.TestMethodWorker.run(TestMethodWorker.java:134)
at java.base/java.util.ArrayList.forEach(ArrayList.java:1511)
at org.testng.TestRunner.privateRun(TestRunner.java:739)
at org.testng.TestRunner.run(TestRunner.java:614)
at org.testng.SuiteRunner.runTest(SuiteRunner.java:421)
at org.testng.SuiteRunner.runSequentially(SuiteRunner.java:413)
at org.testng.SuiteRunner.privateRun(SuiteRunner.java:373)
at org.testng.SuiteRunner.run(SuiteRunner.java:312)
at org.testng.SuiteRunnerWorker.runSuite(SuiteRunnerWorker.java:52)
at org.testng.SuiteRunnerWorker.run(SuiteRunnerWorker.java:95)
at org.testng.TestNG.runSuitesSequentially(TestNG.java:1274)
at org.testng.TestNG.runSuitesLocally(TestNG.java:1208)
at org.testng.TestNG.runSuites(TestNG.java:1112)
at org.testng.TestNG.run(TestNG.java:1079)
at org.testng.remote.AbstractRemoteTestNG.run(AbstractRemoteTestNG.java:115)
at org.testng.remote.RemoteTestNG.initAndRun(RemoteTestNG.java:293)
at org.testng.remote.RemoteTestNG.main(RemoteTestNG.java:91)
]]>
            </full-stacktrace>
          </exception> <!-- java.lang.Throwable -->
          <reporter-output>
          </reporter-output>
        </test-method> <!-- redBus -->
        <test-method is-config="true" signature="afterClass()[pri:0, instance:com.crm.listernersCode.ExtentReportWithScreenShot@35dab4eb]" started-at="2024-05-31T10:47:40 IST" name="afterClass" finished-at="2024-05-31T10:47:41 IST" duration-ms="1102" status="PASS">
          <reporter-output>
          </reporter-output>
        </test-method> <!-- afterClass -->
      </class> <!-- com.crm.listernersCode.ExtentReportWithScreenShot -->
    </test> <!-- Default test -->
  </suite> <!-- Default suite -->
</testng-results>
