<?xml version="1.0" encoding="UTF-8"?>
<!-- Generated by org.testng.reporters.JUnitReportReporter -->
<testsuite hostname="YASH" failures="0" tests="3" name="com.crm.listernersCode.ExtentReportWithScreenShot" time="11.841" errors="2" timestamp="2024-05-31T10:47:42 IST" skipped="1">
  <testcase classname="com.crm.listernersCode.ExtentReportWithScreenShot" name="dwsLoginCorrect" time="3.779">
    <error type="java.lang.StackOverflowError">
      <![CDATA[java.lang.StackOverflowError
at com.crm.pom.DwsLoginPage.login_button(DwsLoginPage.java:30)
at com.crm.pom.DwsLoginPage.login_button(DwsLoginPage.java:30)
at com.crm.pom.DwsLoginPage.login_button(DwsLoginPage.java:30)
at com.crm.pom.DwsLoginPage.login_button(DwsLoginPage.java:30)
at com.crm.pom.DwsLoginPage.login_button(DwsLoginPage.java:30)
at com.crm.pom.DwsLoginPage.login_button(DwsLoginPage.java:30)
at com.crm.pom.DwsLoginPage.login_button(DwsLoginPage.java:30)
at com.crm.pom.DwsLoginPage.login_button(DwsLoginPage.java:30)
at com.crm.pom.DwsLoginPage.login_button(DwsLoginPage.java:30)
at com.crm.pom.DwsLoginPage.login_button(DwsLoginPage.java:30)
at com.crm.pom.DwsLoginPage.login_button(DwsLoginPage.java:30)
at com.crm.pom.DwsLoginPage.login_button(DwsLoginPage.java:30)
at com.crm.pom.DwsLoginPage.login_button(DwsLoginPage.java:30)
at com.crm.pom.DwsLoginPage.login_button(DwsLoginPage.java:30)
at com.crm.pom.DwsLoginPage.login_button(DwsLoginPage.java:30)
at com.crm.pom.DwsLoginPage.login_button(DwsLoginPage.java:30)
at com.crm.pom.DwsLoginPage.login_button(DwsLoginPage.java:30)
at com.crm.pom.DwsLoginPage.login_button(DwsLoginPage.java:30)
at com.crm.pom.DwsLoginPage.login_button(DwsLoginPage.java:30)
at com.crm.pom.DwsLoginPage.login_button(DwsLoginPage.java:30)
at com.crm.pom.DwsLoginPage.login_button(DwsLoginPage.java:30)
at com.crm.pom.DwsLoginPage.login_button(DwsLoginPage.java:30)
at com.crm.pom.DwsLoginPage.login_button(DwsLoginPage.java:30)
at com.crm.pom.DwsLoginPage.login_button(DwsLoginPage.java:30)
at com.crm.pom.DwsLoginPage.login_button(DwsLoginPage.java:30)
at com.crm.pom.DwsLoginPage.login_button(DwsLoginPage.java:30)
at com.crm.pom.DwsLoginPage.login_button(DwsLoginPage.java:30)
at com.crm.pom.DwsLoginPage.login_button(DwsLoginPage.java:30)
at com.crm.pom.DwsLoginPage.login_button(DwsLoginPage.java:30)
at com.crm.pom.DwsLoginPage.login_button(DwsLoginPage.java:30)
at com.crm.pom.DwsLoginPage.login_button(DwsLoginPage.java:30)
at com.crm.pom.DwsLoginPage.login_button(DwsLoginPage.java:30)
at com.crm.pom.DwsLoginPage.login_button(DwsLoginPage.java:30)
at com.crm.pom.DwsLoginPage.login_button(DwsLoginPage.java:30)
at com.crm.pom.DwsLoginPage.login_button(DwsLoginPage.java:30)
at com.crm.pom.DwsLoginPage.login_button(DwsLoginPage.java:30)
at com.crm.pom.DwsLoginPage.login_button(DwsLoginPage.java:30)
at com.crm.pom.DwsLoginPage.login_button(DwsLoginPage.java:30)
at com.crm.pom.DwsLoginPage.login_button(DwsLoginPage.java:30)
at com.crm.pom.DwsLoginPage.login_button(DwsLoginPage.java:30)
at com.crm.pom.DwsLoginPage.login_button(DwsLoginPage.java:30)
at com.crm.pom.DwsLoginPage.login_button(DwsLoginPage.java:30)
at com.crm.pom.DwsLoginPage.login_button(DwsLoginPage.java:30)
at com.crm.pom.DwsLoginPage.login_button(DwsLoginPage.java:30)
at com.crm.pom.DwsLoginPage.login_button(DwsLoginPage.java:30)
at com.crm.pom.DwsLoginPage.login_button(DwsLoginPage.java:30)
at com.crm.pom.DwsLoginPage.login_button(DwsLoginPage.java:30)
at com.crm.pom.DwsLoginPage.login_button(DwsLoginPage.java:30)
at com.crm.pom.DwsLoginPage.login_button(DwsLoginPage.java:30)
at com.crm.pom.DwsLoginPage.login_button(DwsLoginPage.java:30)
at com.crm.pom.DwsLoginPage.login_button(DwsLoginPage.java:30)
at com.crm.pom.DwsLoginPage.login_button(DwsLoginPage.java:30)
at com.crm.pom.DwsLoginPage.login_button(DwsLoginPage.java:30)
at com.crm.pom.DwsLoginPage.login_button(DwsLoginPage.java:30)
at com.crm.pom.DwsLoginPage.login_button(DwsLoginPage.java:30)
at com.crm.pom.DwsLoginPage.login_button(DwsLoginPage.java:30)
at com.crm.pom.DwsLoginPage.login_button(DwsLoginPage.java:30)
at com.crm.pom.DwsLoginPage.login_button(DwsLoginPage.java:30)
at com.crm.pom.DwsLoginPage.login_button(DwsLoginPage.java:30)
at com.crm.pom.DwsLoginPage.login_button(DwsLoginPage.java:30)
at com.crm.pom.DwsLoginPage.login_button(DwsLoginPage.java:30)
at com.crm.pom.DwsLoginPage.login_button(DwsLoginPage.java:30)
at com.crm.pom.DwsLoginPage.login_button(DwsLoginPage.java:30)
at com.crm.pom.DwsLoginPage.login_button(DwsLoginPage.java:30)
at com.crm.pom.DwsLoginPage.login_button(DwsLoginPage.java:30)
at com.crm.pom.DwsLoginPage.login_button(DwsLoginPage.java:30)
at com.crm.pom.DwsLoginPage.login_button(DwsLoginPage.java:30)
at com.crm.pom.DwsLoginPage.login_button(DwsLoginPage.java:30)
at com.crm.pom.DwsLoginPage.login_button(DwsLoginPage.java:30)
at com.crm.pom.DwsLoginPage.login_button(DwsLoginPage.java:30)
at com.crm.pom.DwsLoginPage.login_button(DwsLoginPage.java:30)
at com.crm.pom.DwsLoginPage.login_button(DwsLoginPage.java:30)
at com.crm.pom.DwsLoginPage.login_button(DwsLoginPage.java:30)
at com.crm.pom.DwsLoginPage.login_button(DwsLoginPage.java:30)
at com.crm.pom.DwsLoginPage.login_button(DwsLoginPage.java:30)
at com.crm.pom.DwsLoginPage.login_button(DwsLoginPage.java:30)
at com.crm.pom.DwsLoginPage.login_button(DwsLoginPage.java:30)
at com.crm.pom.DwsLoginPage.login_button(DwsLoginPage.java:30)
at com.crm.pom.DwsLoginPage.login_button(DwsLoginPage.java:30)
at com.crm.pom.DwsLoginPage.login_button(DwsLoginPage.java:30)
at com.crm.pom.DwsLoginPage.login_button(DwsLoginPage.java:30)
at com.crm.pom.DwsLoginPage.login_button(DwsLoginPage.java:30)
at com.crm.pom.DwsLoginPage.login_button(DwsLoginPage.java:30)
at com.crm.pom.DwsLoginPage.login_button(DwsLoginPage.java:30)
at com.crm.pom.DwsLoginPage.login_button(DwsLoginPage.java:30)
at com.crm.pom.DwsLoginPage.login_button(DwsLoginPage.java:30)
at com.crm.pom.DwsLoginPage.login_button(DwsLoginPage.java:30)
at com.crm.pom.DwsLoginPage.login_button(DwsLoginPage.java:30)
at com.crm.pom.DwsLoginPage.login_button(DwsLoginPage.java:30)
at com.crm.pom.DwsLoginPage.login_button(DwsLoginPage.java:30)
at com.crm.pom.DwsLoginPage.login_button(DwsLoginPage.java:30)
at com.crm.pom.DwsLoginPage.login_button(DwsLoginPage.java:30)
at com.crm.pom.DwsLoginPage.login_button(DwsLoginPage.java:30)
at com.crm.pom.DwsLoginPage.login_button(DwsLoginPage.java:30)
at com.crm.pom.DwsLoginPage.login_button(DwsLoginPage.java:30)
at com.crm.pom.DwsLoginPage.login_button(DwsLoginPage.java:30)
at com.crm.pom.DwsLoginPage.login_button(DwsLoginPage.java:30)
at com.crm.pom.DwsLoginPage.login_button(DwsLoginPage.java:30)
at com.crm.pom.DwsLoginPage.login_button(DwsLoginPage.java:30)
at com.crm.pom.DwsLoginPage.login_button(DwsLoginPage.java:30)
at com.crm.pom.DwsLoginPage.login_button(DwsLoginPage.java:30)
at com.crm.pom.DwsLoginPage.login_button(DwsLoginPage.java:30)
at com.crm.pom.DwsLoginPage.login_button(DwsLoginPage.java:30)
at com.crm.pom.DwsLoginPage.login_button(DwsLoginPage.java:30)
at com.crm.pom.DwsLoginPage.login_button(DwsLoginPage.java:30)
at com.crm.pom.DwsLoginPage.login_button(DwsLoginPage.java:30)
at com.crm.pom.DwsLoginPage.login_button(DwsLoginPage.java:30)
at com.crm.pom.DwsLoginPage.login_button(DwsLoginPage.java:30)
at com.crm.pom.DwsLoginPage.login_button(DwsLoginPage.java:30)
at com.crm.pom.DwsLoginPage.login_button(DwsLoginPage.java:30)
at com.crm.pom.DwsLoginPage.login_button(DwsLoginPage.java:30)
at com.crm.pom.DwsLoginPage.login_button(DwsLoginPage.java:30)
at com.crm.pom.DwsLoginPage.login_button(DwsLoginPage.java:30)
at com.crm.pom.DwsLoginPage.login_button(DwsLoginPage.java:30)
at com.crm.pom.DwsLoginPage.login_button(DwsLoginPage.java:30)
at com.crm.pom.DwsLoginPage.login_button(DwsLoginPage.java:30)
at com.crm.pom.DwsLoginPage.login_button(DwsLoginPage.java:30)
at com.crm.pom.DwsLoginPage.login_button(DwsLoginPage.java:30)
at com.crm.pom.DwsLoginPage.login_button(DwsLoginPage.java:30)
at com.crm.pom.DwsLoginPage.login_button(DwsLoginPage.java:30)
at com.crm.pom.DwsLoginPage.login_button(DwsLoginPage.java:30)
at com.crm.pom.DwsLoginPage.login_button(DwsLoginPage.java:30)
at com.crm.pom.DwsLoginPage.login_button(DwsLoginPage.java:30)
at com.crm.pom.DwsLoginPage.login_button(DwsLoginPage.java:30)
at com.crm.pom.DwsLoginPage.login_button(DwsLoginPage.java:30)
at com.crm.pom.DwsLoginPage.login_button(DwsLoginPage.java:30)
at com.crm.pom.DwsLoginPage.login_button(DwsLoginPage.java:30)
at com.crm.pom.DwsLoginPage.login_button(DwsLoginPage.java:30)
at com.crm.pom.DwsLoginPage.login_button(DwsLoginPage.java:30)
at com.crm.pom.DwsLoginPage.login_button(DwsLoginPage.java:30)
at com.crm.pom.DwsLoginPage.login_button(DwsLoginPage.java:30)
at com.crm.pom.DwsLoginPage.login_button(DwsLoginPage.java:30)
at com.crm.pom.DwsLoginPage.login_button(DwsLoginPage.java:30)
at com.crm.pom.DwsLoginPage.login_button(DwsLoginPage.java:30)
at com.crm.pom.DwsLoginPage.login_button(DwsLoginPage.java:30)
at com.crm.pom.DwsLoginPage.login_button(DwsLoginPage.java:30)
at com.crm.pom.DwsLoginPage.login_button(DwsLoginPage.java:30)
at com.crm.pom.DwsLoginPage.login_button(DwsLoginPage.java:30)
at com.crm.pom.DwsLoginPage.login_button(DwsLoginPage.java:30)
at com.crm.pom.DwsLoginPage.login_button(DwsLoginPage.java:30)
at com.crm.pom.DwsLoginPage.login_button(DwsLoginPage.java:30)
at com.crm.pom.DwsLoginPage.login_button(DwsLoginPage.java:30)
at com.crm.pom.DwsLoginPage.login_button(DwsLoginPage.java:30)
at com.crm.pom.DwsLoginPage.login_button(DwsLoginPage.java:30)
at com.crm.pom.DwsLoginPage.login_button(DwsLoginPage.java:30)
at com.crm.pom.DwsLoginPage.login_button(DwsLoginPage.java:30)
at com.crm.pom.DwsLoginPage.login_button(DwsLoginPage.java:30)
at com.crm.pom.DwsLoginPage.login_button(DwsLoginPage.java:30)
at com.crm.pom.DwsLoginPage.login_button(DwsLoginPage.java:30)
at com.crm.pom.DwsLoginPage.login_button(DwsLoginPage.java:30)
at com.crm.pom.DwsLoginPage.login_button(DwsLoginPage.java:30)
at com.crm.pom.DwsLoginPage.login_button(DwsLoginPage.java:30)
at com.crm.pom.DwsLoginPage.login_button(DwsLoginPage.java:30)
at com.crm.pom.DwsLoginPage.login_button(DwsLoginPage.java:30)
at com.crm.pom.DwsLoginPage.login_button(DwsLoginPage.java:30)
at com.crm.pom.DwsLoginPage.login_button(DwsLoginPage.java:30)
at com.crm.pom.DwsLoginPage.login_button(DwsLoginPage.java:30)
at com.crm.pom.DwsLoginPage.login_button(DwsLoginPage.java:30)
at com.crm.pom.DwsLoginPage.login_button(DwsLoginPage.java:30)
at com.crm.pom.DwsLoginPage.login_button(DwsLoginPage.java:30)
at com.crm.pom.DwsLoginPage.login_button(DwsLoginPage.java:30)
at com.crm.pom.DwsLoginPage.login_button(DwsLoginPage.java:30)
at com.crm.pom.DwsLoginPage.login_button(DwsLoginPage.java:30)
at com.crm.pom.DwsLoginPage.login_button(DwsLoginPage.java:30)
at com.crm.pom.DwsLoginPage.login_button(DwsLoginPage.java:30)
at com.crm.pom.DwsLoginPage.login_button(DwsLoginPage.java:30)
at com.crm.pom.DwsLoginPage.login_button(DwsLoginPage.java:30)
at com.crm.pom.DwsLoginPage.login_button(DwsLoginPage.java:30)
at com.crm.pom.DwsLoginPage.login_button(DwsLoginPage.java:30)
at com.crm.pom.DwsLoginPage.login_button(DwsLoginPage.java:30)
at com.crm.pom.DwsLoginPage.login_button(DwsLoginPage.java:30)
at com.crm.pom.DwsLoginPage.login_button(DwsLoginPage.java:30)
at com.crm.pom.DwsLoginPage.login_button(DwsLoginPage.java:30)
at com.crm.pom.DwsLoginPage.login_button(DwsLoginPage.java:30)
at com.crm.pom.DwsLoginPage.login_button(DwsLoginPage.java:30)
at com.crm.pom.DwsLoginPage.login_button(DwsLoginPage.java:30)
at com.crm.pom.DwsLoginPage.login_button(DwsLoginPage.java:30)
at com.crm.pom.DwsLoginPage.login_button(DwsLoginPage.java:30)
at com.crm.pom.DwsLoginPage.login_button(DwsLoginPage.java:30)
at com.crm.pom.DwsLoginPage.login_button(DwsLoginPage.java:30)
at com.crm.pom.DwsLoginPage.login_button(DwsLoginPage.java:30)
at com.crm.pom.DwsLoginPage.login_button(DwsLoginPage.java:30)
at com.crm.pom.DwsLoginPage.login_button(DwsLoginPage.java:30)
at com.crm.pom.DwsLoginPage.login_button(DwsLoginPage.java:30)
at com.crm.pom.DwsLoginPage.login_button(DwsLoginPage.java:30)
at com.crm.pom.DwsLoginPage.login_button(DwsLoginPage.java:30)
at com.crm.pom.DwsLoginPage.login_button(DwsLoginPage.java:30)
at com.crm.pom.DwsLoginPage.login_button(DwsLoginPage.java:30)
at com.crm.pom.DwsLoginPage.login_button(DwsLoginPage.java:30)
at com.crm.pom.DwsLoginPage.login_button(DwsLoginPage.java:30)
at com.crm.pom.DwsLoginPage.login_button(DwsLoginPage.java:30)
at com.crm.pom.DwsLoginPage.login_button(DwsLoginPage.java:30)
at com.crm.pom.DwsLoginPage.login_button(DwsLoginPage.java:30)
at com.crm.pom.DwsLoginPage.login_button(DwsLoginPage.java:30)
at com.crm.pom.DwsLoginPage.login_button(DwsLoginPage.java:30)
at com.crm.pom.DwsLoginPage.login_button(DwsLoginPage.java:30)
at com.crm.pom.DwsLoginPage.login_button(DwsLoginPage.java:30)
at com.crm.pom.DwsLoginPage.login_button(DwsLoginPage.java:30)
at com.crm.pom.DwsLoginPage.login_button(DwsLoginPage.java:30)
at com.crm.pom.DwsLoginPage.login_button(DwsLoginPage.java:30)
at com.crm.pom.DwsLoginPage.login_button(DwsLoginPage.java:30)
at com.crm.pom.DwsLoginPage.login_button(DwsLoginPage.java:30)
at com.crm.pom.DwsLoginPage.login_button(DwsLoginPage.java:30)
at com.crm.pom.DwsLoginPage.login_button(DwsLoginPage.java:30)
at com.crm.pom.DwsLoginPage.login_button(DwsLoginPage.java:30)
at com.crm.pom.DwsLoginPage.login_button(DwsLoginPage.java:30)
at com.crm.pom.DwsLoginPage.login_button(DwsLoginPage.java:30)
at com.crm.pom.DwsLoginPage.login_button(DwsLoginPage.java:30)
at com.crm.pom.DwsLoginPage.login_button(DwsLoginPage.java:30)
at com.crm.pom.DwsLoginPage.login_button(DwsLoginPage.java:30)
at com.crm.pom.DwsLoginPage.login_button(DwsLoginPage.java:30)
at com.crm.pom.DwsLoginPage.login_button(DwsLoginPage.java:30)
at com.crm.pom.DwsLoginPage.login_button(DwsLoginPage.java:30)
at com.crm.pom.DwsLoginPage.login_button(DwsLoginPage.java:30)
at com.crm.pom.DwsLoginPage.login_button(DwsLoginPage.java:30)
at com.crm.pom.DwsLoginPage.login_button(DwsLoginPage.java:30)
at com.crm.pom.DwsLoginPage.login_button(DwsLoginPage.java:30)
at com.crm.pom.DwsLoginPage.login_button(DwsLoginPage.java:30)
at com.crm.pom.DwsLoginPage.login_button(DwsLoginPage.java:30)
at com.crm.pom.DwsLoginPage.login_button(DwsLoginPage.java:30)
at com.crm.pom.DwsLoginPage.login_button(DwsLoginPage.java:30)
at com.crm.pom.DwsLoginPage.login_button(DwsLoginPage.java:30)
at com.crm.pom.DwsLoginPage.login_button(DwsLoginPage.java:30)
at com.crm.pom.DwsLoginPage.login_button(DwsLoginPage.java:30)
at com.crm.pom.DwsLoginPage.login_button(DwsLoginPage.java:30)
at com.crm.pom.DwsLoginPage.login_button(DwsLoginPage.java:30)
at com.crm.pom.DwsLoginPage.login_button(DwsLoginPage.java:30)
at com.crm.pom.DwsLoginPage.login_button(DwsLoginPage.java:30)
at com.crm.pom.DwsLoginPage.login_button(DwsLoginPage.java:30)
at com.crm.pom.DwsLoginPage.login_button(DwsLoginPage.java:30)
at com.crm.pom.DwsLoginPage.login_button(DwsLoginPage.java:30)
at com.crm.pom.DwsLoginPage.login_button(DwsLoginPage.java:30)
at com.crm.pom.DwsLoginPage.login_button(DwsLoginPage.java:30)
at com.crm.pom.DwsLoginPage.login_button(DwsLoginPage.java:30)
at com.crm.pom.DwsLoginPage.login_button(DwsLoginPage.java:30)
at com.crm.pom.DwsLoginPage.login_button(DwsLoginPage.java:30)
at com.crm.pom.DwsLoginPage.login_button(DwsLoginPage.java:30)
at com.crm.pom.DwsLoginPage.login_button(DwsLoginPage.java:30)
at com.crm.pom.DwsLoginPage.login_button(DwsLoginPage.java:30)
at com.crm.pom.DwsLoginPage.login_button(DwsLoginPage.java:30)
at com.crm.pom.DwsLoginPage.login_button(DwsLoginPage.java:30)
at com.crm.pom.DwsLoginPage.login_button(DwsLoginPage.java:30)
at com.crm.pom.DwsLoginPage.login_button(DwsLoginPage.java:30)
at com.crm.pom.DwsLoginPage.login_button(DwsLoginPage.java:30)
at com.crm.pom.DwsLoginPage.login_button(DwsLoginPage.java:30)
at com.crm.pom.DwsLoginPage.login_button(DwsLoginPage.java:30)
at com.crm.pom.DwsLoginPage.login_button(DwsLoginPage.java:30)
at com.crm.pom.DwsLoginPage.login_button(DwsLoginPage.java:30)
at com.crm.pom.DwsLoginPage.login_button(DwsLoginPage.java:30)
at com.crm.pom.DwsLoginPage.login_button(DwsLoginPage.java:30)
at com.crm.pom.DwsLoginPage.login_button(DwsLoginPage.java:30)
at com.crm.pom.DwsLoginPage.login_button(DwsLoginPage.java:30)
at com.crm.pom.DwsLoginPage.login_button(DwsLoginPage.java:30)
at com.crm.pom.DwsLoginPage.login_button(DwsLoginPage.java:30)
at com.crm.pom.DwsLoginPage.login_button(DwsLoginPage.java:30)
at com.crm.pom.DwsLoginPage.login_button(DwsLoginPage.java:30)
at com.crm.pom.DwsLoginPage.login_button(DwsLoginPage.java:30)
at com.crm.pom.DwsLoginPage.login_button(DwsLoginPage.java:30)
at com.crm.pom.DwsLoginPage.login_button(DwsLoginPage.java:30)
at com.crm.pom.DwsLoginPage.login_button(DwsLoginPage.java:30)
at com.crm.pom.DwsLoginPage.login_button(DwsLoginPage.java:30)
at com.crm.pom.DwsLoginPage.login_button(DwsLoginPage.java:30)
at com.crm.pom.DwsLoginPage.login_button(DwsLoginPage.java:30)
at com.crm.pom.DwsLoginPage.login_button(DwsLoginPage.java:30)
at com.crm.pom.DwsLoginPage.login_button(DwsLoginPage.java:30)
at com.crm.pom.DwsLoginPage.login_button(DwsLoginPage.java:30)
at com.crm.pom.DwsLoginPage.login_button(DwsLoginPage.java:30)
at com.crm.pom.DwsLoginPage.login_button(DwsLoginPage.java:30)
at com.crm.pom.DwsLoginPage.login_button(DwsLoginPage.java:30)
at com.crm.pom.DwsLoginPage.login_button(DwsLoginPage.java:30)
at com.crm.pom.DwsLoginPage.login_button(DwsLoginPage.java:30)
at com.crm.pom.DwsLoginPage.login_button(DwsLoginPage.java:30)
at com.crm.pom.DwsLoginPage.login_button(DwsLoginPage.java:30)
at com.crm.pom.DwsLoginPage.login_button(DwsLoginPage.java:30)
at com.crm.pom.DwsLoginPage.login_button(DwsLoginPage.java:30)
at com.crm.pom.DwsLoginPage.login_button(DwsLoginPage.java:30)
at com.crm.pom.DwsLoginPage.login_button(DwsLoginPage.java:30)
at com.crm.pom.DwsLoginPage.login_button(DwsLoginPage.java:30)
at com.crm.pom.DwsLoginPage.login_button(DwsLoginPage.java:30)
at com.crm.pom.DwsLoginPage.login_button(DwsLoginPage.java:30)
at com.crm.pom.DwsLoginPage.login_button(DwsLoginPage.java:30)
at com.crm.pom.DwsLoginPage.login_button(DwsLoginPage.java:30)
at com.crm.pom.DwsLoginPage.login_button(DwsLoginPage.java:30)
at com.crm.pom.DwsLoginPage.login_button(DwsLoginPage.java:30)
at com.crm.pom.DwsLoginPage.login_button(DwsLoginPage.java:30)
at com.crm.pom.DwsLoginPage.login_button(DwsLoginPage.java:30)
at com.crm.pom.DwsLoginPage.login_button(DwsLoginPage.java:30)
at com.crm.pom.DwsLoginPage.login_button(DwsLoginPage.java:30)
at com.crm.pom.DwsLoginPage.login_button(DwsLoginPage.java:30)
at com.crm.pom.DwsLoginPage.login_button(DwsLoginPage.java:30)
at com.crm.pom.DwsLoginPage.login_button(DwsLoginPage.java:30)
at com.crm.pom.DwsLoginPage.login_button(DwsLoginPage.java:30)
at com.crm.pom.DwsLoginPage.login_button(DwsLoginPage.java:30)
at com.crm.pom.DwsLoginPage.login_button(DwsLoginPage.java:30)
at com.crm.pom.DwsLoginPage.login_button(DwsLoginPage.java:30)
at com.crm.pom.DwsLoginPage.login_button(DwsLoginPage.java:30)
at com.crm.pom.DwsLoginPage.login_button(DwsLoginPage.java:30)
at com.crm.pom.DwsLoginPage.login_button(DwsLoginPage.java:30)
at com.crm.pom.DwsLoginPage.login_button(DwsLoginPage.java:30)
at com.crm.pom.DwsLoginPage.login_button(DwsLoginPage.java:30)
at com.crm.pom.DwsLoginPage.login_button(DwsLoginPage.java:30)
at com.crm.pom.DwsLoginPage.login_button(DwsLoginPage.java:30)
at com.crm.pom.DwsLoginPage.login_button(DwsLoginPage.java:30)
at com.crm.pom.DwsLoginPage.login_button(DwsLoginPage.java:30)
at com.crm.pom.DwsLoginPage.login_button(DwsLoginPage.java:30)
at com.crm.pom.DwsLoginPage.login_button(DwsLoginPage.java:30)
at com.crm.pom.DwsLoginPage.login_button(DwsLoginPage.java:30)
at com.crm.pom.DwsLoginPage.login_button(DwsLoginPage.java:30)
at com.crm.pom.DwsLoginPage.login_button(DwsLoginPage.java:30)
at com.crm.pom.DwsLoginPage.login_button(DwsLoginPage.java:30)
at com.crm.pom.DwsLoginPage.login_button(DwsLoginPage.java:30)
at com.crm.pom.DwsLoginPage.login_button(DwsLoginPage.java:30)
at com.crm.pom.DwsLoginPage.login_button(DwsLoginPage.java:30)
at com.crm.pom.DwsLoginPage.login_button(DwsLoginPage.java:30)
at com.crm.pom.DwsLoginPage.login_button(DwsLoginPage.java:30)
at com.crm.pom.DwsLoginPage.login_button(DwsLoginPage.java:30)
at com.crm.pom.DwsLoginPage.login_button(DwsLoginPage.java:30)
at com.crm.pom.DwsLoginPage.login_button(DwsLoginPage.java:30)
at com.crm.pom.DwsLoginPage.login_button(DwsLoginPage.java:30)
at com.crm.pom.DwsLoginPage.login_button(DwsLoginPage.java:30)
at com.crm.pom.DwsLoginPage.login_button(DwsLoginPage.java:30)
at com.crm.pom.DwsLoginPage.login_button(DwsLoginPage.java:30)
at com.crm.pom.DwsLoginPage.login_button(DwsLoginPage.java:30)
at com.crm.pom.DwsLoginPage.login_button(DwsLoginPage.java:30)
at com.crm.pom.DwsLoginPage.login_button(DwsLoginPage.java:30)
at com.crm.pom.DwsLoginPage.login_button(DwsLoginPage.java:30)
at com.crm.pom.DwsLoginPage.login_button(DwsLoginPage.java:30)
at com.crm.pom.DwsLoginPage.login_button(DwsLoginPage.java:30)
at com.crm.pom.DwsLoginPage.login_button(DwsLoginPage.java:30)
at com.crm.pom.DwsLoginPage.login_button(DwsLoginPage.java:30)
at com.crm.pom.DwsLoginPage.login_button(DwsLoginPage.java:30)
at com.crm.pom.DwsLoginPage.login_button(DwsLoginPage.java:30)
at com.crm.pom.DwsLoginPage.login_button(DwsLoginPage.java:30)
at com.crm.pom.DwsLoginPage.login_button(DwsLoginPage.java:30)
at com.crm.pom.DwsLoginPage.login_button(DwsLoginPage.java:30)
at com.crm.pom.DwsLoginPage.login_button(DwsLoginPage.java:30)
at com.crm.pom.DwsLoginPage.login_button(DwsLoginPage.java:30)
at com.crm.pom.DwsLoginPage.login_button(DwsLoginPage.java:30)
at com.crm.pom.DwsLoginPage.login_button(DwsLoginPage.java:30)
at com.crm.pom.DwsLoginPage.login_button(DwsLoginPage.java:30)
at com.crm.pom.DwsLoginPage.login_button(DwsLoginPage.java:30)
at com.crm.pom.DwsLoginPage.login_button(DwsLoginPage.java:30)
at com.crm.pom.DwsLoginPage.login_button(DwsLoginPage.java:30)
at com.crm.pom.DwsLoginPage.login_button(DwsLoginPage.java:30)
at com.crm.pom.DwsLoginPage.login_button(DwsLoginPage.java:30)
at com.crm.pom.DwsLoginPage.login_button(DwsLoginPage.java:30)
at com.crm.pom.DwsLoginPage.login_button(DwsLoginPage.java:30)
at com.crm.pom.DwsLoginPage.login_button(DwsLoginPage.java:30)
at com.crm.pom.DwsLoginPage.login_button(DwsLoginPage.java:30)
at com.crm.pom.DwsLoginPage.login_button(DwsLoginPage.java:30)
at com.crm.pom.DwsLoginPage.login_button(DwsLoginPage.java:30)
at com.crm.pom.DwsLoginPage.login_button(DwsLoginPage.java:30)
at com.crm.pom.DwsLoginPage.login_button(DwsLoginPage.java:30)
at com.crm.pom.DwsLoginPage.login_button(DwsLoginPage.java:30)
at com.crm.pom.DwsLoginPage.login_button(DwsLoginPage.java:30)
at com.crm.pom.DwsLoginPage.login_button(DwsLoginPage.java:30)
at com.crm.pom.DwsLoginPage.login_button(DwsLoginPage.java:30)
at com.crm.pom.DwsLoginPage.login_button(DwsLoginPage.java:30)
at com.crm.pom.DwsLoginPage.login_button(DwsLoginPage.java:30)
at com.crm.pom.DwsLoginPage.login_button(DwsLoginPage.java:30)
at com.crm.pom.DwsLoginPage.login_button(DwsLoginPage.java:30)
at com.crm.pom.DwsLoginPage.login_button(DwsLoginPage.java:30)
at com.crm.pom.DwsLoginPage.login_button(DwsLoginPage.java:30)
at com.crm.pom.DwsLoginPage.login_button(DwsLoginPage.java:30)
at com.crm.pom.DwsLoginPage.login_button(DwsLoginPage.java:30)
at com.crm.pom.DwsLoginPage.login_button(DwsLoginPage.java:30)
at com.crm.pom.DwsLoginPage.login_button(DwsLoginPage.java:30)
at com.crm.pom.DwsLoginPage.login_button(DwsLoginPage.java:30)
at com.crm.pom.DwsLoginPage.login_button(DwsLoginPage.java:30)
at com.crm.pom.DwsLoginPage.login_button(DwsLoginPage.java:30)
at com.crm.pom.DwsLoginPage.login_button(DwsLoginPage.java:30)
at com.crm.pom.DwsLoginPage.login_button(DwsLoginPage.java:30)
at com.crm.pom.DwsLoginPage.login_button(DwsLoginPage.java:30)
at com.crm.pom.DwsLoginPage.login_button(DwsLoginPage.java:30)
at com.crm.pom.DwsLoginPage.login_button(DwsLoginPage.java:30)
at com.crm.pom.DwsLoginPage.login_button(DwsLoginPage.java:30)
at com.crm.pom.DwsLoginPage.login_button(DwsLoginPage.java:30)
at com.crm.pom.DwsLoginPage.login_button(DwsLoginPage.java:30)
at com.crm.pom.DwsLoginPage.login_button(DwsLoginPage.java:30)
at com.crm.pom.DwsLoginPage.login_button(DwsLoginPage.java:30)
at com.crm.pom.DwsLoginPage.login_button(DwsLoginPage.java:30)
at com.crm.pom.DwsLoginPage.login_button(DwsLoginPage.java:30)
at com.crm.pom.DwsLoginPage.login_button(DwsLoginPage.java:30)
at com.crm.pom.DwsLoginPage.login_button(DwsLoginPage.java:30)
at com.crm.pom.DwsLoginPage.login_button(DwsLoginPage.java:30)
at com.crm.pom.DwsLoginPage.login_button(DwsLoginPage.java:30)
at com.crm.pom.DwsLoginPage.login_button(DwsLoginPage.java:30)
at com.crm.pom.DwsLoginPage.login_button(DwsLoginPage.java:30)
at com.crm.pom.DwsLoginPage.login_button(DwsLoginPage.java:30)
at com.crm.pom.DwsLoginPage.login_button(DwsLoginPage.java:30)
at com.crm.pom.DwsLoginPage.login_button(DwsLoginPage.java:30)
at com.crm.pom.DwsLoginPage.login_button(DwsLoginPage.java:30)
at com.crm.pom.DwsLoginPage.login_button(DwsLoginPage.java:30)
at com.crm.pom.DwsLoginPage.login_button(DwsLoginPage.java:30)
at com.crm.pom.DwsLoginPage.login_button(DwsLoginPage.java:30)
at com.crm.pom.DwsLoginPage.login_button(DwsLoginPage.java:30)
at com.crm.pom.DwsLoginPage.login_button(DwsLoginPage.java:30)
at com.crm.pom.DwsLoginPage.login_button(DwsLoginPage.java:30)
at com.crm.pom.DwsLoginPage.login_button(DwsLoginPage.java:30)
at com.crm.pom.DwsLoginPage.login_button(DwsLoginPage.java:30)
at com.crm.pom.DwsLoginPage.login_button(DwsLoginPage.java:30)
at com.crm.pom.DwsLoginPage.login_button(DwsLoginPage.java:30)
at com.crm.pom.DwsLoginPage.login_button(DwsLoginPage.java:30)
at com.crm.pom.DwsLoginPage.login_button(DwsLoginPage.java:30)
at com.crm.pom.DwsLoginPage.login_button(DwsLoginPage.java:30)
at com.crm.pom.DwsLoginPage.login_button(DwsLoginPage.java:30)
at com.crm.pom.DwsLoginPage.login_button(DwsLoginPage.java:30)
at com.crm.pom.DwsLoginPage.login_button(DwsLoginPage.java:30)
at com.crm.pom.DwsLoginPage.login_button(DwsLoginPage.java:30)
at com.crm.pom.DwsLoginPage.login_button(DwsLoginPage.java:30)
at com.crm.pom.DwsLoginPage.login_button(DwsLoginPage.java:30)
at com.crm.pom.DwsLoginPage.login_button(DwsLoginPage.java:30)
at com.crm.pom.DwsLoginPage.login_button(DwsLoginPage.java:30)
at com.crm.pom.DwsLoginPage.login_button(DwsLoginPage.java:30)
at com.crm.pom.DwsLoginPage.login_button(DwsLoginPage.java:30)
at com.crm.pom.DwsLoginPage.login_button(DwsLoginPage.java:30)
at com.crm.pom.DwsLoginPage.login_button(DwsLoginPage.java:30)
at com.crm.pom.DwsLoginPage.login_button(DwsLoginPage.java:30)
at com.crm.pom.DwsLoginPage.login_button(DwsLoginPage.java:30)
at com.crm.pom.DwsLoginPage.login_button(DwsLoginPage.java:30)
at com.crm.pom.DwsLoginPage.login_button(DwsLoginPage.java:30)
at com.crm.pom.DwsLoginPage.login_button(DwsLoginPage.java:30)
at com.crm.pom.DwsLoginPage.login_button(DwsLoginPage.java:30)
at com.crm.pom.DwsLoginPage.login_button(DwsLoginPage.java:30)
at com.crm.pom.DwsLoginPage.login_button(DwsLoginPage.java:30)
at com.crm.pom.DwsLoginPage.login_button(DwsLoginPage.java:30)
at com.crm.pom.DwsLoginPage.login_button(DwsLoginPage.java:30)
at com.crm.pom.DwsLoginPage.login_button(DwsLoginPage.java:30)
at com.crm.pom.DwsLoginPage.login_button(DwsLoginPage.java:30)
at com.crm.pom.DwsLoginPage.login_button(DwsLoginPage.java:30)
at com.crm.pom.DwsLoginPage.login_button(DwsLoginPage.java:30)
at com.crm.pom.DwsLoginPage.login_button(DwsLoginPage.java:30)
at com.crm.pom.DwsLoginPage.login_button(DwsLoginPage.java:30)
at com.crm.pom.DwsLoginPage.login_button(DwsLoginPage.java:30)
at com.crm.pom.DwsLoginPage.login_button(DwsLoginPage.java:30)
at com.crm.pom.DwsLoginPage.login_button(DwsLoginPage.java:30)
at com.crm.pom.DwsLoginPage.login_button(DwsLoginPage.java:30)
at com.crm.pom.DwsLoginPage.login_button(DwsLoginPage.java:30)
at com.crm.pom.DwsLoginPage.login_button(DwsLoginPage.java:30)
at com.crm.pom.DwsLoginPage.login_button(DwsLoginPage.java:30)
at com.crm.pom.DwsLoginPage.login_button(DwsLoginPage.java:30)
at com.crm.pom.DwsLoginPage.login_button(DwsLoginPage.java:30)
at com.crm.pom.DwsLoginPage.login_button(DwsLoginPage.java:30)
at com.crm.pom.DwsLoginPage.login_button(DwsLoginPage.java:30)
at com.crm.pom.DwsLoginPage.login_button(DwsLoginPage.java:30)
at com.crm.pom.DwsLoginPage.login_button(DwsLoginPage.java:30)
at com.crm.pom.DwsLoginPage.login_button(DwsLoginPage.java:30)
at com.crm.pom.DwsLoginPage.login_button(DwsLoginPage.java:30)
at com.crm.pom.DwsLoginPage.login_button(DwsLoginPage.java:30)
at com.crm.pom.DwsLoginPage.login_button(DwsLoginPage.java:30)
at com.crm.pom.DwsLoginPage.login_button(DwsLoginPage.java:30)
at com.crm.pom.DwsLoginPage.login_button(DwsLoginPage.java:30)
at com.crm.pom.DwsLoginPage.login_button(DwsLoginPage.java:30)
at com.crm.pom.DwsLoginPage.login_button(DwsLoginPage.java:30)
at com.crm.pom.DwsLoginPage.login_button(DwsLoginPage.java:30)
at com.crm.pom.DwsLoginPage.login_button(DwsLoginPage.java:30)
at com.crm.pom.DwsLoginPage.login_button(DwsLoginPage.java:30)
at com.crm.pom.DwsLoginPage.login_button(DwsLoginPage.java:30)
at com.crm.pom.DwsLoginPage.login_button(DwsLoginPage.java:30)
at com.crm.pom.DwsLoginPage.login_button(DwsLoginPage.java:30)
at com.crm.pom.DwsLoginPage.login_button(DwsLoginPage.java:30)
at com.crm.pom.DwsLoginPage.login_button(DwsLoginPage.java:30)
at com.crm.pom.DwsLoginPage.login_button(DwsLoginPage.java:30)
at com.crm.pom.DwsLoginPage.login_button(DwsLoginPage.java:30)
at com.crm.pom.DwsLoginPage.login_button(DwsLoginPage.java:30)
at com.crm.pom.DwsLoginPage.login_button(DwsLoginPage.java:30)
at com.crm.pom.DwsLoginPage.login_button(DwsLoginPage.java:30)
at com.crm.pom.DwsLoginPage.login_button(DwsLoginPage.java:30)
at com.crm.pom.DwsLoginPage.login_button(DwsLoginPage.java:30)
at com.crm.pom.DwsLoginPage.login_button(DwsLoginPage.java:30)
at com.crm.pom.DwsLoginPage.login_button(DwsLoginPage.java:30)
at com.crm.pom.DwsLoginPage.login_button(DwsLoginPage.java:30)
at com.crm.pom.DwsLoginPage.login_button(DwsLoginPage.java:30)
at com.crm.pom.DwsLoginPage.login_button(DwsLoginPage.java:30)
at com.crm.pom.DwsLoginPage.login_button(DwsLoginPage.java:30)
at com.crm.pom.DwsLoginPage.login_button(DwsLoginPage.java:30)
at com.crm.pom.DwsLoginPage.login_button(DwsLoginPage.java:30)
at com.crm.pom.DwsLoginPage.login_button(DwsLoginPage.java:30)
at com.crm.pom.DwsLoginPage.login_button(DwsLoginPage.java:30)
at com.crm.pom.DwsLoginPage.login_button(DwsLoginPage.java:30)
at com.crm.pom.DwsLoginPage.login_button(DwsLoginPage.java:30)
at com.crm.pom.DwsLoginPage.login_button(DwsLoginPage.java:30)
at com.crm.pom.DwsLoginPage.login_button(DwsLoginPage.java:30)
at com.crm.pom.DwsLoginPage.login_button(DwsLoginPage.java:30)
at com.crm.pom.DwsLoginPage.login_button(DwsLoginPage.java:30)
at com.crm.pom.DwsLoginPage.login_button(DwsLoginPage.java:30)
at com.crm.pom.DwsLoginPage.login_button(DwsLoginPage.java:30)
at com.crm.pom.DwsLoginPage.login_button(DwsLoginPage.java:30)
at com.crm.pom.DwsLoginPage.login_button(DwsLoginPage.java:30)
at com.crm.pom.DwsLoginPage.login_button(DwsLoginPage.java:30)
at com.crm.pom.DwsLoginPage.login_button(DwsLoginPage.java:30)
at com.crm.pom.DwsLoginPage.login_button(DwsLoginPage.java:30)
at com.crm.pom.DwsLoginPage.login_button(DwsLoginPage.java:30)
at com.crm.pom.DwsLoginPage.login_button(DwsLoginPage.java:30)
at com.crm.pom.DwsLoginPage.login_button(DwsLoginPage.java:30)
at com.crm.pom.DwsLoginPage.login_button(DwsLoginPage.java:30)
at com.crm.pom.DwsLoginPage.login_button(DwsLoginPage.java:30)
at com.crm.pom.DwsLoginPage.login_button(DwsLoginPage.java:30)
at com.crm.pom.DwsLoginPage.login_button(DwsLoginPage.java:30)
at com.crm.pom.DwsLoginPage.login_button(DwsLoginPage.java:30)
at com.crm.pom.DwsLoginPage.login_button(DwsLoginPage.java:30)
at com.crm.pom.DwsLoginPage.login_button(DwsLoginPage.java:30)
at com.crm.pom.DwsLoginPage.login_button(DwsLoginPage.java:30)
at com.crm.pom.DwsLoginPage.login_button(DwsLoginPage.java:30)
at com.crm.pom.DwsLoginPage.login_button(DwsLoginPage.java:30)
at com.crm.pom.DwsLoginPage.login_button(DwsLoginPage.java:30)
at com.crm.pom.DwsLoginPage.login_button(DwsLoginPage.java:30)
at com.crm.pom.DwsLoginPage.login_button(DwsLoginPage.java:30)
at com.crm.pom.DwsLoginPage.login_button(DwsLoginPage.java:30)
at com.crm.pom.DwsLoginPage.login_button(DwsLoginPage.java:30)
at com.crm.pom.DwsLoginPage.login_button(DwsLoginPage.java:30)
at com.crm.pom.DwsLoginPage.login_button(DwsLoginPage.java:30)
at com.crm.pom.DwsLoginPage.login_button(DwsLoginPage.java:30)
at com.crm.pom.DwsLoginPage.login_button(DwsLoginPage.java:30)
at com.crm.pom.DwsLoginPage.login_button(DwsLoginPage.java:30)
at com.crm.pom.DwsLoginPage.login_button(DwsLoginPage.java:30)
at com.crm.pom.DwsLoginPage.login_button(DwsLoginPage.java:30)
at com.crm.pom.DwsLoginPage.login_button(DwsLoginPage.java:30)
at com.crm.pom.DwsLoginPage.login_button(DwsLoginPage.java:30)
at com.crm.pom.DwsLoginPage.login_button(DwsLoginPage.java:30)
at com.crm.pom.DwsLoginPage.login_button(DwsLoginPage.java:30)
at com.crm.pom.DwsLoginPage.login_button(DwsLoginPage.java:30)
at com.crm.pom.DwsLoginPage.login_button(DwsLoginPage.java:30)
at com.crm.pom.DwsLoginPage.login_button(DwsLoginPage.java:30)
at com.crm.pom.DwsLoginPage.login_button(DwsLoginPage.java:30)
at com.crm.pom.DwsLoginPage.login_button(DwsLoginPage.java:30)
at com.crm.pom.DwsLoginPage.login_button(DwsLoginPage.java:30)
at com.crm.pom.DwsLoginPage.login_button(DwsLoginPage.java:30)
at com.crm.pom.DwsLoginPage.login_button(DwsLoginPage.java:30)
at com.crm.pom.DwsLoginPage.login_button(DwsLoginPage.java:30)
at com.crm.pom.DwsLoginPage.login_button(DwsLoginPage.java:30)
at com.crm.pom.DwsLoginPage.login_button(DwsLoginPage.java:30)
at com.crm.pom.DwsLoginPage.login_button(DwsLoginPage.java:30)
at com.crm.pom.DwsLoginPage.login_button(DwsLoginPage.java:30)
at com.crm.pom.DwsLoginPage.login_button(DwsLoginPage.java:30)
at com.crm.pom.DwsLoginPage.login_button(DwsLoginPage.java:30)
at com.crm.pom.DwsLoginPage.login_button(DwsLoginPage.java:30)
at com.crm.pom.DwsLoginPage.login_button(DwsLoginPage.java:30)
at com.crm.pom.DwsLoginPage.login_button(DwsLoginPage.java:30)
at com.crm.pom.DwsLoginPage.login_button(DwsLoginPage.java:30)
at com.crm.pom.DwsLoginPage.login_button(DwsLoginPage.java:30)
at com.crm.pom.DwsLoginPage.login_button(DwsLoginPage.java:30)
at com.crm.pom.DwsLoginPage.login_button(DwsLoginPage.java:30)
at com.crm.pom.DwsLoginPage.login_button(DwsLoginPage.java:30)
at com.crm.pom.DwsLoginPage.login_button(DwsLoginPage.java:30)
at com.crm.pom.DwsLoginPage.login_button(DwsLoginPage.java:30)
at com.crm.pom.DwsLoginPage.login_button(DwsLoginPage.java:30)
at com.crm.pom.DwsLoginPage.login_button(DwsLoginPage.java:30)
at com.crm.pom.DwsLoginPage.login_button(DwsLoginPage.java:30)
at com.crm.pom.DwsLoginPage.login_button(DwsLoginPage.java:30)
at com.crm.pom.DwsLoginPage.login_button(DwsLoginPage.java:30)
at com.crm.pom.DwsLoginPage.login_button(DwsLoginPage.java:30)
at com.crm.pom.DwsLoginPage.login_button(DwsLoginPage.java:30)
at com.crm.pom.DwsLoginPage.login_button(DwsLoginPage.java:30)
at com.crm.pom.DwsLoginPage.login_button(DwsLoginPage.java:30)
at com.crm.pom.DwsLoginPage.login_button(DwsLoginPage.java:30)
at com.crm.pom.DwsLoginPage.login_button(DwsLoginPage.java:30)
at com.crm.pom.DwsLoginPage.login_button(DwsLoginPage.java:30)
at com.crm.pom.DwsLoginPage.login_button(DwsLoginPage.java:30)
at com.crm.pom.DwsLoginPage.login_button(DwsLoginPage.java:30)
at com.crm.pom.DwsLoginPage.login_button(DwsLoginPage.java:30)
at com.crm.pom.DwsLoginPage.login_button(DwsLoginPage.java:30)
at com.crm.pom.DwsLoginPage.login_button(DwsLoginPage.java:30)
at com.crm.pom.DwsLoginPage.login_button(DwsLoginPage.java:30)
at com.crm.pom.DwsLoginPage.login_button(DwsLoginPage.java:30)
at com.crm.pom.DwsLoginPage.login_button(DwsLoginPage.java:30)
at com.crm.pom.DwsLoginPage.login_button(DwsLoginPage.java:30)
at com.crm.pom.DwsLoginPage.login_button(DwsLoginPage.java:30)
at com.crm.pom.DwsLoginPage.login_button(DwsLoginPage.java:30)
at com.crm.pom.DwsLoginPage.login_button(DwsLoginPage.java:30)
at com.crm.pom.DwsLoginPage.login_button(DwsLoginPage.java:30)
at com.crm.pom.DwsLoginPage.login_button(DwsLoginPage.java:30)
at com.crm.pom.DwsLoginPage.login_button(DwsLoginPage.java:30)
at com.crm.pom.DwsLoginPage.login_button(DwsLoginPage.java:30)
at com.crm.pom.DwsLoginPage.login_button(DwsLoginPage.java:30)
at com.crm.pom.DwsLoginPage.login_button(DwsLoginPage.java:30)
at com.crm.pom.DwsLoginPage.login_button(DwsLoginPage.java:30)
at com.crm.pom.DwsLoginPage.login_button(DwsLoginPage.java:30)
at com.crm.pom.DwsLoginPage.login_button(DwsLoginPage.java:30)
at com.crm.pom.DwsLoginPage.login_button(DwsLoginPage.java:30)
at com.crm.pom.DwsLoginPage.login_button(DwsLoginPage.java:30)
at com.crm.pom.DwsLoginPage.login_button(DwsLoginPage.java:30)
at com.crm.pom.DwsLoginPage.login_button(DwsLoginPage.java:30)
at com.crm.pom.DwsLoginPage.login_button(DwsLoginPage.java:30)
at com.crm.pom.DwsLoginPage.login_button(DwsLoginPage.java:30)
at com.crm.pom.DwsLoginPage.login_button(DwsLoginPage.java:30)
at com.crm.pom.DwsLoginPage.login_button(DwsLoginPage.java:30)
at com.crm.pom.DwsLoginPage.login_button(DwsLoginPage.java:30)
at com.crm.pom.DwsLoginPage.login_button(DwsLoginPage.java:30)
at com.crm.pom.DwsLoginPage.login_button(DwsLoginPage.java:30)
at com.crm.pom.DwsLoginPage.login_button(DwsLoginPage.java:30)
at com.crm.pom.DwsLoginPage.login_button(DwsLoginPage.java:30)
at com.crm.pom.DwsLoginPage.login_button(DwsLoginPage.java:30)
at com.crm.pom.DwsLoginPage.login_button(DwsLoginPage.java:30)
at com.crm.pom.DwsLoginPage.login_button(DwsLoginPage.java:30)
at com.crm.pom.DwsLoginPage.login_button(DwsLoginPage.java:30)
at com.crm.pom.DwsLoginPage.login_button(DwsLoginPage.java:30)
at com.crm.pom.DwsLoginPage.login_button(DwsLoginPage.java:30)
at com.crm.pom.DwsLoginPage.login_button(DwsLoginPage.java:30)
at com.crm.pom.DwsLoginPage.login_button(DwsLoginPage.java:30)
at com.crm.pom.DwsLoginPage.login_button(DwsLoginPage.java:30)
at com.crm.pom.DwsLoginPage.login_button(DwsLoginPage.java:30)
at com.crm.pom.DwsLoginPage.login_button(DwsLoginPage.java:30)
at com.crm.pom.DwsLoginPage.login_button(DwsLoginPage.java:30)
at com.crm.pom.DwsLoginPage.login_button(DwsLoginPage.java:30)
at com.crm.pom.DwsLoginPage.login_button(DwsLoginPage.java:30)
at com.crm.pom.DwsLoginPage.login_button(DwsLoginPage.java:30)
at com.crm.pom.DwsLoginPage.login_button(DwsLoginPage.java:30)
at com.crm.pom.DwsLoginPage.login_button(DwsLoginPage.java:30)
at com.crm.pom.DwsLoginPage.login_button(DwsLoginPage.java:30)
at com.crm.pom.DwsLoginPage.login_button(DwsLoginPage.java:30)
at com.crm.pom.DwsLoginPage.login_button(DwsLoginPage.java:30)
at com.crm.pom.DwsLoginPage.login_button(DwsLoginPage.java:30)
at com.crm.pom.DwsLoginPage.login_button(DwsLoginPage.java:30)
at com.crm.pom.DwsLoginPage.login_button(DwsLoginPage.java:30)
at com.crm.pom.DwsLoginPage.login_button(DwsLoginPage.java:30)
at com.crm.pom.DwsLoginPage.login_button(DwsLoginPage.java:30)
at com.crm.pom.DwsLoginPage.login_button(DwsLoginPage.java:30)
at com.crm.pom.DwsLoginPage.login_button(DwsLoginPage.java:30)
at com.crm.pom.DwsLoginPage.login_button(DwsLoginPage.java:30)
at com.crm.pom.DwsLoginPage.login_button(DwsLoginPage.java:30)
at com.crm.pom.DwsLoginPage.login_button(DwsLoginPage.java:30)
at com.crm.pom.DwsLoginPage.login_button(DwsLoginPage.java:30)
at com.crm.pom.DwsLoginPage.login_button(DwsLoginPage.java:30)
at com.crm.pom.DwsLoginPage.login_button(DwsLoginPage.java:30)
at com.crm.pom.DwsLoginPage.login_button(DwsLoginPage.java:30)
at com.crm.pom.DwsLoginPage.login_button(DwsLoginPage.java:30)
at com.crm.pom.DwsLoginPage.login_button(DwsLoginPage.java:30)
at com.crm.pom.DwsLoginPage.login_button(DwsLoginPage.java:30)
at com.crm.pom.DwsLoginPage.login_button(DwsLoginPage.java:30)
at com.crm.pom.DwsLoginPage.login_button(DwsLoginPage.java:30)
at com.crm.pom.DwsLoginPage.login_button(DwsLoginPage.java:30)
at com.crm.pom.DwsLoginPage.login_button(DwsLoginPage.java:30)
at com.crm.pom.DwsLoginPage.login_button(DwsLoginPage.java:30)
at com.crm.pom.DwsLoginPage.login_button(DwsLoginPage.java:30)
at com.crm.pom.DwsLoginPage.login_button(DwsLoginPage.java:30)
at com.crm.pom.DwsLoginPage.login_button(DwsLoginPage.java:30)
at com.crm.pom.DwsLoginPage.login_button(DwsLoginPage.java:30)
at com.crm.pom.DwsLoginPage.login_button(DwsLoginPage.java:30)
at com.crm.pom.DwsLoginPage.login_button(DwsLoginPage.java:30)
at com.crm.pom.DwsLoginPage.login_button(DwsLoginPage.java:30)
at com.crm.pom.DwsLoginPage.login_button(DwsLoginPage.java:30)
at com.crm.pom.DwsLoginPage.login_button(DwsLoginPage.java:30)
at com.crm.pom.DwsLoginPage.login_button(DwsLoginPage.java:30)
at com.crm.pom.DwsLoginPage.login_button(DwsLoginPage.java:30)
at com.crm.pom.DwsLoginPage.login_button(DwsLoginPage.java:30)
at com.crm.pom.DwsLoginPage.login_button(DwsLoginPage.java:30)
at com.crm.pom.DwsLoginPage.login_button(DwsLoginPage.java:30)
at com.crm.pom.DwsLoginPage.login_button(DwsLoginPage.java:30)
at com.crm.pom.DwsLoginPage.login_button(DwsLoginPage.java:30)
at com.crm.pom.DwsLoginPage.login_button(DwsLoginPage.java:30)
at com.crm.pom.DwsLoginPage.login_button(DwsLoginPage.java:30)
at com.crm.pom.DwsLoginPage.login_button(DwsLoginPage.java:30)
at com.crm.pom.DwsLoginPage.login_button(DwsLoginPage.java:30)
at com.crm.pom.DwsLoginPage.login_button(DwsLoginPage.java:30)
at com.crm.pom.DwsLoginPage.login_button(DwsLoginPage.java:30)
at com.crm.pom.DwsLoginPage.login_button(DwsLoginPage.java:30)
at com.crm.pom.DwsLoginPage.login_button(DwsLoginPage.java:30)
at com.crm.pom.DwsLoginPage.login_button(DwsLoginPage.java:30)
at com.crm.pom.DwsLoginPage.login_button(DwsLoginPage.java:30)
at com.crm.pom.DwsLoginPage.login_button(DwsLoginPage.java:30)
at com.crm.pom.DwsLoginPage.login_button(DwsLoginPage.java:30)
at com.crm.pom.DwsLoginPage.login_button(DwsLoginPage.java:30)
at com.crm.pom.DwsLoginPage.login_button(DwsLoginPage.java:30)
at com.crm.pom.DwsLoginPage.login_button(DwsLoginPage.java:30)
at com.crm.pom.DwsLoginPage.login_button(DwsLoginPage.java:30)
at com.crm.pom.DwsLoginPage.login_button(DwsLoginPage.java:30)
at com.crm.pom.DwsLoginPage.login_button(DwsLoginPage.java:30)
at com.crm.pom.DwsLoginPage.login_button(DwsLoginPage.java:30)
at com.crm.pom.DwsLoginPage.login_button(DwsLoginPage.java:30)
at com.crm.pom.DwsLoginPage.login_button(DwsLoginPage.java:30)
at com.crm.pom.DwsLoginPage.login_button(DwsLoginPage.java:30)
at com.crm.pom.DwsLoginPage.login_button(DwsLoginPage.java:30)
at com.crm.pom.DwsLoginPage.login_button(DwsLoginPage.java:30)
at com.crm.pom.DwsLoginPage.login_button(DwsLoginPage.java:30)
at com.crm.pom.DwsLoginPage.login_button(DwsLoginPage.java:30)
at com.crm.pom.DwsLoginPage.login_button(DwsLoginPage.java:30)
at com.crm.pom.DwsLoginPage.login_button(DwsLoginPage.java:30)
at com.crm.pom.DwsLoginPage.login_button(DwsLoginPage.java:30)
at com.crm.pom.DwsLoginPage.login_button(DwsLoginPage.java:30)
at com.crm.pom.DwsLoginPage.login_button(DwsLoginPage.java:30)
at com.crm.pom.DwsLoginPage.login_button(DwsLoginPage.java:30)
at com.crm.pom.DwsLoginPage.login_button(DwsLoginPage.java:30)
at com.crm.pom.DwsLoginPage.login_button(DwsLoginPage.java:30)
at com.crm.pom.DwsLoginPage.login_button(DwsLoginPage.java:30)
at com.crm.pom.DwsLoginPage.login_button(DwsLoginPage.java:30)
at com.crm.pom.DwsLoginPage.login_button(DwsLoginPage.java:30)
at com.crm.pom.DwsLoginPage.login_button(DwsLoginPage.java:30)
at com.crm.pom.DwsLoginPage.login_button(DwsLoginPage.java:30)
at com.crm.pom.DwsLoginPage.login_button(DwsLoginPage.java:30)
at com.crm.pom.DwsLoginPage.login_button(DwsLoginPage.java:30)
at com.crm.pom.DwsLoginPage.login_button(DwsLoginPage.java:30)
at com.crm.pom.DwsLoginPage.login_button(DwsLoginPage.java:30)
at com.crm.pom.DwsLoginPage.login_button(DwsLoginPage.java:30)
at com.crm.pom.DwsLoginPage.login_button(DwsLoginPage.java:30)
at com.crm.pom.DwsLoginPage.login_button(DwsLoginPage.java:30)
at com.crm.pom.DwsLoginPage.login_button(DwsLoginPage.java:30)
at com.crm.pom.DwsLoginPage.login_button(DwsLoginPage.java:30)
at com.crm.pom.DwsLoginPage.login_button(DwsLoginPage.java:30)
at com.crm.pom.DwsLoginPage.login_button(DwsLoginPage.java:30)
at com.crm.pom.DwsLoginPage.login_button(DwsLoginPage.java:30)
at com.crm.pom.DwsLoginPage.login_button(DwsLoginPage.java:30)
at com.crm.pom.DwsLoginPage.login_button(DwsLoginPage.java:30)
at com.crm.pom.DwsLoginPage.login_button(DwsLoginPage.java:30)
at com.crm.pom.DwsLoginPage.login_button(DwsLoginPage.java:30)
at com.crm.pom.DwsLoginPage.login_button(DwsLoginPage.java:30)
at com.crm.pom.DwsLoginPage.login_button(DwsLoginPage.java:30)
at com.crm.pom.DwsLoginPage.login_button(DwsLoginPage.java:30)
at com.crm.pom.DwsLoginPage.login_button(DwsLoginPage.java:30)
at com.crm.pom.DwsLoginPage.login_button(DwsLoginPage.java:30)
at com.crm.pom.DwsLoginPage.login_button(DwsLoginPage.java:30)
at com.crm.pom.DwsLoginPage.login_button(DwsLoginPage.java:30)
at com.crm.pom.DwsLoginPage.login_button(DwsLoginPage.java:30)
at com.crm.pom.DwsLoginPage.login_button(DwsLoginPage.java:30)
at com.crm.pom.DwsLoginPage.login_button(DwsLoginPage.java:30)
at com.crm.pom.DwsLoginPage.login_button(DwsLoginPage.java:30)
at com.crm.pom.DwsLoginPage.login_button(DwsLoginPage.java:30)
at com.crm.pom.DwsLoginPage.login_button(DwsLoginPage.java:30)
at com.crm.pom.DwsLoginPage.login_button(DwsLoginPage.java:30)
at com.crm.pom.DwsLoginPage.login_button(DwsLoginPage.java:30)
at com.crm.pom.DwsLoginPage.login_button(DwsLoginPage.java:30)
at com.crm.pom.DwsLoginPage.login_button(DwsLoginPage.java:30)
at com.crm.pom.DwsLoginPage.login_button(DwsLoginPage.java:30)
at com.crm.pom.DwsLoginPage.login_button(DwsLoginPage.java:30)
at com.crm.pom.DwsLoginPage.login_button(DwsLoginPage.java:30)
at com.crm.pom.DwsLoginPage.login_button(DwsLoginPage.java:30)
at com.crm.pom.DwsLoginPage.login_button(DwsLoginPage.java:30)
at com.crm.pom.DwsLoginPage.login_button(DwsLoginPage.java:30)
at com.crm.pom.DwsLoginPage.login_button(DwsLoginPage.java:30)
at com.crm.pom.DwsLoginPage.login_button(DwsLoginPage.java:30)
at com.crm.pom.DwsLoginPage.login_button(DwsLoginPage.java:30)
at com.crm.pom.DwsLoginPage.login_button(DwsLoginPage.java:30)
at com.crm.pom.DwsLoginPage.login_button(DwsLoginPage.java:30)
at com.crm.pom.DwsLoginPage.login_button(DwsLoginPage.java:30)
at com.crm.pom.DwsLoginPage.login_button(DwsLoginPage.java:30)
at com.crm.pom.DwsLoginPage.login_button(DwsLoginPage.java:30)
at com.crm.pom.DwsLoginPage.login_button(DwsLoginPage.java:30)
at com.crm.pom.DwsLoginPage.login_button(DwsLoginPage.java:30)
at com.crm.pom.DwsLoginPage.login_button(DwsLoginPage.java:30)
at com.crm.pom.DwsLoginPage.login_button(DwsLoginPage.java:30)
at com.crm.pom.DwsLoginPage.login_button(DwsLoginPage.java:30)
at com.crm.pom.DwsLoginPage.login_button(DwsLoginPage.java:30)
at com.crm.pom.DwsLoginPage.login_button(DwsLoginPage.java:30)
at com.crm.pom.DwsLoginPage.login_button(DwsLoginPage.java:30)
at com.crm.pom.DwsLoginPage.login_button(DwsLoginPage.java:30)
at com.crm.pom.DwsLoginPage.login_button(DwsLoginPage.java:30)
at com.crm.pom.DwsLoginPage.login_button(DwsLoginPage.java:30)
at com.crm.pom.DwsLoginPage.login_button(DwsLoginPage.java:30)
at com.crm.pom.DwsLoginPage.login_button(DwsLoginPage.java:30)
at com.crm.pom.DwsLoginPage.login_button(DwsLoginPage.java:30)
at com.crm.pom.DwsLoginPage.login_button(DwsLoginPage.java:30)
at com.crm.pom.DwsLoginPage.login_button(DwsLoginPage.java:30)
at com.crm.pom.DwsLoginPage.login_button(DwsLoginPage.java:30)
at com.crm.pom.DwsLoginPage.login_button(DwsLoginPage.java:30)
at com.crm.pom.DwsLoginPage.login_button(DwsLoginPage.java:30)
at com.crm.pom.DwsLoginPage.login_button(DwsLoginPage.java:30)
at com.crm.pom.DwsLoginPage.login_button(DwsLoginPage.java:30)
at com.crm.pom.DwsLoginPage.login_button(DwsLoginPage.java:30)
at com.crm.pom.DwsLoginPage.login_button(DwsLoginPage.java:30)
at com.crm.pom.DwsLoginPage.login_button(DwsLoginPage.java:30)
at com.crm.pom.DwsLoginPage.login_button(DwsLoginPage.java:30)
at com.crm.pom.DwsLoginPage.login_button(DwsLoginPage.java:30)
at com.crm.pom.DwsLoginPage.login_button(DwsLoginPage.java:30)
at com.crm.pom.DwsLoginPage.login_button(DwsLoginPage.java:30)
at com.crm.pom.DwsLoginPage.login_button(DwsLoginPage.java:30)
at com.crm.pom.DwsLoginPage.login_button(DwsLoginPage.java:30)
at com.crm.pom.DwsLoginPage.login_button(DwsLoginPage.java:30)
at com.crm.pom.DwsLoginPage.login_button(DwsLoginPage.java:30)
at com.crm.pom.DwsLoginPage.login_button(DwsLoginPage.java:30)
at com.crm.pom.DwsLoginPage.login_button(DwsLoginPage.java:30)
at com.crm.pom.DwsLoginPage.login_button(DwsLoginPage.java:30)
at com.crm.pom.DwsLoginPage.login_button(DwsLoginPage.java:30)
at com.crm.pom.DwsLoginPage.login_button(DwsLoginPage.java:30)
at com.crm.pom.DwsLoginPage.login_button(DwsLoginPage.java:30)
at com.crm.pom.DwsLoginPage.login_button(DwsLoginPage.java:30)
at com.crm.pom.DwsLoginPage.login_button(DwsLoginPage.java:30)
at com.crm.pom.DwsLoginPage.login_button(DwsLoginPage.java:30)
at com.crm.pom.DwsLoginPage.login_button(DwsLoginPage.java:30)
at com.crm.pom.DwsLoginPage.login_button(DwsLoginPage.java:30)
at com.crm.pom.DwsLoginPage.login_button(DwsLoginPage.java:30)
at com.crm.pom.DwsLoginPage.login_button(DwsLoginPage.java:30)
at com.crm.pom.DwsLoginPage.login_button(DwsLoginPage.java:30)
at com.crm.pom.DwsLoginPage.login_button(DwsLoginPage.java:30)
at com.crm.pom.DwsLoginPage.login_button(DwsLoginPage.java:30)
at com.crm.pom.DwsLoginPage.login_button(DwsLoginPage.java:30)
at com.crm.pom.DwsLoginPage.login_button(DwsLoginPage.java:30)
at com.crm.pom.DwsLoginPage.login_button(DwsLoginPage.java:30)
at com.crm.pom.DwsLoginPage.login_button(DwsLoginPage.java:30)
at com.crm.pom.DwsLoginPage.login_button(DwsLoginPage.java:30)
at com.crm.pom.DwsLoginPage.login_button(DwsLoginPage.java:30)
at com.crm.pom.DwsLoginPage.login_button(DwsLoginPage.java:30)
at com.crm.pom.DwsLoginPage.login_button(DwsLoginPage.java:30)
at com.crm.pom.DwsLoginPage.login_button(DwsLoginPage.java:30)
at com.crm.pom.DwsLoginPage.login_button(DwsLoginPage.java:30)
at com.crm.pom.DwsLoginPage.login_button(DwsLoginPage.java:30)
at com.crm.pom.DwsLoginPage.login_button(DwsLoginPage.java:30)
at com.crm.pom.DwsLoginPage.login_button(DwsLoginPage.java:30)
at com.crm.pom.DwsLoginPage.login_button(DwsLoginPage.java:30)
at com.crm.pom.DwsLoginPage.login_button(DwsLoginPage.java:30)
at com.crm.pom.DwsLoginPage.login_button(DwsLoginPage.java:30)
at com.crm.pom.DwsLoginPage.login_button(DwsLoginPage.java:30)
at com.crm.pom.DwsLoginPage.login_button(DwsLoginPage.java:30)
at com.crm.pom.DwsLoginPage.login_button(DwsLoginPage.java:30)
at com.crm.pom.DwsLoginPage.login_button(DwsLoginPage.java:30)
at com.crm.pom.DwsLoginPage.login_button(DwsLoginPage.java:30)
at com.crm.pom.DwsLoginPage.login_button(DwsLoginPage.java:30)
at com.crm.pom.DwsLoginPage.login_button(DwsLoginPage.java:30)
at com.crm.pom.DwsLoginPage.login_button(DwsLoginPage.java:30)
at com.crm.pom.DwsLoginPage.login_button(DwsLoginPage.java:30)
at com.crm.pom.DwsLoginPage.login_button(DwsLoginPage.java:30)
at com.crm.pom.DwsLoginPage.login_button(DwsLoginPage.java:30)
at com.crm.pom.DwsLoginPage.login_button(DwsLoginPage.java:30)
at com.crm.pom.DwsLoginPage.login_button(DwsLoginPage.java:30)
at com.crm.pom.DwsLoginPage.login_button(DwsLoginPage.java:30)
at com.crm.pom.DwsLoginPage.login_button(DwsLoginPage.java:30)
at com.crm.pom.DwsLoginPage.login_button(DwsLoginPage.java:30)
at com.crm.pom.DwsLoginPage.login_button(DwsLoginPage.java:30)
at com.crm.pom.DwsLoginPage.login_button(DwsLoginPage.java:30)
at com.crm.pom.DwsLoginPage.login_button(DwsLoginPage.java:30)
at com.crm.pom.DwsLoginPage.login_button(DwsLoginPage.java:30)
at com.crm.pom.DwsLoginPage.login_button(DwsLoginPage.java:30)
at com.crm.pom.DwsLoginPage.login_button(DwsLoginPage.java:30)
at com.crm.pom.DwsLoginPage.login_button(DwsLoginPage.java:30)
at com.crm.pom.DwsLoginPage.login_button(DwsLoginPage.java:30)
at com.crm.pom.DwsLoginPage.login_button(DwsLoginPage.java:30)
at com.crm.pom.DwsLoginPage.login_button(DwsLoginPage.java:30)
at com.crm.pom.DwsLoginPage.login_button(DwsLoginPage.java:30)
at com.crm.pom.DwsLoginPage.login_button(DwsLoginPage.java:30)
at com.crm.pom.DwsLoginPage.login_button(DwsLoginPage.java:30)
at com.crm.pom.DwsLoginPage.login_button(DwsLoginPage.java:30)
at com.crm.pom.DwsLoginPage.login_button(DwsLoginPage.java:30)
at com.crm.pom.DwsLoginPage.login_button(DwsLoginPage.java:30)
at com.crm.pom.DwsLoginPage.login_button(DwsLoginPage.java:30)
at com.crm.pom.DwsLoginPage.login_button(DwsLoginPage.java:30)
at com.crm.pom.DwsLoginPage.login_button(DwsLoginPage.java:30)
at com.crm.pom.DwsLoginPage.login_button(DwsLoginPage.java:30)
at com.crm.pom.DwsLoginPage.login_button(DwsLoginPage.java:30)
at com.crm.pom.DwsLoginPage.login_button(DwsLoginPage.java:30)
at com.crm.pom.DwsLoginPage.login_button(DwsLoginPage.java:30)
at com.crm.pom.DwsLoginPage.login_button(DwsLoginPage.java:30)
at com.crm.pom.DwsLoginPage.login_button(DwsLoginPage.java:30)
at com.crm.pom.DwsLoginPage.login_button(DwsLoginPage.java:30)
at com.crm.pom.DwsLoginPage.login_button(DwsLoginPage.java:30)
at com.crm.pom.DwsLoginPage.login_button(DwsLoginPage.java:30)
at com.crm.pom.DwsLoginPage.login_button(DwsLoginPage.java:30)
at com.crm.pom.DwsLoginPage.login_button(DwsLoginPage.java:30)
at com.crm.pom.DwsLoginPage.login_button(DwsLoginPage.java:30)
at com.crm.pom.DwsLoginPage.login_button(DwsLoginPage.java:30)
at com.crm.pom.DwsLoginPage.login_button(DwsLoginPage.java:30)
at com.crm.pom.DwsLoginPage.login_button(DwsLoginPage.java:30)
at com.crm.pom.DwsLoginPage.login_button(DwsLoginPage.java:30)
at com.crm.pom.DwsLoginPage.login_button(DwsLoginPage.java:30)
at com.crm.pom.DwsLoginPage.login_button(DwsLoginPage.java:30)
at com.crm.pom.DwsLoginPage.login_button(DwsLoginPage.java:30)
at com.crm.pom.DwsLoginPage.login_button(DwsLoginPage.java:30)
at com.crm.pom.DwsLoginPage.login_button(DwsLoginPage.java:30)
at com.crm.pom.DwsLoginPage.login_button(DwsLoginPage.java:30)
at com.crm.pom.DwsLoginPage.login_button(DwsLoginPage.java:30)
at com.crm.pom.DwsLoginPage.login_button(DwsLoginPage.java:30)
at com.crm.pom.DwsLoginPage.login_button(DwsLoginPage.java:30)
at com.crm.pom.DwsLoginPage.login_button(DwsLoginPage.java:30)
at com.crm.pom.DwsLoginPage.login_button(DwsLoginPage.java:30)
at com.crm.pom.DwsLoginPage.login_button(DwsLoginPage.java:30)
at com.crm.pom.DwsLoginPage.login_button(DwsLoginPage.java:30)
at com.crm.pom.DwsLoginPage.login_button(DwsLoginPage.java:30)
at com.crm.pom.DwsLoginPage.login_button(DwsLoginPage.java:30)
at com.crm.pom.DwsLoginPage.login_button(DwsLoginPage.java:30)
at com.crm.pom.DwsLoginPage.login_button(DwsLoginPage.java:30)
at com.crm.pom.DwsLoginPage.login_button(DwsLoginPage.java:30)
at com.crm.pom.DwsLoginPage.login_button(DwsLoginPage.java:30)
at com.crm.pom.DwsLoginPage.login_button(DwsLoginPage.java:30)
at com.crm.pom.DwsLoginPage.login_button(DwsLoginPage.java:30)
at com.crm.pom.DwsLoginPage.login_button(DwsLoginPage.java:30)
at com.crm.pom.DwsLoginPage.login_button(DwsLoginPage.java:30)
at com.crm.pom.DwsLoginPage.login_button(DwsLoginPage.java:30)
at com.crm.pom.DwsLoginPage.login_button(DwsLoginPage.java:30)
at com.crm.pom.DwsLoginPage.login_button(DwsLoginPage.java:30)
at com.crm.pom.DwsLoginPage.login_button(DwsLoginPage.java:30)
at com.crm.pom.DwsLoginPage.login_button(DwsLoginPage.java:30)
at com.crm.pom.DwsLoginPage.login_button(DwsLoginPage.java:30)
at com.crm.pom.DwsLoginPage.login_button(DwsLoginPage.java:30)
at com.crm.pom.DwsLoginPage.login_button(DwsLoginPage.java:30)
at com.crm.pom.DwsLoginPage.login_button(DwsLoginPage.java:30)
at com.crm.pom.DwsLoginPage.login_button(DwsLoginPage.java:30)
at com.crm.pom.DwsLoginPage.login_button(DwsLoginPage.java:30)
at com.crm.pom.DwsLoginPage.login_button(DwsLoginPage.java:30)
at com.crm.pom.DwsLoginPage.login_button(DwsLoginPage.java:30)
at com.crm.pom.DwsLoginPage.login_button(DwsLoginPage.java:30)
at com.crm.pom.DwsLoginPage.login_button(DwsLoginPage.java:30)
at com.crm.pom.DwsLoginPage.login_button(DwsLoginPage.java:30)
at com.crm.pom.DwsLoginPage.login_button(DwsLoginPage.java:30)
at com.crm.pom.DwsLoginPage.login_button(DwsLoginPage.java:30)
at com.crm.pom.DwsLoginPage.login_button(DwsLoginPage.java:30)
at com.crm.pom.DwsLoginPage.login_button(DwsLoginPage.java:30)
at com.crm.pom.DwsLoginPage.login_button(DwsLoginPage.java:30)
at com.crm.pom.DwsLoginPage.login_button(DwsLoginPage.java:30)
at com.crm.pom.DwsLoginPage.login_button(DwsLoginPage.java:30)
at com.crm.pom.DwsLoginPage.login_button(DwsLoginPage.java:30)
at com.crm.pom.DwsLoginPage.login_button(DwsLoginPage.java:30)
at com.crm.pom.DwsLoginPage.login_button(DwsLoginPage.java:30)
at com.crm.pom.DwsLoginPage.login_button(DwsLoginPage.java:30)
at com.crm.pom.DwsLoginPage.login_button(DwsLoginPage.java:30)
at com.crm.pom.DwsLoginPage.login_button(DwsLoginPage.java:30)
at com.crm.pom.DwsLoginPage.login_button(DwsLoginPage.java:30)
at com.crm.pom.DwsLoginPage.login_button(DwsLoginPage.java:30)
at com.crm.pom.DwsLoginPage.login_button(DwsLoginPage.java:30)
at com.crm.pom.DwsLoginPage.login_button(DwsLoginPage.java:30)
at com.crm.pom.DwsLoginPage.login_button(DwsLoginPage.java:30)
at com.crm.pom.DwsLoginPage.login_button(DwsLoginPage.java:30)
at com.crm.pom.DwsLoginPage.login_button(DwsLoginPage.java:30)
at com.crm.pom.DwsLoginPage.login_button(DwsLoginPage.java:30)
at com.crm.pom.DwsLoginPage.login_button(DwsLoginPage.java:30)
at com.crm.pom.DwsLoginPage.login_button(DwsLoginPage.java:30)
at com.crm.pom.DwsLoginPage.login_button(DwsLoginPage.java:30)
at com.crm.pom.DwsLoginPage.login_button(DwsLoginPage.java:30)
at com.crm.pom.DwsLoginPage.login_button(DwsLoginPage.java:30)
at com.crm.pom.DwsLoginPage.login_button(DwsLoginPage.java:30)
at com.crm.pom.DwsLoginPage.login_button(DwsLoginPage.java:30)
at com.crm.pom.DwsLoginPage.login_button(DwsLoginPage.java:30)
at com.crm.pom.DwsLoginPage.login_button(DwsLoginPage.java:30)
at com.crm.pom.DwsLoginPage.login_button(DwsLoginPage.java:30)
at com.crm.pom.DwsLoginPage.login_button(DwsLoginPage.java:30)
at com.crm.pom.DwsLoginPage.login_button(DwsLoginPage.java:30)
at com.crm.pom.DwsLoginPage.login_button(DwsLoginPage.java:30)
at com.crm.pom.DwsLoginPage.login_button(DwsLoginPage.java:30)
at com.crm.pom.DwsLoginPage.login_button(DwsLoginPage.java:30)
at com.crm.pom.DwsLoginPage.login_button(DwsLoginPage.java:30)
at com.crm.pom.DwsLoginPage.login_button(DwsLoginPage.java:30)
at com.crm.pom.DwsLoginPage.login_button(DwsLoginPage.java:30)
at com.crm.pom.DwsLoginPage.login_button(DwsLoginPage.java:30)
at com.crm.pom.DwsLoginPage.login_button(DwsLoginPage.java:30)
at com.crm.pom.DwsLoginPage.login_button(DwsLoginPage.java:30)
at com.crm.pom.DwsLoginPage.login_button(DwsLoginPage.java:30)
at com.crm.pom.DwsLoginPage.login_button(DwsLoginPage.java:30)
at com.crm.pom.DwsLoginPage.login_button(DwsLoginPage.java:30)
at com.crm.pom.DwsLoginPage.login_button(DwsLoginPage.java:30)
at com.crm.pom.DwsLoginPage.login_button(DwsLoginPage.java:30)
at com.crm.pom.DwsLoginPage.login_button(DwsLoginPage.java:30)
at com.crm.pom.DwsLoginPage.login_button(DwsLoginPage.java:30)
at com.crm.pom.DwsLoginPage.login_button(DwsLoginPage.java:30)
at com.crm.pom.DwsLoginPage.login_button(DwsLoginPage.java:30)
at com.crm.pom.DwsLoginPage.login_button(DwsLoginPage.java:30)
at com.crm.pom.DwsLoginPage.login_button(DwsLoginPage.java:30)
at com.crm.pom.DwsLoginPage.login_button(DwsLoginPage.java:30)
at com.crm.pom.DwsLoginPage.login_button(DwsLoginPage.java:30)
at com.crm.pom.DwsLoginPage.login_button(DwsLoginPage.java:30)
at com.crm.pom.DwsLoginPage.login_button(DwsLoginPage.java:30)
at com.crm.pom.DwsLoginPage.login_button(DwsLoginPage.java:30)
at com.crm.pom.DwsLoginPage.login_button(DwsLoginPage.java:30)
at com.crm.pom.DwsLoginPage.login_button(DwsLoginPage.java:30)
at com.crm.pom.DwsLoginPage.login_button(DwsLoginPage.java:30)
at com.crm.pom.DwsLoginPage.login_button(DwsLoginPage.java:30)
at com.crm.pom.DwsLoginPage.login_button(DwsLoginPage.java:30)
at com.crm.pom.DwsLoginPage.login_button(DwsLoginPage.java:30)
at com.crm.pom.DwsLoginPage.login_button(DwsLoginPage.java:30)
at com.crm.pom.DwsLoginPage.login_button(DwsLoginPage.java:30)
at com.crm.pom.DwsLoginPage.login_button(DwsLoginPage.java:30)
at com.crm.pom.DwsLoginPage.login_button(DwsLoginPage.java:30)
at com.crm.pom.DwsLoginPage.login_button(DwsLoginPage.java:30)
at com.crm.pom.DwsLoginPage.login_button(DwsLoginPage.java:30)
at com.crm.pom.DwsLoginPage.login_button(DwsLoginPage.java:30)
at com.crm.pom.DwsLoginPage.login_button(DwsLoginPage.java:30)
at com.crm.pom.DwsLoginPage.login_button(DwsLoginPage.java:30)
at com.crm.pom.DwsLoginPage.login_button(DwsLoginPage.java:30)
at com.crm.pom.DwsLoginPage.login_button(DwsLoginPage.java:30)
at com.crm.pom.DwsLoginPage.login_button(DwsLoginPage.java:30)
at com.crm.pom.DwsLoginPage.login_button(DwsLoginPage.java:30)
at com.crm.pom.DwsLoginPage.login_button(DwsLoginPage.java:30)
at com.crm.pom.DwsLoginPage.login_button(DwsLoginPage.java:30)
at com.crm.pom.DwsLoginPage.login_button(DwsLoginPage.java:30)
at com.crm.pom.DwsLoginPage.login_button(DwsLoginPage.java:30)
at com.crm.pom.DwsLoginPage.login_button(DwsLoginPage.java:30)
at com.crm.pom.DwsLoginPage.login_button(DwsLoginPage.java:30)
at com.crm.pom.DwsLoginPage.login_button(DwsLoginPage.java:30)
at com.crm.pom.DwsLoginPage.login_button(DwsLoginPage.java:30)
at com.crm.pom.DwsLoginPage.login_button(DwsLoginPage.java:30)
at com.crm.pom.DwsLoginPage.login_button(DwsLoginPage.java:30)
at com.crm.pom.DwsLoginPage.login_button(DwsLoginPage.java:30)
at com.crm.pom.DwsLoginPage.login_button(DwsLoginPage.java:30)
at com.crm.pom.DwsLoginPage.login_button(DwsLoginPage.java:30)
at com.crm.pom.DwsLoginPage.login_button(DwsLoginPage.java:30)
at com.crm.pom.DwsLoginPage.login_button(DwsLoginPage.java:30)
at com.crm.pom.DwsLoginPage.login_button(DwsLoginPage.java:30)
at com.crm.pom.DwsLoginPage.login_button(DwsLoginPage.java:30)
at com.crm.pom.DwsLoginPage.login_button(DwsLoginPage.java:30)
at com.crm.pom.DwsLoginPage.login_button(DwsLoginPage.java:30)
at com.crm.pom.DwsLoginPage.login_button(DwsLoginPage.java:30)
at com.crm.pom.DwsLoginPage.login_button(DwsLoginPage.java:30)
at com.crm.pom.DwsLoginPage.login_button(DwsLoginPage.java:30)
at com.crm.pom.DwsLoginPage.login_button(DwsLoginPage.java:30)
at com.crm.pom.DwsLoginPage.login_button(DwsLoginPage.java:30)
at com.crm.pom.DwsLoginPage.login_button(DwsLoginPage.java:30)
at com.crm.pom.DwsLoginPage.login_button(DwsLoginPage.java:30)
at com.crm.pom.DwsLoginPage.login_button(DwsLoginPage.java:30)
at com.crm.pom.DwsLoginPage.login_button(DwsLoginPage.java:30)
at com.crm.pom.DwsLoginPage.login_button(DwsLoginPage.java:30)
at com.crm.pom.DwsLoginPage.login_button(DwsLoginPage.java:30)
at com.crm.pom.DwsLoginPage.login_button(DwsLoginPage.java:30)
at com.crm.pom.DwsLoginPage.login_button(DwsLoginPage.java:30)
at com.crm.pom.DwsLoginPage.login_button(DwsLoginPage.java:30)
at com.crm.pom.DwsLoginPage.login_button(DwsLoginPage.java:30)
at com.crm.pom.DwsLoginPage.login_button(DwsLoginPage.java:30)
at com.crm.pom.DwsLoginPage.login_button(DwsLoginPage.java:30)
at com.crm.pom.DwsLoginPage.login_button(DwsLoginPage.java:30)
at com.crm.pom.DwsLoginPage.login_button(DwsLoginPage.java:30)
at com.crm.pom.DwsLoginPage.login_button(DwsLoginPage.java:30)
at com.crm.pom.DwsLoginPage.login_button(DwsLoginPage.java:30)
at com.crm.pom.DwsLoginPage.login_button(DwsLoginPage.java:30)
at com.crm.pom.DwsLoginPage.login_button(DwsLoginPage.java:30)
at com.crm.pom.DwsLoginPage.login_button(DwsLoginPage.java:30)
at com.crm.pom.DwsLoginPage.login_button(DwsLoginPage.java:30)
at com.crm.pom.DwsLoginPage.login_button(DwsLoginPage.java:30)
at com.crm.pom.DwsLoginPage.login_button(DwsLoginPage.java:30)
at com.crm.pom.DwsLoginPage.login_button(DwsLoginPage.java:30)
at com.crm.pom.DwsLoginPage.login_button(DwsLoginPage.java:30)
at com.crm.pom.DwsLoginPage.login_button(DwsLoginPage.java:30)
at com.crm.pom.DwsLoginPage.login_button(DwsLoginPage.java:30)
at com.crm.pom.DwsLoginPage.login_button(DwsLoginPage.java:30)
at com.crm.pom.DwsLoginPage.login_button(DwsLoginPage.java:30)
at com.crm.pom.DwsLoginPage.login_button(DwsLoginPage.java:30)
at com.crm.pom.DwsLoginPage.login_button(DwsLoginPage.java:30)
at com.crm.pom.DwsLoginPage.login_button(DwsLoginPage.java:30)
at com.crm.pom.DwsLoginPage.login_button(DwsLoginPage.java:30)
at com.crm.pom.DwsLoginPage.login_button(DwsLoginPage.java:30)
]]>
    </error>
  </testcase> <!-- dwsLoginCorrect -->
  <testcase classname="com.crm.listernersCode.ExtentReportWithScreenShot" name="dwsLoginWrong" time="8.062">
    <error type="java.lang.StackOverflowError">
      <![CDATA[java.lang.StackOverflowError
at com.crm.pom.DwsLoginPage.login_button(DwsLoginPage.java:30)
at com.crm.pom.DwsLoginPage.login_button(DwsLoginPage.java:30)
at com.crm.pom.DwsLoginPage.login_button(DwsLoginPage.java:30)
at com.crm.pom.DwsLoginPage.login_button(DwsLoginPage.java:30)
at com.crm.pom.DwsLoginPage.login_button(DwsLoginPage.java:30)
at com.crm.pom.DwsLoginPage.login_button(DwsLoginPage.java:30)
at com.crm.pom.DwsLoginPage.login_button(DwsLoginPage.java:30)
at com.crm.pom.DwsLoginPage.login_button(DwsLoginPage.java:30)
at com.crm.pom.DwsLoginPage.login_button(DwsLoginPage.java:30)
at com.crm.pom.DwsLoginPage.login_button(DwsLoginPage.java:30)
at com.crm.pom.DwsLoginPage.login_button(DwsLoginPage.java:30)
at com.crm.pom.DwsLoginPage.login_button(DwsLoginPage.java:30)
at com.crm.pom.DwsLoginPage.login_button(DwsLoginPage.java:30)
at com.crm.pom.DwsLoginPage.login_button(DwsLoginPage.java:30)
at com.crm.pom.DwsLoginPage.login_button(DwsLoginPage.java:30)
at com.crm.pom.DwsLoginPage.login_button(DwsLoginPage.java:30)
at com.crm.pom.DwsLoginPage.login_button(DwsLoginPage.java:30)
at com.crm.pom.DwsLoginPage.login_button(DwsLoginPage.java:30)
at com.crm.pom.DwsLoginPage.login_button(DwsLoginPage.java:30)
at com.crm.pom.DwsLoginPage.login_button(DwsLoginPage.java:30)
at com.crm.pom.DwsLoginPage.login_button(DwsLoginPage.java:30)
at com.crm.pom.DwsLoginPage.login_button(DwsLoginPage.java:30)
at com.crm.pom.DwsLoginPage.login_button(DwsLoginPage.java:30)
at com.crm.pom.DwsLoginPage.login_button(DwsLoginPage.java:30)
at com.crm.pom.DwsLoginPage.login_button(DwsLoginPage.java:30)
at com.crm.pom.DwsLoginPage.login_button(DwsLoginPage.java:30)
at com.crm.pom.DwsLoginPage.login_button(DwsLoginPage.java:30)
at com.crm.pom.DwsLoginPage.login_button(DwsLoginPage.java:30)
at com.crm.pom.DwsLoginPage.login_button(DwsLoginPage.java:30)
at com.crm.pom.DwsLoginPage.login_button(DwsLoginPage.java:30)
at com.crm.pom.DwsLoginPage.login_button(DwsLoginPage.java:30)
at com.crm.pom.DwsLoginPage.login_button(DwsLoginPage.java:30)
at com.crm.pom.DwsLoginPage.login_button(DwsLoginPage.java:30)
at com.crm.pom.DwsLoginPage.login_button(DwsLoginPage.java:30)
at com.crm.pom.DwsLoginPage.login_button(DwsLoginPage.java:30)
at com.crm.pom.DwsLoginPage.login_button(DwsLoginPage.java:30)
at com.crm.pom.DwsLoginPage.login_button(DwsLoginPage.java:30)
at com.crm.pom.DwsLoginPage.login_button(DwsLoginPage.java:30)
at com.crm.pom.DwsLoginPage.login_button(DwsLoginPage.java:30)
at com.crm.pom.DwsLoginPage.login_button(DwsLoginPage.java:30)
at com.crm.pom.DwsLoginPage.login_button(DwsLoginPage.java:30)
at com.crm.pom.DwsLoginPage.login_button(DwsLoginPage.java:30)
at com.crm.pom.DwsLoginPage.login_button(DwsLoginPage.java:30)
at com.crm.pom.DwsLoginPage.login_button(DwsLoginPage.java:30)
at com.crm.pom.DwsLoginPage.login_button(DwsLoginPage.java:30)
at com.crm.pom.DwsLoginPage.login_button(DwsLoginPage.java:30)
at com.crm.pom.DwsLoginPage.login_button(DwsLoginPage.java:30)
at com.crm.pom.DwsLoginPage.login_button(DwsLoginPage.java:30)
at com.crm.pom.DwsLoginPage.login_button(DwsLoginPage.java:30)
at com.crm.pom.DwsLoginPage.login_button(DwsLoginPage.java:30)
at com.crm.pom.DwsLoginPage.login_button(DwsLoginPage.java:30)
at com.crm.pom.DwsLoginPage.login_button(DwsLoginPage.java:30)
at com.crm.pom.DwsLoginPage.login_button(DwsLoginPage.java:30)
at com.crm.pom.DwsLoginPage.login_button(DwsLoginPage.java:30)
at com.crm.pom.DwsLoginPage.login_button(DwsLoginPage.java:30)
at com.crm.pom.DwsLoginPage.login_button(DwsLoginPage.java:30)
at com.crm.pom.DwsLoginPage.login_button(DwsLoginPage.java:30)
at com.crm.pom.DwsLoginPage.login_button(DwsLoginPage.java:30)
at com.crm.pom.DwsLoginPage.login_button(DwsLoginPage.java:30)
at com.crm.pom.DwsLoginPage.login_button(DwsLoginPage.java:30)
at com.crm.pom.DwsLoginPage.login_button(DwsLoginPage.java:30)
at com.crm.pom.DwsLoginPage.login_button(DwsLoginPage.java:30)
at com.crm.pom.DwsLoginPage.login_button(DwsLoginPage.java:30)
at com.crm.pom.DwsLoginPage.login_button(DwsLoginPage.java:30)
at com.crm.pom.DwsLoginPage.login_button(DwsLoginPage.java:30)
at com.crm.pom.DwsLoginPage.login_button(DwsLoginPage.java:30)
at com.crm.pom.DwsLoginPage.login_button(DwsLoginPage.java:30)
at com.crm.pom.DwsLoginPage.login_button(DwsLoginPage.java:30)
at com.crm.pom.DwsLoginPage.login_button(DwsLoginPage.java:30)
at com.crm.pom.DwsLoginPage.login_button(DwsLoginPage.java:30)
at com.crm.pom.DwsLoginPage.login_button(DwsLoginPage.java:30)
at com.crm.pom.DwsLoginPage.login_button(DwsLoginPage.java:30)
at com.crm.pom.DwsLoginPage.login_button(DwsLoginPage.java:30)
at com.crm.pom.DwsLoginPage.login_button(DwsLoginPage.java:30)
at com.crm.pom.DwsLoginPage.login_button(DwsLoginPage.java:30)
at com.crm.pom.DwsLoginPage.login_button(DwsLoginPage.java:30)
at com.crm.pom.DwsLoginPage.login_button(DwsLoginPage.java:30)
at com.crm.pom.DwsLoginPage.login_button(DwsLoginPage.java:30)
at com.crm.pom.DwsLoginPage.login_button(DwsLoginPage.java:30)
at com.crm.pom.DwsLoginPage.login_button(DwsLoginPage.java:30)
at com.crm.pom.DwsLoginPage.login_button(DwsLoginPage.java:30)
at com.crm.pom.DwsLoginPage.login_button(DwsLoginPage.java:30)
at com.crm.pom.DwsLoginPage.login_button(DwsLoginPage.java:30)
at com.crm.pom.DwsLoginPage.login_button(DwsLoginPage.java:30)
at com.crm.pom.DwsLoginPage.login_button(DwsLoginPage.java:30)
at com.crm.pom.DwsLoginPage.login_button(DwsLoginPage.java:30)
at com.crm.pom.DwsLoginPage.login_button(DwsLoginPage.java:30)
at com.crm.pom.DwsLoginPage.login_button(DwsLoginPage.java:30)
at com.crm.pom.DwsLoginPage.login_button(DwsLoginPage.java:30)
at com.crm.pom.DwsLoginPage.login_button(DwsLoginPage.java:30)
at com.crm.pom.DwsLoginPage.login_button(DwsLoginPage.java:30)
at com.crm.pom.DwsLoginPage.login_button(DwsLoginPage.java:30)
at com.crm.pom.DwsLoginPage.login_button(DwsLoginPage.java:30)
at com.crm.pom.DwsLoginPage.login_button(DwsLoginPage.java:30)
at com.crm.pom.DwsLoginPage.login_button(DwsLoginPage.java:30)
at com.crm.pom.DwsLoginPage.login_button(DwsLoginPage.java:30)
at com.crm.pom.DwsLoginPage.login_button(DwsLoginPage.java:30)
at com.crm.pom.DwsLoginPage.login_button(DwsLoginPage.java:30)
at com.crm.pom.DwsLoginPage.login_button(DwsLoginPage.java:30)
at com.crm.pom.DwsLoginPage.login_button(DwsLoginPage.java:30)
at com.crm.pom.DwsLoginPage.login_button(DwsLoginPage.java:30)
at com.crm.pom.DwsLoginPage.login_button(DwsLoginPage.java:30)
at com.crm.pom.DwsLoginPage.login_button(DwsLoginPage.java:30)
at com.crm.pom.DwsLoginPage.login_button(DwsLoginPage.java:30)
at com.crm.pom.DwsLoginPage.login_button(DwsLoginPage.java:30)
at com.crm.pom.DwsLoginPage.login_button(DwsLoginPage.java:30)
at com.crm.pom.DwsLoginPage.login_button(DwsLoginPage.java:30)
at com.crm.pom.DwsLoginPage.login_button(DwsLoginPage.java:30)
at com.crm.pom.DwsLoginPage.login_button(DwsLoginPage.java:30)
at com.crm.pom.DwsLoginPage.login_button(DwsLoginPage.java:30)
at com.crm.pom.DwsLoginPage.login_button(DwsLoginPage.java:30)
at com.crm.pom.DwsLoginPage.login_button(DwsLoginPage.java:30)
at com.crm.pom.DwsLoginPage.login_button(DwsLoginPage.java:30)
at com.crm.pom.DwsLoginPage.login_button(DwsLoginPage.java:30)
at com.crm.pom.DwsLoginPage.login_button(DwsLoginPage.java:30)
at com.crm.pom.DwsLoginPage.login_button(DwsLoginPage.java:30)
at com.crm.pom.DwsLoginPage.login_button(DwsLoginPage.java:30)
at com.crm.pom.DwsLoginPage.login_button(DwsLoginPage.java:30)
at com.crm.pom.DwsLoginPage.login_button(DwsLoginPage.java:30)
at com.crm.pom.DwsLoginPage.login_button(DwsLoginPage.java:30)
at com.crm.pom.DwsLoginPage.login_button(DwsLoginPage.java:30)
at com.crm.pom.DwsLoginPage.login_button(DwsLoginPage.java:30)
at com.crm.pom.DwsLoginPage.login_button(DwsLoginPage.java:30)
at com.crm.pom.DwsLoginPage.login_button(DwsLoginPage.java:30)
at com.crm.pom.DwsLoginPage.login_button(DwsLoginPage.java:30)
at com.crm.pom.DwsLoginPage.login_button(DwsLoginPage.java:30)
at com.crm.pom.DwsLoginPage.login_button(DwsLoginPage.java:30)
at com.crm.pom.DwsLoginPage.login_button(DwsLoginPage.java:30)
at com.crm.pom.DwsLoginPage.login_button(DwsLoginPage.java:30)
at com.crm.pom.DwsLoginPage.login_button(DwsLoginPage.java:30)
at com.crm.pom.DwsLoginPage.login_button(DwsLoginPage.java:30)
at com.crm.pom.DwsLoginPage.login_button(DwsLoginPage.java:30)
at com.crm.pom.DwsLoginPage.login_button(DwsLoginPage.java:30)
at com.crm.pom.DwsLoginPage.login_button(DwsLoginPage.java:30)
at com.crm.pom.DwsLoginPage.login_button(DwsLoginPage.java:30)
at com.crm.pom.DwsLoginPage.login_button(DwsLoginPage.java:30)
at com.crm.pom.DwsLoginPage.login_button(DwsLoginPage.java:30)
at com.crm.pom.DwsLoginPage.login_button(DwsLoginPage.java:30)
at com.crm.pom.DwsLoginPage.login_button(DwsLoginPage.java:30)
at com.crm.pom.DwsLoginPage.login_button(DwsLoginPage.java:30)
at com.crm.pom.DwsLoginPage.login_button(DwsLoginPage.java:30)
at com.crm.pom.DwsLoginPage.login_button(DwsLoginPage.java:30)
at com.crm.pom.DwsLoginPage.login_button(DwsLoginPage.java:30)
at com.crm.pom.DwsLoginPage.login_button(DwsLoginPage.java:30)
at com.crm.pom.DwsLoginPage.login_button(DwsLoginPage.java:30)
at com.crm.pom.DwsLoginPage.login_button(DwsLoginPage.java:30)
at com.crm.pom.DwsLoginPage.login_button(DwsLoginPage.java:30)
at com.crm.pom.DwsLoginPage.login_button(DwsLoginPage.java:30)
at com.crm.pom.DwsLoginPage.login_button(DwsLoginPage.java:30)
at com.crm.pom.DwsLoginPage.login_button(DwsLoginPage.java:30)
at com.crm.pom.DwsLoginPage.login_button(DwsLoginPage.java:30)
at com.crm.pom.DwsLoginPage.login_button(DwsLoginPage.java:30)
at com.crm.pom.DwsLoginPage.login_button(DwsLoginPage.java:30)
at com.crm.pom.DwsLoginPage.login_button(DwsLoginPage.java:30)
at com.crm.pom.DwsLoginPage.login_button(DwsLoginPage.java:30)
at com.crm.pom.DwsLoginPage.login_button(DwsLoginPage.java:30)
at com.crm.pom.DwsLoginPage.login_button(DwsLoginPage.java:30)
at com.crm.pom.DwsLoginPage.login_button(DwsLoginPage.java:30)
at com.crm.pom.DwsLoginPage.login_button(DwsLoginPage.java:30)
at com.crm.pom.DwsLoginPage.login_button(DwsLoginPage.java:30)
at com.crm.pom.DwsLoginPage.login_button(DwsLoginPage.java:30)
at com.crm.pom.DwsLoginPage.login_button(DwsLoginPage.java:30)
at com.crm.pom.DwsLoginPage.login_button(DwsLoginPage.java:30)
at com.crm.pom.DwsLoginPage.login_button(DwsLoginPage.java:30)
at com.crm.pom.DwsLoginPage.login_button(DwsLoginPage.java:30)
at com.crm.pom.DwsLoginPage.login_button(DwsLoginPage.java:30)
at com.crm.pom.DwsLoginPage.login_button(DwsLoginPage.java:30)
at com.crm.pom.DwsLoginPage.login_button(DwsLoginPage.java:30)
at com.crm.pom.DwsLoginPage.login_button(DwsLoginPage.java:30)
at com.crm.pom.DwsLoginPage.login_button(DwsLoginPage.java:30)
at com.crm.pom.DwsLoginPage.login_button(DwsLoginPage.java:30)
at com.crm.pom.DwsLoginPage.login_button(DwsLoginPage.java:30)
at com.crm.pom.DwsLoginPage.login_button(DwsLoginPage.java:30)
at com.crm.pom.DwsLoginPage.login_button(DwsLoginPage.java:30)
at com.crm.pom.DwsLoginPage.login_button(DwsLoginPage.java:30)
at com.crm.pom.DwsLoginPage.login_button(DwsLoginPage.java:30)
at com.crm.pom.DwsLoginPage.login_button(DwsLoginPage.java:30)
at com.crm.pom.DwsLoginPage.login_button(DwsLoginPage.java:30)
at com.crm.pom.DwsLoginPage.login_button(DwsLoginPage.java:30)
at com.crm.pom.DwsLoginPage.login_button(DwsLoginPage.java:30)
at com.crm.pom.DwsLoginPage.login_button(DwsLoginPage.java:30)
at com.crm.pom.DwsLoginPage.login_button(DwsLoginPage.java:30)
at com.crm.pom.DwsLoginPage.login_button(DwsLoginPage.java:30)
at com.crm.pom.DwsLoginPage.login_button(DwsLoginPage.java:30)
at com.crm.pom.DwsLoginPage.login_button(DwsLoginPage.java:30)
at com.crm.pom.DwsLoginPage.login_button(DwsLoginPage.java:30)
at com.crm.pom.DwsLoginPage.login_button(DwsLoginPage.java:30)
at com.crm.pom.DwsLoginPage.login_button(DwsLoginPage.java:30)
at com.crm.pom.DwsLoginPage.login_button(DwsLoginPage.java:30)
at com.crm.pom.DwsLoginPage.login_button(DwsLoginPage.java:30)
at com.crm.pom.DwsLoginPage.login_button(DwsLoginPage.java:30)
at com.crm.pom.DwsLoginPage.login_button(DwsLoginPage.java:30)
at com.crm.pom.DwsLoginPage.login_button(DwsLoginPage.java:30)
at com.crm.pom.DwsLoginPage.login_button(DwsLoginPage.java:30)
at com.crm.pom.DwsLoginPage.login_button(DwsLoginPage.java:30)
at com.crm.pom.DwsLoginPage.login_button(DwsLoginPage.java:30)
at com.crm.pom.DwsLoginPage.login_button(DwsLoginPage.java:30)
at com.crm.pom.DwsLoginPage.login_button(DwsLoginPage.java:30)
at com.crm.pom.DwsLoginPage.login_button(DwsLoginPage.java:30)
at com.crm.pom.DwsLoginPage.login_button(DwsLoginPage.java:30)
at com.crm.pom.DwsLoginPage.login_button(DwsLoginPage.java:30)
at com.crm.pom.DwsLoginPage.login_button(DwsLoginPage.java:30)
at com.crm.pom.DwsLoginPage.login_button(DwsLoginPage.java:30)
at com.crm.pom.DwsLoginPage.login_button(DwsLoginPage.java:30)
at com.crm.pom.DwsLoginPage.login_button(DwsLoginPage.java:30)
at com.crm.pom.DwsLoginPage.login_button(DwsLoginPage.java:30)
at com.crm.pom.DwsLoginPage.login_button(DwsLoginPage.java:30)
at com.crm.pom.DwsLoginPage.login_button(DwsLoginPage.java:30)
at com.crm.pom.DwsLoginPage.login_button(DwsLoginPage.java:30)
at com.crm.pom.DwsLoginPage.login_button(DwsLoginPage.java:30)
at com.crm.pom.DwsLoginPage.login_button(DwsLoginPage.java:30)
at com.crm.pom.DwsLoginPage.login_button(DwsLoginPage.java:30)
at com.crm.pom.DwsLoginPage.login_button(DwsLoginPage.java:30)
at com.crm.pom.DwsLoginPage.login_button(DwsLoginPage.java:30)
[...]
at com.crm.pom.DwsLoginPage.login_button(DwsLoginPage.java:30)
at com.crm.pom.DwsLoginPage.login_button(DwsLoginPage.java:30)
at com.crm.pom.DwsLoginPage.login_button(DwsLoginPage.java:30)
at com.crm.pom.DwsLoginPage.login_button(DwsLoginPage.java:30)
at com.crm.pom.DwsLoginPage.login_button(DwsLoginPage.java:30)
at com.crm.pom.DwsLoginPage.login_button(DwsLoginPage.java:30)
at com.crm.pom.DwsLoginPage.login_button(DwsLoginPage.java:30)
at com.crm.pom.DwsLoginPage.login_button(DwsLoginPage.java:30)
at com.crm.pom.DwsLoginPage.login_button(DwsLoginPage.java:30)
at com.crm.pom.DwsLoginPage.login_button(DwsLoginPage.java:30)
at com.crm.pom.DwsLoginPage.login_button(DwsLoginPage.java:30)
at com.crm.pom.DwsLoginPage.login_button(DwsLoginPage.java:30)
at com.crm.pom.DwsLoginPage.login_button(DwsLoginPage.java:30)
at com.crm.pom.DwsLoginPage.login_button(DwsLoginPage.java:30)
at com.crm.pom.DwsLoginPage.login_button(DwsLoginPage.java:30)
at com.crm.pom.DwsLoginPage.login_button(DwsLoginPage.java:30)
at com.crm.pom.DwsLoginPage.login_button(DwsLoginPage.java:30)
at com.crm.pom.DwsLoginPage.login_button(DwsLoginPage.java:30)
at com.crm.pom.DwsLoginPage.login_button(DwsLoginPage.java:30)
at com.crm.pom.DwsLoginPage.login_button(DwsLoginPage.java:30)
at com.crm.pom.DwsLoginPage.login_button(DwsLoginPage.java:30)
at com.crm.pom.DwsLoginPage.login_button(DwsLoginPage.java:30)
at com.crm.pom.DwsLoginPage.login_button(DwsLoginPage.java:30)
at com.crm.pom.DwsLoginPage.login_button(DwsLoginPage.java:30)
at com.crm.pom.DwsLoginPage.login_button(DwsLoginPage.java:30)
at com.crm.pom.DwsLoginPage.login_button(DwsLoginPage.java:30)
at com.crm.pom.DwsLoginPage.login_button(DwsLoginPage.java:30)
at com.crm.pom.DwsLoginPage.login_button(DwsLoginPage.java:30)
at com.crm.pom.DwsLoginPage.login_button(DwsLoginPage.java:30)
at com.crm.pom.DwsLoginPage.login_button(DwsLoginPage.java:30)
at com.crm.pom.DwsLoginPage.login_button(DwsLoginPage.java:30)
at com.crm.pom.DwsLoginPage.login_button(DwsLoginPage.java:30)
at com.crm.pom.DwsLoginPage.login_button(DwsLoginPage.java:30)
at com.crm.pom.DwsLoginPage.login_button(DwsLoginPage.java:30)
at com.crm.pom.DwsLoginPage.login_button(DwsLoginPage.java:30)
at com.crm.pom.DwsLoginPage.login_button(DwsLoginPage.java:30)
at com.crm.pom.DwsLoginPage.login_button(DwsLoginPage.java:30)
at com.crm.pom.DwsLoginPage.login_button(DwsLoginPage.java:30)
at com.crm.pom.DwsLoginPage.login_button(DwsLoginPage.java:30)
at com.crm.pom.DwsLoginPage.login_button(DwsLoginPage.java:30)
at com.crm.pom.DwsLoginPage.login_button(DwsLoginPage.java:30)
at com.crm.pom.DwsLoginPage.login_button(DwsLoginPage.java:30)
at com.crm.pom.DwsLoginPage.login_button(DwsLoginPage.java:30)
at com.crm.pom.DwsLoginPage.login_button(DwsLoginPage.java:30)
at com.crm.pom.DwsLoginPage.login_button(DwsLoginPage.java:30)
at com.crm.pom.DwsLoginPage.login_button(DwsLoginPage.java:30)
at com.crm.pom.DwsLoginPage.login_button(DwsLoginPage.java:30)
at com.crm.pom.DwsLoginPage.login_button(DwsLoginPage.java:30)
at com.crm.pom.DwsLoginPage.login_button(DwsLoginPage.java:30)
at com.crm.pom.DwsLoginPage.login_button(DwsLoginPage.java:30)
at com.crm.pom.DwsLoginPage.login_button(DwsLoginPage.java:30)
at com.crm.pom.DwsLoginPage.login_button(DwsLoginPage.java:30)
at com.crm.pom.DwsLoginPage.login_button(DwsLoginPage.java:30)
at com.crm.pom.DwsLoginPage.login_button(DwsLoginPage.java:30)
at com.crm.pom.DwsLoginPage.login_button(DwsLoginPage.java:30)
at com.crm.pom.DwsLoginPage.login_button(DwsLoginPage.java:30)
at com.crm.pom.DwsLoginPage.login_button(DwsLoginPage.java:30)
at com.crm.pom.DwsLoginPage.login_button(DwsLoginPage.java:30)
at com.crm.pom.DwsLoginPage.login_button(DwsLoginPage.java:30)
at com.crm.pom.DwsLoginPage.login_button(DwsLoginPage.java:30)
at com.crm.pom.DwsLoginPage.login_button(DwsLoginPage.java:30)
at com.crm.pom.DwsLoginPage.login_button(DwsLoginPage.java:30)
at com.crm.pom.DwsLoginPage.login_button(DwsLoginPage.java:30)
at com.crm.pom.DwsLoginPage.login_button(DwsLoginPage.java:30)
at com.crm.pom.DwsLoginPage.login_button(DwsLoginPage.java:30)
at com.crm.pom.DwsLoginPage.login_button(DwsLoginPage.java:30)
at com.crm.pom.DwsLoginPage.login_button(DwsLoginPage.java:30)
at com.crm.pom.DwsLoginPage.login_button(DwsLoginPage.java:30)
at com.crm.pom.DwsLoginPage.login_button(DwsLoginPage.java:30)
at com.crm.pom.DwsLoginPage.login_button(DwsLoginPage.java:30)
at com.crm.pom.DwsLoginPage.login_button(DwsLoginPage.java:30)
at com.crm.pom.DwsLoginPage.login_button(DwsLoginPage.java:30)
at com.crm.pom.DwsLoginPage.login_button(DwsLoginPage.java:30)
at com.crm.pom.DwsLoginPage.login_button(DwsLoginPage.java:30)
at com.crm.pom.DwsLoginPage.login_button(DwsLoginPage.java:30)
at com.crm.pom.DwsLoginPage.login_button(DwsLoginPage.java:30)
at com.crm.pom.DwsLoginPage.login_button(DwsLoginPage.java:30)
at com.crm.pom.DwsLoginPage.login_button(DwsLoginPage.java:30)
at com.crm.pom.DwsLoginPage.login_button(DwsLoginPage.java:30)
at com.crm.pom.DwsLoginPage.login_button(DwsLoginPage.java:30)
at com.crm.pom.DwsLoginPage.login_button(DwsLoginPage.java:30)
at com.crm.pom.DwsLoginPage.login_button(DwsLoginPage.java:30)
at com.crm.pom.DwsLoginPage.login_button(DwsLoginPage.java:30)
at com.crm.pom.DwsLoginPage.login_button(DwsLoginPage.java:30)
at com.crm.pom.DwsLoginPage.login_button(DwsLoginPage.java:30)
at com.crm.pom.DwsLoginPage.login_button(DwsLoginPage.java:30)
at com.crm.pom.DwsLoginPage.login_button(DwsLoginPage.java:30)
at com.crm.pom.DwsLoginPage.login_button(DwsLoginPage.java:30)
at com.crm.pom.DwsLoginPage.login_button(DwsLoginPage.java:30)
at com.crm.pom.DwsLoginPage.login_button(DwsLoginPage.java:30)
at com.crm.pom.DwsLoginPage.login_button(DwsLoginPage.java:30)
at com.crm.pom.DwsLoginPage.login_button(DwsLoginPage.java:30)
at com.crm.pom.DwsLoginPage.login_button(DwsLoginPage.java:30)
at com.crm.pom.DwsLoginPage.login_button(DwsLoginPage.java:30)
at com.crm.pom.DwsLoginPage.login_button(DwsLoginPage.java:30)
at com.crm.pom.DwsLoginPage.login_button(DwsLoginPage.java:30)
at com.crm.pom.DwsLoginPage.login_button(DwsLoginPage.java:30)
at com.crm.pom.DwsLoginPage.login_button(DwsLoginPage.java:30)
at com.crm.pom.DwsLoginPage.login_button(DwsLoginPage.java:30)
at com.crm.pom.DwsLoginPage.login_button(DwsLoginPage.java:30)
at com.crm.pom.DwsLoginPage.login_button(DwsLoginPage.java:30)
at com.crm.pom.DwsLoginPage.login_button(DwsLoginPage.java:30)
at com.crm.pom.DwsLoginPage.login_button(DwsLoginPage.java:30)
at com.crm.pom.DwsLoginPage.login_button(DwsLoginPage.java:30)
at com.crm.pom.DwsLoginPage.login_button(DwsLoginPage.java:30)
at com.crm.pom.DwsLoginPage.login_button(DwsLoginPage.java:30)
at com.crm.pom.DwsLoginPage.login_button(DwsLoginPage.java:30)
at com.crm.pom.DwsLoginPage.login_button(DwsLoginPage.java:30)
at com.crm.pom.DwsLoginPage.login_button(DwsLoginPage.java:30)
at com.crm.pom.DwsLoginPage.login_button(DwsLoginPage.java:30)
at com.crm.pom.DwsLoginPage.login_button(DwsLoginPage.java:30)
at com.crm.pom.DwsLoginPage.login_button(DwsLoginPage.java:30)
at com.crm.pom.DwsLoginPage.login_button(DwsLoginPage.java:30)
at com.crm.pom.DwsLoginPage.login_button(DwsLoginPage.java:30)
at com.crm.pom.DwsLoginPage.login_button(DwsLoginPage.java:30)
at com.crm.pom.DwsLoginPage.login_button(DwsLoginPage.java:30)
at com.crm.pom.DwsLoginPage.login_button(DwsLoginPage.java:30)
at com.crm.pom.DwsLoginPage.login_button(DwsLoginPage.java:30)
at com.crm.pom.DwsLoginPage.login_button(DwsLoginPage.java:30)
at com.crm.pom.DwsLoginPage.login_button(DwsLoginPage.java:30)
at com.crm.pom.DwsLoginPage.login_button(DwsLoginPage.java:30)
at com.crm.pom.DwsLoginPage.login_button(DwsLoginPage.java:30)
at com.crm.pom.DwsLoginPage.login_button(DwsLoginPage.java:30)
at com.crm.pom.DwsLoginPage.login_button(DwsLoginPage.java:30)
at com.crm.pom.DwsLoginPage.login_button(DwsLoginPage.java:30)
at com.crm.pom.DwsLoginPage.login_button(DwsLoginPage.java:30)
at com.crm.pom.DwsLoginPage.login_button(DwsLoginPage.java:30)
at com.crm.pom.DwsLoginPage.login_button(DwsLoginPage.java:30)
at com.crm.pom.DwsLoginPage.login_button(DwsLoginPage.java:30)
at com.crm.pom.DwsLoginPage.login_button(DwsLoginPage.java:30)
at com.crm.pom.DwsLoginPage.login_button(DwsLoginPage.java:30)
at com.crm.pom.DwsLoginPage.login_button(DwsLoginPage.java:30)
at com.crm.pom.DwsLoginPage.login_button(DwsLoginPage.java:30)
at com.crm.pom.DwsLoginPage.login_button(DwsLoginPage.java:30)
at com.crm.pom.DwsLoginPage.login_button(DwsLoginPage.java:30)
at com.crm.pom.DwsLoginPage.login_button(DwsLoginPage.java:30)
at com.crm.pom.DwsLoginPage.login_button(DwsLoginPage.java:30)
at com.crm.pom.DwsLoginPage.login_button(DwsLoginPage.java:30)
at com.crm.pom.DwsLoginPage.login_button(DwsLoginPage.java:30)
at com.crm.pom.DwsLoginPage.login_button(DwsLoginPage.java:30)
at com.crm.pom.DwsLoginPage.login_button(DwsLoginPage.java:30)
at com.crm.pom.DwsLoginPage.login_button(DwsLoginPage.java:30)
at com.crm.pom.DwsLoginPage.login_button(DwsLoginPage.java:30)
at com.crm.pom.DwsLoginPage.login_button(DwsLoginPage.java:30)
at com.crm.pom.DwsLoginPage.login_button(DwsLoginPage.java:30)
at com.crm.pom.DwsLoginPage.login_button(DwsLoginPage.java:30)
at com.crm.pom.DwsLoginPage.login_button(DwsLoginPage.java:30)
at com.crm.pom.DwsLoginPage.login_button(DwsLoginPage.java:30)
at com.crm.pom.DwsLoginPage.login_button(DwsLoginPage.java:30)
at com.crm.pom.DwsLoginPage.login_button(DwsLoginPage.java:30)
at com.crm.pom.DwsLoginPage.login_button(DwsLoginPage.java:30)
at com.crm.pom.DwsLoginPage.login_button(DwsLoginPage.java:30)
at com.crm.pom.DwsLoginPage.login_button(DwsLoginPage.java:30)
at com.crm.pom.DwsLoginPage.login_button(DwsLoginPage.java:30)
at com.crm.pom.DwsLoginPage.login_button(DwsLoginPage.java:30)
at com.crm.pom.DwsLoginPage.login_button(DwsLoginPage.java:30)
at com.crm.pom.DwsLoginPage.login_button(DwsLoginPage.java:30)
at com.crm.pom.DwsLoginPage.login_button(DwsLoginPage.java:30)
at com.crm.pom.DwsLoginPage.login_button(DwsLoginPage.java:30)
at com.crm.pom.DwsLoginPage.login_button(DwsLoginPage.java:30)
at com.crm.pom.DwsLoginPage.login_button(DwsLoginPage.java:30)
at com.crm.pom.DwsLoginPage.login_button(DwsLoginPage.java:30)
at com.crm.pom.DwsLoginPage.login_button(DwsLoginPage.java:30)
at com.crm.pom.DwsLoginPage.login_button(DwsLoginPage.java:30)
at com.crm.pom.DwsLoginPage.login_button(DwsLoginPage.java:30)
at com.crm.pom.DwsLoginPage.login_button(DwsLoginPage.java:30)
at com.crm.pom.DwsLoginPage.login_button(DwsLoginPage.java:30)
at com.crm.pom.DwsLoginPage.login_button(DwsLoginPage.java:30)
at com.crm.pom.DwsLoginPage.login_button(DwsLoginPage.java:30)
at com.crm.pom.DwsLoginPage.login_button(DwsLoginPage.java:30)
at com.crm.pom.DwsLoginPage.login_button(DwsLoginPage.java:30)
at com.crm.pom.DwsLoginPage.login_button(DwsLoginPage.java:30)
at com.crm.pom.DwsLoginPage.login_button(DwsLoginPage.java:30)
at com.crm.pom.DwsLoginPage.login_button(DwsLoginPage.java:30)
at com.crm.pom.DwsLoginPage.login_button(DwsLoginPage.java:30)
at com.crm.pom.DwsLoginPage.login_button(DwsLoginPage.java:30)
at com.crm.pom.DwsLoginPage.login_button(DwsLoginPage.java:30)
at com.crm.pom.DwsLoginPage.login_button(DwsLoginPage.java:30)
at com.crm.pom.DwsLoginPage.login_button(DwsLoginPage.java:30)
at com.crm.pom.DwsLoginPage.login_button(DwsLoginPage.java:30)
at com.crm.pom.DwsLoginPage.login_button(DwsLoginPage.java:30)
at com.crm.pom.DwsLoginPage.login_button(DwsLoginPage.java:30)
at com.crm.pom.DwsLoginPage.login_button(DwsLoginPage.java:30)
at com.crm.pom.DwsLoginPage.login_button(DwsLoginPage.java:30)
at com.crm.pom.DwsLoginPage.login_button(DwsLoginPage.java:30)
at com.crm.pom.DwsLoginPage.login_button(DwsLoginPage.java:30)
at com.crm.pom.DwsLoginPage.login_button(DwsLoginPage.java:30)
at com.crm.pom.DwsLoginPage.login_button(DwsLoginPage.java:30)
at com.crm.pom.DwsLoginPage.login_button(DwsLoginPage.java:30)
at com.crm.pom.DwsLoginPage.login_button(DwsLoginPage.java:30)
at com.crm.pom.DwsLoginPage.login_button(DwsLoginPage.java:30)
at com.crm.pom.DwsLoginPage.login_button(DwsLoginPage.java:30)
at com.crm.pom.DwsLoginPage.login_button(DwsLoginPage.java:30)
at com.crm.pom.DwsLoginPage.login_button(DwsLoginPage.java:30)
at com.crm.pom.DwsLoginPage.login_button(DwsLoginPage.java:30)
at com.crm.pom.DwsLoginPage.login_button(DwsLoginPage.java:30)
at com.crm.pom.DwsLoginPage.login_button(DwsLoginPage.java:30)
at com.crm.pom.DwsLoginPage.login_button(DwsLoginPage.java:30)
at com.crm.pom.DwsLoginPage.login_button(DwsLoginPage.java:30)
at com.crm.pom.DwsLoginPage.login_button(DwsLoginPage.java:30)
at com.crm.pom.DwsLoginPage.login_button(DwsLoginPage.java:30)
at com.crm.pom.DwsLoginPage.login_button(DwsLoginPage.java:30)
at com.crm.pom.DwsLoginPage.login_button(DwsLoginPage.java:30)
at com.crm.pom.DwsLoginPage.login_button(DwsLoginPage.java:30)
at com.crm.pom.DwsLoginPage.login_button(DwsLoginPage.java:30)
at com.crm.pom.DwsLoginPage.login_button(DwsLoginPage.java:30)
at com.crm.pom.DwsLoginPage.login_button(DwsLoginPage.java:30)
at com.crm.pom.DwsLoginPage.login_button(DwsLoginPage.java:30)
at com.crm.pom.DwsLoginPage.login_button(DwsLoginPage.java:30)
at com.crm.pom.DwsLoginPage.login_button(DwsLoginPage.java:30)
at com.crm.pom.DwsLoginPage.login_button(DwsLoginPage.java:30)
at com.crm.pom.DwsLoginPage.login_button(DwsLoginPage.java:30)
at com.crm.pom.DwsLoginPage.login_button(DwsLoginPage.java:30)
at com.crm.pom.DwsLoginPage.login_button(DwsLoginPage.java:30)
at com.crm.pom.DwsLoginPage.login_button(DwsLoginPage.java:30)
at com.crm.pom.DwsLoginPage.login_button(DwsLoginPage.java:30)
at com.crm.pom.DwsLoginPage.login_button(DwsLoginPage.java:30)
at com.crm.pom.DwsLoginPage.login_button(DwsLoginPage.java:30)
at com.crm.pom.DwsLoginPage.login_button(DwsLoginPage.java:30)
at com.crm.pom.DwsLoginPage.login_button(DwsLoginPage.java:30)
at com.crm.pom.DwsLoginPage.login_button(DwsLoginPage.java:30)
at com.crm.pom.DwsLoginPage.login_button(DwsLoginPage.java:30)
at com.crm.pom.DwsLoginPage.login_button(DwsLoginPage.java:30)
at com.crm.pom.DwsLoginPage.login_button(DwsLoginPage.java:30)
at com.crm.pom.DwsLoginPage.login_button(DwsLoginPage.java:30)
at com.crm.pom.DwsLoginPage.login_button(DwsLoginPage.java:30)
at com.crm.pom.DwsLoginPage.login_button(DwsLoginPage.java:30)
at com.crm.pom.DwsLoginPage.login_button(DwsLoginPage.java:30)
at com.crm.pom.DwsLoginPage.login_button(DwsLoginPage.java:30)
at com.crm.pom.DwsLoginPage.login_button(DwsLoginPage.java:30)
at com.crm.pom.DwsLoginPage.login_button(DwsLoginPage.java:30)
at com.crm.pom.DwsLoginPage.login_button(DwsLoginPage.java:30)
at com.crm.pom.DwsLoginPage.login_button(DwsLoginPage.java:30)
at com.crm.pom.DwsLoginPage.login_button(DwsLoginPage.java:30)
at com.crm.pom.DwsLoginPage.login_button(DwsLoginPage.java:30)
at com.crm.pom.DwsLoginPage.login_button(DwsLoginPage.java:30)
at com.crm.pom.DwsLoginPage.login_button(DwsLoginPage.java:30)
at com.crm.pom.DwsLoginPage.login_button(DwsLoginPage.java:30)
at com.crm.pom.DwsLoginPage.login_button(DwsLoginPage.java:30)
at com.crm.pom.DwsLoginPage.login_button(DwsLoginPage.java:30)
at com.crm.pom.DwsLoginPage.login_button(DwsLoginPage.java:30)
at com.crm.pom.DwsLoginPage.login_button(DwsLoginPage.java:30)
at com.crm.pom.DwsLoginPage.login_button(DwsLoginPage.java:30)
at com.crm.pom.DwsLoginPage.login_button(DwsLoginPage.java:30)
at com.crm.pom.DwsLoginPage.login_button(DwsLoginPage.java:30)
at com.crm.pom.DwsLoginPage.login_button(DwsLoginPage.java:30)
at com.crm.pom.DwsLoginPage.login_button(DwsLoginPage.java:30)
at com.crm.pom.DwsLoginPage.login_button(DwsLoginPage.java:30)
at com.crm.pom.DwsLoginPage.login_button(DwsLoginPage.java:30)
at com.crm.pom.DwsLoginPage.login_button(DwsLoginPage.java:30)
at com.crm.pom.DwsLoginPage.login_button(DwsLoginPage.java:30)
at com.crm.pom.DwsLoginPage.login_button(DwsLoginPage.java:30)
at com.crm.pom.DwsLoginPage.login_button(DwsLoginPage.java:30)
at com.crm.pom.DwsLoginPage.login_button(DwsLoginPage.java:30)
at com.crm.pom.DwsLoginPage.login_button(DwsLoginPage.java:30)
at com.crm.pom.DwsLoginPage.login_button(DwsLoginPage.java:30)
at com.crm.pom.DwsLoginPage.login_button(DwsLoginPage.java:30)
at com.crm.pom.DwsLoginPage.login_button(DwsLoginPage.java:30)
at com.crm.pom.DwsLoginPage.login_button(DwsLoginPage.java:30)
at com.crm.pom.DwsLoginPage.login_button(DwsLoginPage.java:30)
at com.crm.pom.DwsLoginPage.login_button(DwsLoginPage.java:30)
at com.crm.pom.DwsLoginPage.login_button(DwsLoginPage.java:30)
at com.crm.pom.DwsLoginPage.login_button(DwsLoginPage.java:30)
at com.crm.pom.DwsLoginPage.login_button(DwsLoginPage.java:30)
at com.crm.pom.DwsLoginPage.login_button(DwsLoginPage.java:30)
at com.crm.pom.DwsLoginPage.login_button(DwsLoginPage.java:30)
at com.crm.pom.DwsLoginPage.login_button(DwsLoginPage.java:30)
at com.crm.pom.DwsLoginPage.login_button(DwsLoginPage.java:30)
at com.crm.pom.DwsLoginPage.login_button(DwsLoginPage.java:30)
at com.crm.pom.DwsLoginPage.login_button(DwsLoginPage.java:30)
at com.crm.pom.DwsLoginPage.login_button(DwsLoginPage.java:30)
at com.crm.pom.DwsLoginPage.login_button(DwsLoginPage.java:30)
at com.crm.pom.DwsLoginPage.login_button(DwsLoginPage.java:30)
at com.crm.pom.DwsLoginPage.login_button(DwsLoginPage.java:30)
at com.crm.pom.DwsLoginPage.login_button(DwsLoginPage.java:30)
at com.crm.pom.DwsLoginPage.login_button(DwsLoginPage.java:30)
at com.crm.pom.DwsLoginPage.login_button(DwsLoginPage.java:30)
at com.crm.pom.DwsLoginPage.login_button(DwsLoginPage.java:30)
at com.crm.pom.DwsLoginPage.login_button(DwsLoginPage.java:30)
at com.crm.pom.DwsLoginPage.login_button(DwsLoginPage.java:30)
at com.crm.pom.DwsLoginPage.login_button(DwsLoginPage.java:30)
at com.crm.pom.DwsLoginPage.login_button(DwsLoginPage.java:30)
at com.crm.pom.DwsLoginPage.login_button(DwsLoginPage.java:30)
at com.crm.pom.DwsLoginPage.login_button(DwsLoginPage.java:30)
at com.crm.pom.DwsLoginPage.login_button(DwsLoginPage.java:30)
at com.crm.pom.DwsLoginPage.login_button(DwsLoginPage.java:30)
at com.crm.pom.DwsLoginPage.login_button(DwsLoginPage.java:30)
at com.crm.pom.DwsLoginPage.login_button(DwsLoginPage.java:30)
at com.crm.pom.DwsLoginPage.login_button(DwsLoginPage.java:30)
at com.crm.pom.DwsLoginPage.login_button(DwsLoginPage.java:30)
at com.crm.pom.DwsLoginPage.login_button(DwsLoginPage.java:30)
at com.crm.pom.DwsLoginPage.login_button(DwsLoginPage.java:30)
at com.crm.pom.DwsLoginPage.login_button(DwsLoginPage.java:30)
at com.crm.pom.DwsLoginPage.login_button(DwsLoginPage.java:30)
at com.crm.pom.DwsLoginPage.login_button(DwsLoginPage.java:30)
at com.crm.pom.DwsLoginPage.login_button(DwsLoginPage.java:30)
at com.crm.pom.DwsLoginPage.login_button(DwsLoginPage.java:30)
at com.crm.pom.DwsLoginPage.login_button(DwsLoginPage.java:30)
at com.crm.pom.DwsLoginPage.login_button(DwsLoginPage.java:30)
at com.crm.pom.DwsLoginPage.login_button(DwsLoginPage.java:30)
at com.crm.pom.DwsLoginPage.login_button(DwsLoginPage.java:30)
at com.crm.pom.DwsLoginPage.login_button(DwsLoginPage.java:30)
at com.crm.pom.DwsLoginPage.login_button(DwsLoginPage.java:30)
at com.crm.pom.DwsLoginPage.login_button(DwsLoginPage.java:30)
at com.crm.pom.DwsLoginPage.login_button(DwsLoginPage.java:30)
at com.crm.pom.DwsLoginPage.login_button(DwsLoginPage.java:30)
at com.crm.pom.DwsLoginPage.login_button(DwsLoginPage.java:30)
at com.crm.pom.DwsLoginPage.login_button(DwsLoginPage.java:30)
]]>
    </error>
  </testcase> <!-- dwsLoginWrong -->
  <testcase classname="com.crm.listernersCode.ExtentReportWithScreenShot" name="redBus" time="0.000">
    <skipped/>
  </testcase> <!-- redBus -->
</testsuite> <!-- com.crm.listernersCode.ExtentReportWithScreenShot -->
